2025-06-18 13:40:21,446 - INFO - 日志系统初始化完成: c:\Users\q8476\Documents\我的工作\Day_汉化\logs\day_translation_20250618_134021.log
2025-06-18 13:40:21,447 - INFO - 已加载用户配置
2025-06-18 13:40:21,947 - INFO - 启动主工作流
2025-06-18 13:40:34,574 - INFO - 开始提取模板: output_dir=提取的翻译, en_keyed_dir=None, auto_choose_definjected=False
2025-06-18 13:40:34,574 - INFO - 开始提取翻译数据并生成模板
2025-06-18 13:40:34,574 - INFO - 处理翻译提取: mod_dir=C:\Program Files (x86)\Steam\steamapps\common\RimWorld\Mods\rjw\1.5, export_dir=提取的翻译
2025-06-18 13:40:34,576 - INFO - 未找到英文 DefInjected C:\Program Files (x86)\Steam\steamapps\common\RimWorld\Mods\rjw\1.5\Languages\English\DefInjected，从 Defs 提取
2025-06-18 13:40:35,168 - INFO - 正在生成中文 Keyed 翻译模板...
2025-06-18 13:40:35,194 - INFO - 保存 XML 文件: C:\Users\q8476\Documents\我的工作\Day_汉化\提取的翻译\Languages\ChineseSimplified\Keyed\Hediff_InsectEgg.xml
2025-06-18 13:40:35,194 - INFO - 生成 Keyed 模板: Hediff_InsectEgg.xml[0m
2025-06-18 13:40:35,197 - INFO - 保存 XML 文件: C:\Users\q8476\Documents\我的工作\Day_汉化\提取的翻译\Languages\ChineseSimplified\Keyed\RimJobWorldKeys.xml
2025-06-18 13:40:35,197 - INFO - 生成 Keyed 模板: RimJobWorldKeys.xml[0m
2025-06-18 13:40:35,199 - INFO - 保存 XML 文件: C:\Users\q8476\Documents\我的工作\Day_汉化\提取的翻译\Languages\ChineseSimplified\Keyed\RJWMainTab.xml
2025-06-18 13:40:35,199 - INFO - 生成 Keyed 模板: RJWMainTab.xml[0m
2025-06-18 13:40:35,201 - INFO - 保存 XML 文件: C:\Users\q8476\Documents\我的工作\Day_汉化\提取的翻译\Languages\ChineseSimplified\Keyed\RMB.xml
2025-06-18 13:40:35,201 - INFO - 生成 Keyed 模板: RMB.xml[0m
2025-06-18 13:40:35,207 - INFO - 保存 XML 文件: C:\Users\q8476\Documents\我的工作\Day_汉化\提取的翻译\Languages\ChineseSimplified\Keyed\SettingsKeys.xml
2025-06-18 13:40:35,207 - INFO - 生成 Keyed 模板: SettingsKeys.xml[0m
2025-06-18 13:40:35,209 - INFO - 保存 XML 文件: C:\Users\q8476\Documents\我的工作\Day_汉化\提取的翻译\Languages\ChineseSimplified\Keyed\SexGizmo.xml
2025-06-18 13:40:35,209 - INFO - 生成 Keyed 模板: SexGizmo.xml[0m
2025-06-18 13:40:35,211 - INFO - 保存 XML 文件: C:\Users\q8476\Documents\我的工作\Day_汉化\提取的翻译\Languages\ChineseSimplified\Keyed\SexualityCardKeys.xml
2025-06-18 13:40:35,211 - INFO - 生成 Keyed 模板: SexualityCardKeys.xml[0m
2025-06-18 13:40:35,211 - INFO - 生成 541 条 Keyed 模板到 提取的翻译\Languages\ChineseSimplified\Keyed
2025-06-18 13:40:35,212 - INFO - 按Defs结构导出 DefInjected: mod_dir=C:\Program Files (x86)\Steam\steamapps\common\RimWorld\Mods\rjw\1.5, translations_count=1590
2025-06-18 13:40:43,621 - INFO - 选择智能合并模式
2025-06-18 13:40:43,624 - INFO - 按文件分组完成: 190 个文件
2025-06-18 13:40:43,626 - INFO - 保存 XML 文件: C:\Users\q8476\Documents\我的工作\Day_汉化\提取的翻译\Languages\ChineseSimplified\DefInjected\ApparelLayerDefDefs\ApparelLayerDefs.xml
2025-06-18 13:40:43,627 - INFO - 创建新的XML翻译文件: C:\Users\q8476\Documents\我的工作\Day_汉化\提取的翻译\Languages\ChineseSimplified\DefInjected\ApparelLayerDefDefs\ApparelLayerDefs.xml, 包含 6 个翻译
2025-06-18 13:40:43,630 - INFO - 保存 XML 文件: C:\Users\q8476\Documents\我的工作\Day_汉化\提取的翻译\Languages\ChineseSimplified\DefInjected\BackstoryDefDefs\rjw_child.xml
2025-06-18 13:40:43,630 - INFO - 创建新的XML翻译文件: C:\Users\q8476\Documents\我的工作\Day_汉化\提取的翻译\Languages\ChineseSimplified\DefInjected\BackstoryDefDefs\rjw_child.xml, 包含 6 个翻译
2025-06-18 13:40:43,633 - INFO - 保存 XML 文件: C:\Users\q8476\Documents\我的工作\Day_汉化\提取的翻译\Languages\ChineseSimplified\DefInjected\BackstoryDefDefs\rjw_nymphs.xml
2025-06-18 13:40:43,634 - INFO - 创建新的XML翻译文件: C:\Users\q8476\Documents\我的工作\Day_汉化\提取的翻译\Languages\ChineseSimplified\DefInjected\BackstoryDefDefs\rjw_nymphs.xml, 包含 21 个翻译
2025-06-18 13:40:43,637 - INFO - 保存 XML 文件: C:\Users\q8476\Documents\我的工作\Day_汉化\提取的翻译\Languages\ChineseSimplified\DefInjected\BodyPartGroupDefDefs\BodyPartGroups.xml
2025-06-18 13:40:43,637 - INFO - 创建新的XML翻译文件: C:\Users\q8476\Documents\我的工作\Day_汉化\提取的翻译\Languages\ChineseSimplified\DefInjected\BodyPartGroupDefDefs\BodyPartGroups.xml, 包含 3 个翻译
2025-06-18 13:40:43,641 - INFO - 保存 XML 文件: C:\Users\q8476\Documents\我的工作\Day_汉化\提取的翻译\Languages\ChineseSimplified\DefInjected\BodyPartDefDefs\BodyParts_Humanlike.xml
2025-06-18 13:40:43,642 - INFO - 创建新的XML翻译文件: C:\Users\q8476\Documents\我的工作\Day_汉化\提取的翻译\Languages\ChineseSimplified\DefInjected\BodyPartDefDefs\BodyParts_Humanlike.xml, 包含 3 个翻译
2025-06-18 13:40:43,645 - INFO - 保存 XML 文件: C:\Users\q8476\Documents\我的工作\Day_汉化\提取的翻译\Languages\ChineseSimplified\DefInjected\BodyPartDefDefs\BodyParts_Mech.xml
2025-06-18 13:40:43,645 - INFO - 创建新的XML翻译文件: C:\Users\q8476\Documents\我的工作\Day_汉化\提取的翻译\Languages\ChineseSimplified\DefInjected\BodyPartDefDefs\BodyParts_Mech.xml, 包含 1 个翻译
2025-06-18 13:40:43,648 - INFO - 保存 XML 文件: C:\Users\q8476\Documents\我的工作\Day_汉化\提取的翻译\Languages\ChineseSimplified\DefInjected\BodyPartTagDefDefs\BodyPartTags_FertilitySource.xml
2025-06-18 13:40:43,648 - INFO - 创建新的XML翻译文件: C:\Users\q8476\Documents\我的工作\Day_汉化\提取的翻译\Languages\ChineseSimplified\DefInjected\BodyPartTagDefDefs\BodyPartTags_FertilitySource.xml, 包含 2 个翻译
2025-06-18 13:40:43,650 - INFO - 保存 XML 文件: C:\Users\q8476\Documents\我的工作\Day_汉化\提取的翻译\Languages\ChineseSimplified\DefInjected\PartSizeConfigDefDefs\PartSizeConfigs.xml
2025-06-18 13:40:43,650 - INFO - 创建新的XML翻译文件: C:\Users\q8476\Documents\我的工作\Day_汉化\提取的翻译\Languages\ChineseSimplified\DefInjected\PartSizeConfigDefDefs\PartSizeConfigs.xml, 包含 4 个翻译
2025-06-18 13:40:43,652 - INFO - 保存 XML 文件: C:\Users\q8476\Documents\我的工作\Day_汉化\提取的翻译\Languages\ChineseSimplified\DefInjected\ThingDefDefs\Aphrodisiac.xml
2025-06-18 13:40:43,652 - INFO - 创建新的XML翻译文件: C:\Users\q8476\Documents\我的工作\Day_汉化\提取的翻译\Languages\ChineseSimplified\DefInjected\ThingDefDefs\Aphrodisiac.xml, 包含 2 个翻译
2025-06-18 13:40:43,655 - INFO - 保存 XML 文件: C:\Users\q8476\Documents\我的工作\Day_汉化\提取的翻译\Languages\ChineseSimplified\DefInjected\ThingDefDefs\Contraceptive.xml
2025-06-18 13:40:43,655 - INFO - 创建新的XML翻译文件: C:\Users\q8476\Documents\我的工作\Day_汉化\提取的翻译\Languages\ChineseSimplified\DefInjected\ThingDefDefs\Contraceptive.xml, 包含 3 个翻译
2025-06-18 13:40:43,658 - INFO - 保存 XML 文件: C:\Users\q8476\Documents\我的工作\Day_汉化\提取的翻译\Languages\ChineseSimplified\DefInjected\ThingDefDefs\FertPill.xml
2025-06-18 13:40:43,659 - INFO - 创建新的XML翻译文件: C:\Users\q8476\Documents\我的工作\Day_汉化\提取的翻译\Languages\ChineseSimplified\DefInjected\ThingDefDefs\FertPill.xml, 包含 3 个翻译
2025-06-18 13:40:43,661 - INFO - 保存 XML 文件: C:\Users\q8476\Documents\我的工作\Day_汉化\提取的翻译\Languages\ChineseSimplified\DefInjected\ThingDefDefs\Humpshroom.xml
2025-06-18 13:40:43,661 - INFO - 创建新的XML翻译文件: C:\Users\q8476\Documents\我的工作\Day_汉化\提取的翻译\Languages\ChineseSimplified\DefInjected\ThingDefDefs\Humpshroom.xml, 包含 17 个翻译
2025-06-18 13:40:43,664 - INFO - 保存 XML 文件: C:\Users\q8476\Documents\我的工作\Day_汉化\提取的翻译\Languages\ChineseSimplified\DefInjected\HediffDefDefs\Hediffs_Bondage.xml
2025-06-18 13:40:43,664 - INFO - 创建新的XML翻译文件: C:\Users\q8476\Documents\我的工作\Day_汉化\提取的翻译\Languages\ChineseSimplified\DefInjected\HediffDefDefs\Hediffs_Bondage.xml, 包含 15 个翻译
2025-06-18 13:40:43,666 - INFO - 保存 XML 文件: C:\Users\q8476\Documents\我的工作\Day_汉化\提取的翻译\Languages\ChineseSimplified\DefInjected\HediffDef_InsectEggDefs\Hediffs_EnemyImplants.xml
2025-06-18 13:40:43,666 - INFO - 创建新的XML翻译文件: C:\Users\q8476\Documents\我的工作\Day_汉化\提取的翻译\Languages\ChineseSimplified\DefInjected\HediffDef_InsectEggDefs\Hediffs_EnemyImplants.xml, 包含 3 个翻译
2025-06-18 13:40:43,668 - INFO - 保存 XML 文件: C:\Users\q8476\Documents\我的工作\Day_汉化\提取的翻译\Languages\ChineseSimplified\DefInjected\HediffDefDefs\Hediffs_FeelingBroken.xml
2025-06-18 13:40:43,669 - INFO - 创建新的XML翻译文件: C:\Users\q8476\Documents\我的工作\Day_汉化\提取的翻译\Languages\ChineseSimplified\DefInjected\HediffDefDefs\Hediffs_FeelingBroken.xml, 包含 6 个翻译
2025-06-18 13:40:43,671 - INFO - 保存 XML 文件: C:\Users\q8476\Documents\我的工作\Day_汉化\提取的翻译\Languages\ChineseSimplified\DefInjected\HediffDefDefs\Hediffs_Fertility.xml
2025-06-18 13:40:43,672 - INFO - 创建新的XML翻译文件: C:\Users\q8476\Documents\我的工作\Day_汉化\提取的翻译\Languages\ChineseSimplified\DefInjected\HediffDefDefs\Hediffs_Fertility.xml, 包含 10 个翻译
2025-06-18 13:40:43,674 - INFO - 保存 XML 文件: C:\Users\q8476\Documents\我的工作\Day_汉化\提取的翻译\Languages\ChineseSimplified\DefInjected\HediffDefDefs\Hediffs_MCEvents.xml
2025-06-18 13:40:43,674 - INFO - 创建新的XML翻译文件: C:\Users\q8476\Documents\我的工作\Day_汉化\提取的翻译\Languages\ChineseSimplified\DefInjected\HediffDefDefs\Hediffs_MCEvents.xml, 包含 7 个翻译
2025-06-18 13:40:43,677 - INFO - 保存 XML 文件: C:\Users\q8476\Documents\我的工作\Day_汉化\提取的翻译\Languages\ChineseSimplified\DefInjected\HediffDefDefs\Hediffs_Other.xml
2025-06-18 13:40:43,677 - INFO - 创建新的XML翻译文件: C:\Users\q8476\Documents\我的工作\Day_汉化\提取的翻译\Languages\ChineseSimplified\DefInjected\HediffDefDefs\Hediffs_Other.xml, 包含 3 个翻译
2025-06-18 13:40:43,679 - INFO - 保存 XML 文件: C:\Users\q8476\Documents\我的工作\Day_汉化\提取的翻译\Languages\ChineseSimplified\DefInjected\HediffDefDefs\Hediffs_Paraphilia.xml
2025-06-18 13:40:43,679 - INFO - 创建新的XML翻译文件: C:\Users\q8476\Documents\我的工作\Day_汉化\提取的翻译\Languages\ChineseSimplified\DefInjected\HediffDefDefs\Hediffs_Paraphilia.xml, 包含 8 个翻译
2025-06-18 13:40:43,681 - INFO - 保存 XML 文件: C:\Users\q8476\Documents\我的工作\Day_汉化\提取的翻译\Languages\ChineseSimplified\DefInjected\HediffDefDefs\Hediffs_SimpleBaby.xml
2025-06-18 13:40:43,682 - INFO - 创建新的XML翻译文件: C:\Users\q8476\Documents\我的工作\Day_汉化\提取的翻译\Languages\ChineseSimplified\DefInjected\HediffDefDefs\Hediffs_SimpleBaby.xml, 包含 7 个翻译
2025-06-18 13:40:43,684 - INFO - 保存 XML 文件: C:\Users\q8476\Documents\我的工作\Day_汉化\提取的翻译\Languages\ChineseSimplified\DefInjected\HediffDefDefs\Hediffs_Sterilized.xml
2025-06-18 13:40:43,684 - INFO - 创建新的XML翻译文件: C:\Users\q8476\Documents\我的工作\Day_汉化\提取的翻译\Languages\ChineseSimplified\DefInjected\HediffDefDefs\Hediffs_Sterilized.xml, 包含 2 个翻译
2025-06-18 13:40:43,686 - INFO - 保存 XML 文件: C:\Users\q8476\Documents\我的工作\Day_汉化\提取的翻译\Languages\ChineseSimplified\DefInjected\HediffDefDefs\Hediffs_Submitting.xml
2025-06-18 13:40:43,686 - INFO - 创建新的XML翻译文件: C:\Users\q8476\Documents\我的工作\Day_汉化\提取的翻译\Languages\ChineseSimplified\DefInjected\HediffDefDefs\Hediffs_Submitting.xml, 包含 4 个翻译
2025-06-18 13:40:43,689 - INFO - 保存 XML 文件: C:\Users\q8476\Documents\我的工作\Day_汉化\提取的翻译\Languages\ChineseSimplified\DefInjected\HediffDefDefs\Hediffs_Transgender.xml
2025-06-18 13:40:43,690 - INFO - 创建新的XML翻译文件: C:\Users\q8476\Documents\我的工作\Day_汉化\提取的翻译\Languages\ChineseSimplified\DefInjected\HediffDefDefs\Hediffs_Transgender.xml, 包含 16 个翻译
2025-06-18 13:40:43,692 - INFO - 保存 XML 文件: C:\Users\q8476\Documents\我的工作\Day_汉化\提取的翻译\Languages\ChineseSimplified\DefInjected\HistoryEventDefDefs\HistoryEventDefs.xml
2025-06-18 13:40:43,692 - INFO - 创建新的XML翻译文件: C:\Users\q8476\Documents\我的工作\Day_汉化\提取的翻译\Languages\ChineseSimplified\DefInjected\HistoryEventDefDefs\HistoryEventDefs.xml, 包含 1 个翻译
2025-06-18 13:40:43,695 - INFO - 保存 XML 文件: C:\Users\q8476\Documents\我的工作\Day_汉化\提取的翻译\Languages\ChineseSimplified\DefInjected\IncidentDefDefs\Incidents_Nymph.xml
2025-06-18 13:40:43,695 - INFO - 创建新的XML翻译文件: C:\Users\q8476\Documents\我的工作\Day_汉化\提取的翻译\Languages\ChineseSimplified\DefInjected\IncidentDefDefs\Incidents_Nymph.xml, 包含 4 个翻译
2025-06-18 13:40:43,698 - INFO - 保存 XML 文件: C:\Users\q8476\Documents\我的工作\Day_汉化\提取的翻译\Languages\ChineseSimplified\DefInjected\InteractionDefDefs\Interactions_Dialogue.xml
2025-06-18 13:40:43,698 - INFO - 创建新的XML翻译文件: C:\Users\q8476\Documents\我的工作\Day_汉化\提取的翻译\Languages\ChineseSimplified\DefInjected\InteractionDefDefs\Interactions_Dialogue.xml, 包含 33 个翻译
2025-06-18 13:40:43,700 - INFO - 保存 XML 文件: C:\Users\q8476\Documents\我的工作\Day_汉化\提取的翻译\Languages\ChineseSimplified\DefInjected\InteractionDefDefs\RJW_Interaction template.xml
2025-06-18 13:40:43,700 - INFO - 创建新的XML翻译文件: C:\Users\q8476\Documents\我的工作\Day_汉化\提取的翻译\Languages\ChineseSimplified\DefInjected\InteractionDefDefs\RJW_Interaction template.xml, 包含 3 个翻译
2025-06-18 13:40:43,702 - INFO - 保存 XML 文件: C:\Users\q8476\Documents\我的工作\Day_汉化\提取的翻译\Languages\ChineseSimplified\DefInjected\JobDefDefs\Jobs_Bestiality.xml
2025-06-18 13:40:43,702 - INFO - 创建新的XML翻译文件: C:\Users\q8476\Documents\我的工作\Day_汉化\提取的翻译\Languages\ChineseSimplified\DefInjected\JobDefDefs\Jobs_Bestiality.xml, 包含 5 个翻译
2025-06-18 13:40:43,705 - INFO - 保存 XML 文件: C:\Users\q8476\Documents\我的工作\Day_汉化\提取的翻译\Languages\ChineseSimplified\DefInjected\JobDefDefs\Jobs_Biotech.xml
2025-06-18 13:40:43,705 - INFO - 创建新的XML翻译文件: C:\Users\q8476\Documents\我的工作\Day_汉化\提取的翻译\Languages\ChineseSimplified\DefInjected\JobDefDefs\Jobs_Biotech.xml, 包含 1 个翻译
2025-06-18 13:40:43,708 - INFO - 保存 XML 文件: C:\Users\q8476\Documents\我的工作\Day_汉化\提取的翻译\Languages\ChineseSimplified\DefInjected\JobDefDefs\Jobs_Bondage.xml
2025-06-18 13:40:43,708 - INFO - 创建新的XML翻译文件: C:\Users\q8476\Documents\我的工作\Day_汉化\提取的翻译\Languages\ChineseSimplified\DefInjected\JobDefDefs\Jobs_Bondage.xml, 包含 3 个翻译
2025-06-18 13:40:43,710 - INFO - 保存 XML 文件: C:\Users\q8476\Documents\我的工作\Day_汉化\提取的翻译\Languages\ChineseSimplified\DefInjected\JobDefDefs\Jobs_Knotted.xml
2025-06-18 13:40:43,710 - INFO - 创建新的XML翻译文件: C:\Users\q8476\Documents\我的工作\Day_汉化\提取的翻译\Languages\ChineseSimplified\DefInjected\JobDefDefs\Jobs_Knotted.xml, 包含 1 个翻译
2025-06-18 13:40:43,712 - INFO - 保存 XML 文件: C:\Users\q8476\Documents\我的工作\Day_汉化\提取的翻译\Languages\ChineseSimplified\DefInjected\JobDefDefs\Jobs_Masturbate.xml
2025-06-18 13:40:43,713 - INFO - 创建新的XML翻译文件: C:\Users\q8476\Documents\我的工作\Day_汉化\提取的翻译\Languages\ChineseSimplified\DefInjected\JobDefDefs\Jobs_Masturbate.xml, 包含 1 个翻译
2025-06-18 13:40:43,715 - INFO - 保存 XML 文件: C:\Users\q8476\Documents\我的工作\Day_汉化\提取的翻译\Languages\ChineseSimplified\DefInjected\JobDefDefs\Jobs_Necro.xml
2025-06-18 13:40:43,715 - INFO - 创建新的XML翻译文件: C:\Users\q8476\Documents\我的工作\Day_汉化\提取的翻译\Languages\ChineseSimplified\DefInjected\JobDefDefs\Jobs_Necro.xml, 包含 1 个翻译
2025-06-18 13:40:43,717 - INFO - 保存 XML 文件: C:\Users\q8476\Documents\我的工作\Day_汉化\提取的翻译\Languages\ChineseSimplified\DefInjected\JobDefDefs\Jobs_Quickie.xml
2025-06-18 13:40:43,717 - INFO - 创建新的XML翻译文件: C:\Users\q8476\Documents\我的工作\Day_汉化\提取的翻译\Languages\ChineseSimplified\DefInjected\JobDefDefs\Jobs_Quickie.xml, 包含 2 个翻译
2025-06-18 13:40:43,723 - INFO - 保存 XML 文件: C:\Users\q8476\Documents\我的工作\Day_汉化\提取的翻译\Languages\ChineseSimplified\DefInjected\JobDefDefs\Jobs_Rape.xml
2025-06-18 13:40:43,723 - INFO - 创建新的XML翻译文件: C:\Users\q8476\Documents\我的工作\Day_汉化\提取的翻译\Languages\ChineseSimplified\DefInjected\JobDefDefs\Jobs_Rape.xml, 包含 8 个翻译
2025-06-18 13:40:43,726 - INFO - 保存 XML 文件: C:\Users\q8476\Documents\我的工作\Day_汉化\提取的翻译\Languages\ChineseSimplified\DefInjected\JobDefDefs\Jobs_Sex.xml
2025-06-18 13:40:43,726 - INFO - 创建新的XML翻译文件: C:\Users\q8476\Documents\我的工作\Day_汉化\提取的翻译\Languages\ChineseSimplified\DefInjected\JobDefDefs\Jobs_Sex.xml, 包含 4 个翻译
2025-06-18 13:40:43,730 - INFO - 保存 XML 文件: C:\Users\q8476\Documents\我的工作\Day_汉化\提取的翻译\Languages\ChineseSimplified\DefInjected\MeditationFocusDefDefs\MeditationFocuses.xml
2025-06-18 13:40:43,730 - INFO - 创建新的XML翻译文件: C:\Users\q8476\Documents\我的工作\Day_汉化\提取的翻译\Languages\ChineseSimplified\DefInjected\MeditationFocusDefDefs\MeditationFocuses.xml, 包含 1 个翻译
2025-06-18 13:40:43,733 - INFO - 保存 XML 文件: C:\Users\q8476\Documents\我的工作\Day_汉化\提取的翻译\Languages\ChineseSimplified\DefInjected\SexualMentalStateDefDefs\MentalState_Rape.xml
2025-06-18 13:40:43,733 - INFO - 创建新的XML翻译文件: C:\Users\q8476\Documents\我的工作\Day_汉化\提取的翻译\Languages\ChineseSimplified\DefInjected\SexualMentalStateDefDefs\MentalState_Rape.xml, 包含 1 个翻译
2025-06-18 13:40:43,736 - INFO - 保存 XML 文件: C:\Users\q8476\Documents\我的工作\Day_汉化\提取的翻译\Languages\ChineseSimplified\DefInjected\StatCategoryDefDefs\StatCategoryDefs.xml
2025-06-18 13:40:43,736 - INFO - 创建新的XML翻译文件: C:\Users\q8476\Documents\我的工作\Day_汉化\提取的翻译\Languages\ChineseSimplified\DefInjected\StatCategoryDefDefs\StatCategoryDefs.xml, 包含 1 个翻译
2025-06-18 13:40:43,740 - INFO - 保存 XML 文件: C:\Users\q8476\Documents\我的工作\Day_汉化\提取的翻译\Languages\ChineseSimplified\DefInjected\MiscTranslationDefDefs\MiscTranslationDefs.xml
2025-06-18 13:40:43,740 - INFO - 创建新的XML翻译文件: C:\Users\q8476\Documents\我的工作\Day_汉化\提取的翻译\Languages\ChineseSimplified\DefInjected\MiscTranslationDefDefs\MiscTranslationDefs.xml, 包含 12 个翻译
2025-06-18 13:40:43,743 - INFO - 保存 XML 文件: C:\Users\q8476\Documents\我的工作\Day_汉化\提取的翻译\Languages\ChineseSimplified\DefInjected\NeedDefDefs\Needs_Sex.xml
2025-06-18 13:40:43,743 - INFO - 创建新的XML翻译文件: C:\Users\q8476\Documents\我的工作\Day_汉化\提取的翻译\Languages\ChineseSimplified\DefInjected\NeedDefDefs\Needs_Sex.xml, 包含 2 个翻译
2025-06-18 13:40:43,746 - INFO - 保存 XML 文件: C:\Users\q8476\Documents\我的工作\Day_汉化\提取的翻译\Languages\ChineseSimplified\DefInjected\PawnCapacityDefDefs\PawnCapacity_Fertility.xml
2025-06-18 13:40:43,746 - INFO - 创建新的XML翻译文件: C:\Users\q8476\Documents\我的工作\Day_汉化\提取的翻译\Languages\ChineseSimplified\DefInjected\PawnCapacityDefDefs\PawnCapacity_Fertility.xml, 包含 1 个翻译
2025-06-18 13:40:43,749 - INFO - 保存 XML 文件: C:\Users\q8476\Documents\我的工作\Day_汉化\提取的翻译\Languages\ChineseSimplified\DefInjected\PawnKindDefDefs\PawnKind_Nymph.xml
2025-06-18 13:40:43,749 - INFO - 创建新的XML翻译文件: C:\Users\q8476\Documents\我的工作\Day_汉化\提取的翻译\Languages\ChineseSimplified\DefInjected\PawnKindDefDefs\PawnKind_Nymph.xml, 包含 1 个翻译
2025-06-18 13:40:43,752 - INFO - 保存 XML 文件: C:\Users\q8476\Documents\我的工作\Day_汉化\提取的翻译\Languages\ChineseSimplified\DefInjected\PawnRelationDefDefs\PawnRelations_Beast.xml
2025-06-18 13:40:43,752 - INFO - 创建新的XML翻译文件: C:\Users\q8476\Documents\我的工作\Day_汉化\提取的翻译\Languages\ChineseSimplified\DefInjected\PawnRelationDefDefs\PawnRelations_Beast.xml, 包含 16 个翻译
2025-06-18 13:40:43,756 - INFO - 保存 XML 文件: C:\Users\q8476\Documents\我的工作\Day_汉化\提取的翻译\Languages\ChineseSimplified\DefInjected\SexFluidDefDefs\CustomRaceParts.xml
2025-06-18 13:40:43,756 - INFO - 创建新的XML翻译文件: C:\Users\q8476\Documents\我的工作\Day_汉化\提取的翻译\Languages\ChineseSimplified\DefInjected\SexFluidDefDefs\CustomRaceParts.xml, 包含 1 个翻译
2025-06-18 13:40:43,759 - INFO - 保存 XML 文件: C:\Users\q8476\Documents\我的工作\Day_汉化\提取的翻译\Languages\ChineseSimplified\DefInjected\RecipeDefDefs\Recipes_Abortion.xml
2025-06-18 13:40:43,759 - INFO - 创建新的XML翻译文件: C:\Users\q8476\Documents\我的工作\Day_汉化\提取的翻译\Languages\ChineseSimplified\DefInjected\RecipeDefDefs\Recipes_Abortion.xml, 包含 5 个翻译
2025-06-18 13:40:43,762 - INFO - 保存 XML 文件: C:\Users\q8476\Documents\我的工作\Day_汉化\提取的翻译\Languages\ChineseSimplified\DefInjected\RecipeDefDefs\Recipes_ClaimChild.xml
2025-06-18 13:40:43,762 - INFO - 创建新的XML翻译文件: C:\Users\q8476\Documents\我的工作\Day_汉化\提取的翻译\Languages\ChineseSimplified\DefInjected\RecipeDefDefs\Recipes_ClaimChild.xml, 包含 3 个翻译
2025-06-18 13:40:43,765 - INFO - 保存 XML 文件: C:\Users\q8476\Documents\我的工作\Day_汉化\提取的翻译\Languages\ChineseSimplified\DefInjected\RecipeDefDefs\Recipes_DeterminePaternity.xml
2025-06-18 13:40:43,765 - INFO - 创建新的XML翻译文件: C:\Users\q8476\Documents\我的工作\Day_汉化\提取的翻译\Languages\ChineseSimplified\DefInjected\RecipeDefDefs\Recipes_DeterminePaternity.xml, 包含 3 个翻译
2025-06-18 13:40:43,768 - INFO - 保存 XML 文件: C:\Users\q8476\Documents\我的工作\Day_汉化\提取的翻译\Languages\ChineseSimplified\DefInjected\RecipeDefDefs\Recipes_DeterminePregnancy.xml
2025-06-18 13:40:43,768 - INFO - 创建新的XML翻译文件: C:\Users\q8476\Documents\我的工作\Day_汉化\提取的翻译\Languages\ChineseSimplified\DefInjected\RecipeDefDefs\Recipes_DeterminePregnancy.xml, 包含 3 个翻译
2025-06-18 13:40:43,770 - INFO - 保存 XML 文件: C:\Users\q8476\Documents\我的工作\Day_汉化\提取的翻译\Languages\ChineseSimplified\DefInjected\RecipeDefDefs\Recipes_MakeBondageGear.xml
2025-06-18 13:40:43,770 - INFO - 创建新的XML翻译文件: C:\Users\q8476\Documents\我的工作\Day_汉化\提取的翻译\Languages\ChineseSimplified\DefInjected\RecipeDefDefs\Recipes_MakeBondageGear.xml, 包含 6 个翻译
2025-06-18 13:40:43,773 - INFO - 保存 XML 文件: C:\Users\q8476\Documents\我的工作\Day_汉化\提取的翻译\Languages\ChineseSimplified\DefInjected\RecipeDefDefs\Recipes_MakeProsthetics.xml
2025-06-18 13:40:43,773 - INFO - 创建新的XML翻译文件: C:\Users\q8476\Documents\我的工作\Day_汉化\提取的翻译\Languages\ChineseSimplified\DefInjected\RecipeDefDefs\Recipes_MakeProsthetics.xml, 包含 27 个翻译
2025-06-18 13:40:43,776 - INFO - 保存 XML 文件: C:\Users\q8476\Documents\我的工作\Day_汉化\提取的翻译\Languages\ChineseSimplified\DefInjected\RecipeDefDefs\Recipes_RemoveEnemyImplants.xml
2025-06-18 13:40:43,776 - INFO - 创建新的XML翻译文件: C:\Users\q8476\Documents\我的工作\Day_汉化\提取的翻译\Languages\ChineseSimplified\DefInjected\RecipeDefDefs\Recipes_RemoveEnemyImplants.xml, 包含 6 个翻译
2025-06-18 13:40:43,779 - INFO - 保存 XML 文件: C:\Users\q8476\Documents\我的工作\Day_汉化\提取的翻译\Languages\ChineseSimplified\DefInjected\RecipeDefDefs\Recipes_Surgery_Artificial parts.xml
2025-06-18 13:40:43,779 - INFO - 创建新的XML翻译文件: C:\Users\q8476\Documents\我的工作\Day_汉化\提取的翻译\Languages\ChineseSimplified\DefInjected\RecipeDefDefs\Recipes_Surgery_Artificial parts.xml, 包含 36 个翻译
2025-06-18 13:40:43,781 - INFO - 保存 XML 文件: C:\Users\q8476\Documents\我的工作\Day_汉化\提取的翻译\Languages\ChineseSimplified\DefInjected\RecipeDefDefs\Recipes_Surgery_Artificial_Multiparts.xml
2025-06-18 13:40:43,782 - INFO - 创建新的XML翻译文件: C:\Users\q8476\Documents\我的工作\Day_汉化\提取的翻译\Languages\ChineseSimplified\DefInjected\RecipeDefDefs\Recipes_Surgery_Artificial_Multiparts.xml, 包含 11 个翻译
2025-06-18 13:40:43,784 - INFO - 保存 XML 文件: C:\Users\q8476\Documents\我的工作\Day_汉化\提取的翻译\Languages\ChineseSimplified\DefInjected\RecipeDefDefs\Recipes_Surgery_Fertility.xml
2025-06-18 13:40:43,785 - INFO - 创建新的XML翻译文件: C:\Users\q8476\Documents\我的工作\Day_汉化\提取的翻译\Languages\ChineseSimplified\DefInjected\RecipeDefDefs\Recipes_Surgery_Fertility.xml, 包含 9 个翻译
2025-06-18 13:40:43,787 - INFO - 保存 XML 文件: C:\Users\q8476\Documents\我的工作\Day_汉化\提取的翻译\Languages\ChineseSimplified\DefInjected\RecipeDefDefs\Recipes_Surgery_Misc.xml
2025-06-18 13:40:43,787 - INFO - 创建新的XML翻译文件: C:\Users\q8476\Documents\我的工作\Day_汉化\提取的翻译\Languages\ChineseSimplified\DefInjected\RecipeDefDefs\Recipes_Surgery_Misc.xml, 包含 3 个翻译
2025-06-18 13:40:43,790 - INFO - 保存 XML 文件: C:\Users\q8476\Documents\我的工作\Day_汉化\提取的翻译\Languages\ChineseSimplified\DefInjected\RecipeDefDefs\Recipes_Surgery_Natural parts.xml
2025-06-18 13:40:43,791 - INFO - 创建新的XML翻译文件: C:\Users\q8476\Documents\我的工作\Day_汉化\提取的翻译\Languages\ChineseSimplified\DefInjected\RecipeDefDefs\Recipes_Surgery_Natural parts.xml, 包含 36 个翻译
2025-06-18 13:40:43,794 - INFO - 保存 XML 文件: C:\Users\q8476\Documents\我的工作\Day_汉化\提取的翻译\Languages\ChineseSimplified\DefInjected\RecipeDefDefs\Recipes_Surgery_Natural_Multiparts.xml
2025-06-18 13:40:43,794 - INFO - 创建新的XML翻译文件: C:\Users\q8476\Documents\我的工作\Day_汉化\提取的翻译\Languages\ChineseSimplified\DefInjected\RecipeDefDefs\Recipes_Surgery_Natural_Multiparts.xml, 包含 22 个翻译
2025-06-18 13:40:43,797 - INFO - 保存 XML 文件: C:\Users\q8476\Documents\我的工作\Day_汉化\提取的翻译\Languages\ChineseSimplified\DefInjected\RecipeDefDefs\Recipes_Surgery_Remove_Parts.xml
2025-06-18 13:40:43,797 - INFO - 创建新的XML翻译文件: C:\Users\q8476\Documents\我的工作\Day_汉化\提取的翻译\Languages\ChineseSimplified\DefInjected\RecipeDefDefs\Recipes_Surgery_Remove_Parts.xml, 包含 9 个翻译
2025-06-18 13:40:43,800 - INFO - 保存 XML 文件: C:\Users\q8476\Documents\我的工作\Day_汉化\提取的翻译\Languages\ChineseSimplified\DefInjected\RecordDefDefs\Records.xml
2025-06-18 13:40:43,800 - INFO - 创建新的XML翻译文件: C:\Users\q8476\Documents\我的工作\Day_汉化\提取的翻译\Languages\ChineseSimplified\DefInjected\RecordDefDefs\Records.xml, 包含 40 个翻译
2025-06-18 13:40:43,803 - INFO - 保存 XML 文件: C:\Users\q8476\Documents\我的工作\Day_汉化\提取的翻译\Languages\ChineseSimplified\DefInjected\MainButtonDefDefs\MainButtons.xml
2025-06-18 13:40:43,803 - INFO - 创建新的XML翻译文件: C:\Users\q8476\Documents\我的工作\Day_汉化\提取的翻译\Languages\ChineseSimplified\DefInjected\MainButtonDefDefs\MainButtons.xml, 包含 2 个翻译
2025-06-18 13:40:43,807 - INFO - 保存 XML 文件: C:\Users\q8476\Documents\我的工作\Day_汉化\提取的翻译\Languages\ChineseSimplified\DefInjected\PawnTableDefDefs\PawnTableDefs.xml
2025-06-18 13:40:43,807 - INFO - 创建新的XML翻译文件: C:\Users\q8476\Documents\我的工作\Day_汉化\提取的翻译\Languages\ChineseSimplified\DefInjected\PawnTableDefDefs\PawnTableDefs.xml, 包含 4 个翻译
2025-06-18 13:40:43,810 - INFO - 保存 XML 文件: C:\Users\q8476\Documents\我的工作\Day_汉化\提取的翻译\Languages\ChineseSimplified\DefInjected\RulePackDefDefs\RulePacks_EngravedNames.xml
2025-06-18 13:40:43,810 - INFO - 创建新的XML翻译文件: C:\Users\q8476\Documents\我的工作\Day_汉化\提取的翻译\Languages\ChineseSimplified\DefInjected\RulePackDefDefs\RulePacks_EngravedNames.xml, 包含 1 个翻译
2025-06-18 13:40:43,812 - INFO - 保存 XML 文件: C:\Users\q8476\Documents\我的工作\Day_汉化\提取的翻译\Languages\ChineseSimplified\DefInjected\RulePackDefDefs\RulePacks_TalkTopics_Sex.xml
2025-06-18 13:40:43,812 - INFO - 创建新的XML翻译文件: C:\Users\q8476\Documents\我的工作\Day_汉化\提取的翻译\Languages\ChineseSimplified\DefInjected\RulePackDefDefs\RulePacks_TalkTopics_Sex.xml, 包含 8 个翻译
2025-06-18 13:40:43,814 - INFO - 保存 XML 文件: C:\Users\q8476\Documents\我的工作\Day_汉化\提取的翻译\Languages\ChineseSimplified\DefInjected\SexFluidDefDefs\Fluids.xml
2025-06-18 13:40:43,814 - INFO - 创建新的XML翻译文件: C:\Users\q8476\Documents\我的工作\Day_汉化\提取的翻译\Languages\ChineseSimplified\DefInjected\SexFluidDefDefs\Fluids.xml, 包含 5 个翻译
2025-06-18 13:40:43,817 - INFO - 保存 XML 文件: C:\Users\q8476\Documents\我的工作\Day_汉化\提取的翻译\Languages\ChineseSimplified\DefInjected\StatDefDefs\Stats.xml
2025-06-18 13:40:43,817 - INFO - 创建新的XML翻译文件: C:\Users\q8476\Documents\我的工作\Day_汉化\提取的翻译\Languages\ChineseSimplified\DefInjected\StatDefDefs\Stats.xml, 包含 6 个翻译
2025-06-18 13:40:43,820 - INFO - 保存 XML 文件: C:\Users\q8476\Documents\我的工作\Day_汉化\提取的翻译\Languages\ChineseSimplified\DefInjected\ThingCategoryDefDefs\ThingCategories.xml
2025-06-18 13:40:43,820 - INFO - 创建新的XML翻译文件: C:\Users\q8476\Documents\我的工作\Day_汉化\提取的翻译\Languages\ChineseSimplified\DefInjected\ThingCategoryDefDefs\ThingCategories.xml, 包含 1 个翻译
2025-06-18 13:40:43,823 - INFO - 保存 XML 文件: C:\Users\q8476\Documents\我的工作\Day_汉化\提取的翻译\Languages\ChineseSimplified\DefInjected\ThingDefDefs\Birth_Control.xml
2025-06-18 13:40:43,823 - INFO - 创建新的XML翻译文件: C:\Users\q8476\Documents\我的工作\Day_汉化\提取的翻译\Languages\ChineseSimplified\DefInjected\ThingDefDefs\Birth_Control.xml, 包含 9 个翻译
2025-06-18 13:40:43,825 - INFO - 保存 XML 文件: C:\Users\q8476\Documents\我的工作\Day_汉化\提取的翻译\Languages\ChineseSimplified\DefInjected\ThingDefDefs\Filth_Cum.xml
2025-06-18 13:40:43,826 - INFO - 创建新的XML翻译文件: C:\Users\q8476\Documents\我的工作\Day_汉化\提取的翻译\Languages\ChineseSimplified\DefInjected\ThingDefDefs\Filth_Cum.xml, 包含 2 个翻译
2025-06-18 13:40:43,828 - INFO - 保存 XML 文件: C:\Users\q8476\Documents\我的工作\Day_汉化\提取的翻译\Languages\ChineseSimplified\DefInjected\ThingDefDefs\Items_Bondage.xml
2025-06-18 13:40:43,828 - INFO - 创建新的XML翻译文件: C:\Users\q8476\Documents\我的工作\Day_汉化\提取的翻译\Languages\ChineseSimplified\DefInjected\ThingDefDefs\Items_Bondage.xml, 包含 6 个翻译
2025-06-18 13:40:43,831 - INFO - 保存 XML 文件: C:\Users\q8476\Documents\我的工作\Day_汉化\提取的翻译\Languages\ChineseSimplified\DefInjected\ThingDefDefs\Items_Resource_AnimalProduct_Eggs.xml
2025-06-18 13:40:43,831 - INFO - 创建新的XML翻译文件: C:\Users\q8476\Documents\我的工作\Day_汉化\提取的翻译\Languages\ChineseSimplified\DefInjected\ThingDefDefs\Items_Resource_AnimalProduct_Eggs.xml, 包含 8 个翻译
2025-06-18 13:40:43,834 - INFO - 保存 XML 文件: C:\Users\q8476\Documents\我的工作\Day_汉化\提取的翻译\Languages\ChineseSimplified\DefInjected\ThoughtDefDefs\Thoughts_Bestiality.xml
2025-06-18 13:40:43,834 - INFO - 创建新的XML翻译文件: C:\Users\q8476\Documents\我的工作\Day_汉化\提取的翻译\Languages\ChineseSimplified\DefInjected\ThoughtDefDefs\Thoughts_Bestiality.xml, 包含 30 个翻译
2025-06-18 13:40:43,837 - INFO - 保存 XML 文件: C:\Users\q8476\Documents\我的工作\Day_汉化\提取的翻译\Languages\ChineseSimplified\DefInjected\ThoughtDefDefs\Thoughts_Bondage.xml
2025-06-18 13:40:43,837 - INFO - 创建新的XML翻译文件: C:\Users\q8476\Documents\我的工作\Day_汉化\提取的翻译\Languages\ChineseSimplified\DefInjected\ThoughtDefDefs\Thoughts_Bondage.xml, 包含 12 个翻译
2025-06-18 13:40:43,839 - INFO - 保存 XML 文件: C:\Users\q8476\Documents\我的工作\Day_汉化\提取的翻译\Languages\ChineseSimplified\DefInjected\ThoughtDefDefs\Thoughts_Family.xml
2025-06-18 13:40:43,840 - INFO - 创建新的XML翻译文件: C:\Users\q8476\Documents\我的工作\Day_汉化\提取的翻译\Languages\ChineseSimplified\DefInjected\ThoughtDefDefs\Thoughts_Family.xml, 包含 8 个翻译
2025-06-18 13:40:43,842 - INFO - 保存 XML 文件: C:\Users\q8476\Documents\我的工作\Day_汉化\提取的翻译\Languages\ChineseSimplified\DefInjected\ThoughtDefDefs\Thoughts_Necro.xml
2025-06-18 13:40:43,842 - INFO - 创建新的XML翻译文件: C:\Users\q8476\Documents\我的工作\Day_汉化\提取的翻译\Languages\ChineseSimplified\DefInjected\ThoughtDefDefs\Thoughts_Necro.xml, 包含 2 个翻译
2025-06-18 13:40:43,844 - INFO - 保存 XML 文件: C:\Users\q8476\Documents\我的工作\Day_汉化\提取的翻译\Languages\ChineseSimplified\DefInjected\ThoughtDefDefs\Thoughts_Quirk.xml
2025-06-18 13:40:43,844 - INFO - 创建新的XML翻译文件: C:\Users\q8476\Documents\我的工作\Day_汉化\提取的翻译\Languages\ChineseSimplified\DefInjected\ThoughtDefDefs\Thoughts_Quirk.xml, 包含 2 个翻译
2025-06-18 13:40:43,846 - INFO - 保存 XML 文件: C:\Users\q8476\Documents\我的工作\Day_汉化\提取的翻译\Languages\ChineseSimplified\DefInjected\ThoughtDefDefs\Thoughts_Rape.xml
2025-06-18 13:40:43,847 - INFO - 创建新的XML翻译文件: C:\Users\q8476\Documents\我的工作\Day_汉化\提取的翻译\Languages\ChineseSimplified\DefInjected\ThoughtDefDefs\Thoughts_Rape.xml, 包含 34 个翻译
2025-06-18 13:40:43,849 - INFO - 保存 XML 文件: C:\Users\q8476\Documents\我的工作\Day_汉化\提取的翻译\Languages\ChineseSimplified\DefInjected\ThoughtDefDefs\Thoughts_Sex.xml
2025-06-18 13:40:43,849 - INFO - 创建新的XML翻译文件: C:\Users\q8476\Documents\我的工作\Day_汉化\提取的翻译\Languages\ChineseSimplified\DefInjected\ThoughtDefDefs\Thoughts_Sex.xml, 包含 10 个翻译
2025-06-18 13:40:43,851 - INFO - 保存 XML 文件: C:\Users\q8476\Documents\我的工作\Day_汉化\提取的翻译\Languages\ChineseSimplified\DefInjected\ThoughtDefDefs\Thoughts_SexChange.xml
2025-06-18 13:40:43,851 - INFO - 创建新的XML翻译文件: C:\Users\q8476\Documents\我的工作\Day_汉化\提取的翻译\Languages\ChineseSimplified\DefInjected\ThoughtDefDefs\Thoughts_SexChange.xml, 包含 96 个翻译
2025-06-18 13:40:43,854 - INFO - 保存 XML 文件: C:\Users\q8476\Documents\我的工作\Day_汉化\提取的翻译\Languages\ChineseSimplified\DefInjected\ThoughtDefDefs\Thoughts_Virgin.xml
2025-06-18 13:40:43,854 - INFO - 创建新的XML翻译文件: C:\Users\q8476\Documents\我的工作\Day_汉化\提取的翻译\Languages\ChineseSimplified\DefInjected\ThoughtDefDefs\Thoughts_Virgin.xml, 包含 6 个翻译
2025-06-18 13:40:43,856 - INFO - 保存 XML 文件: C:\Users\q8476\Documents\我的工作\Day_汉化\提取的翻译\Languages\ChineseSimplified\DefInjected\ThoughtDefDefs\Thought_Family_Beast.xml
2025-06-18 13:40:43,856 - INFO - 创建新的XML翻译文件: C:\Users\q8476\Documents\我的工作\Day_汉化\提取的翻译\Languages\ChineseSimplified\DefInjected\ThoughtDefDefs\Thought_Family_Beast.xml, 包含 60 个翻译
2025-06-18 13:40:43,859 - INFO - 保存 XML 文件: C:\Users\q8476\Documents\我的工作\Day_汉化\提取的翻译\Languages\ChineseSimplified\DefInjected\TraitDefDefs\Traits.xml
2025-06-18 13:40:43,859 - INFO - 创建新的XML翻译文件: C:\Users\q8476\Documents\我的工作\Day_汉化\提取的翻译\Languages\ChineseSimplified\DefInjected\TraitDefDefs\Traits.xml, 包含 6 个翻译
2025-06-18 13:40:43,861 - INFO - 保存 XML 文件: C:\Users\q8476\Documents\我的工作\Day_汉化\提取的翻译\Languages\ChineseSimplified\DefInjected\TraitDefDefs\Traits_Nymphomaniac.xml
2025-06-18 13:40:43,861 - INFO - 创建新的XML翻译文件: C:\Users\q8476\Documents\我的工作\Day_汉化\提取的翻译\Languages\ChineseSimplified\DefInjected\TraitDefDefs\Traits_Nymphomaniac.xml, 包含 2 个翻译
2025-06-18 13:40:43,863 - INFO - 保存 XML 文件: C:\Users\q8476\Documents\我的工作\Day_汉化\提取的翻译\Languages\ChineseSimplified\DefInjected\TraitDefDefs\Traits_xSlut.xml
2025-06-18 13:40:43,863 - INFO - 创建新的XML翻译文件: C:\Users\q8476\Documents\我的工作\Day_汉化\提取的翻译\Languages\ChineseSimplified\DefInjected\TraitDefDefs\Traits_xSlut.xml, 包含 6 个翻译
2025-06-18 13:40:43,865 - INFO - 保存 XML 文件: C:\Users\q8476\Documents\我的工作\Day_汉化\提取的翻译\Languages\ChineseSimplified\DefInjected\ThingDefDefs\Items_BodyParts_Animal.xml
2025-06-18 13:40:43,865 - INFO - 创建新的XML翻译文件: C:\Users\q8476\Documents\我的工作\Day_汉化\提取的翻译\Languages\ChineseSimplified\DefInjected\ThingDefDefs\Items_BodyParts_Animal.xml, 包含 38 个翻译
2025-06-18 13:40:43,868 - INFO - 保存 XML 文件: C:\Users\q8476\Documents\我的工作\Day_汉化\提取的翻译\Languages\ChineseSimplified\DefInjected\ThingDefDefs\Items_BodyParts_Demon.xml
2025-06-18 13:40:43,868 - INFO - 创建新的XML翻译文件: C:\Users\q8476\Documents\我的工作\Day_汉化\提取的翻译\Languages\ChineseSimplified\DefInjected\ThingDefDefs\Items_BodyParts_Demon.xml, 包含 8 个翻译
2025-06-18 13:40:43,870 - INFO - 保存 XML 文件: C:\Users\q8476\Documents\我的工作\Day_汉化\提取的翻译\Languages\ChineseSimplified\DefInjected\ThingDefDefs\Items_BodyParts_Human.xml
2025-06-18 13:40:43,870 - INFO - 创建新的XML翻译文件: C:\Users\q8476\Documents\我的工作\Day_汉化\提取的翻译\Languages\ChineseSimplified\DefInjected\ThingDefDefs\Items_BodyParts_Human.xml, 包含 10 个翻译
2025-06-18 13:40:43,872 - INFO - 保存 XML 文件: C:\Users\q8476\Documents\我的工作\Day_汉化\提取的翻译\Languages\ChineseSimplified\DefInjected\ThingDefDefs\Items_BodyParts_Implants.xml
2025-06-18 13:40:43,873 - INFO - 创建新的XML翻译文件: C:\Users\q8476\Documents\我的工作\Day_汉化\提取的翻译\Languages\ChineseSimplified\DefInjected\ThingDefDefs\Items_BodyParts_Implants.xml, 包含 26 个翻译
2025-06-18 13:40:43,875 - INFO - 保存 XML 文件: C:\Users\q8476\Documents\我的工作\Day_汉化\提取的翻译\Languages\ChineseSimplified\DefInjected\ThingDefDefs\Items_BodyParts_Insect.xml
2025-06-18 13:40:43,875 - INFO - 创建新的XML翻译文件: C:\Users\q8476\Documents\我的工作\Day_汉化\提取的翻译\Languages\ChineseSimplified\DefInjected\ThingDefDefs\Items_BodyParts_Insect.xml, 包含 6 个翻译
2025-06-18 13:40:43,877 - INFO - 保存 XML 文件: C:\Users\q8476\Documents\我的工作\Day_汉化\提取的翻译\Languages\ChineseSimplified\DefInjected\ThingDefDefs\Items_BodyParts_Resin.xml
2025-06-18 13:40:43,877 - INFO - 创建新的XML翻译文件: C:\Users\q8476\Documents\我的工作\Day_汉化\提取的翻译\Languages\ChineseSimplified\DefInjected\ThingDefDefs\Items_BodyParts_Resin.xml, 包含 2 个翻译
2025-06-18 13:40:43,879 - INFO - 保存 XML 文件: C:\Users\q8476\Documents\我的工作\Day_汉化\提取的翻译\Languages\ChineseSimplified\DefInjected\ThingDefDefs\Items_BodyParts_Slime.xml
2025-06-18 13:40:43,879 - INFO - 创建新的XML翻译文件: C:\Users\q8476\Documents\我的工作\Day_汉化\提取的翻译\Languages\ChineseSimplified\DefInjected\ThingDefDefs\Items_BodyParts_Slime.xml, 包含 2 个翻译
2025-06-18 13:40:43,881 - INFO - 保存 XML 文件: C:\Users\q8476\Documents\我的工作\Day_汉化\提取的翻译\Languages\ChineseSimplified\DefInjected\RulePackDefDefs\RulePacks_Bestiality.xml
2025-06-18 13:40:43,882 - INFO - 创建新的XML翻译文件: C:\Users\q8476\Documents\我的工作\Day_汉化\提取的翻译\Languages\ChineseSimplified\DefInjected\RulePackDefDefs\RulePacks_Bestiality.xml, 包含 4 个翻译
2025-06-18 13:40:43,884 - INFO - 保存 XML 文件: C:\Users\q8476\Documents\我的工作\Day_汉化\提取的翻译\Languages\ChineseSimplified\DefInjected\RulePackDefDefs\RulePacks_Bestiality_Reverse.xml
2025-06-18 13:40:43,884 - INFO - 创建新的XML翻译文件: C:\Users\q8476\Documents\我的工作\Day_汉化\提取的翻译\Languages\ChineseSimplified\DefInjected\RulePackDefDefs\RulePacks_Bestiality_Reverse.xml, 包含 8 个翻译
2025-06-18 13:40:43,886 - INFO - 保存 XML 文件: C:\Users\q8476\Documents\我的工作\Day_汉化\提取的翻译\Languages\ChineseSimplified\DefInjected\RulePackDefDefs\RulePacks_Masturbation.xml
2025-06-18 13:40:43,886 - INFO - 创建新的XML翻译文件: C:\Users\q8476\Documents\我的工作\Day_汉化\提取的翻译\Languages\ChineseSimplified\DefInjected\RulePackDefDefs\RulePacks_Masturbation.xml, 包含 6 个翻译
2025-06-18 13:40:43,888 - INFO - 保存 XML 文件: C:\Users\q8476\Documents\我的工作\Day_汉化\提取的翻译\Languages\ChineseSimplified\DefInjected\RulePackDefDefs\RulePacks_Rape.xml
2025-06-18 13:40:43,889 - INFO - 创建新的XML翻译文件: C:\Users\q8476\Documents\我的工作\Day_汉化\提取的翻译\Languages\ChineseSimplified\DefInjected\RulePackDefDefs\RulePacks_Rape.xml, 包含 26 个翻译
2025-06-18 13:40:43,891 - INFO - 保存 XML 文件: C:\Users\q8476\Documents\我的工作\Day_汉化\提取的翻译\Languages\ChineseSimplified\DefInjected\RulePackDefDefs\RulePacks_Rape_Reverse.xml
2025-06-18 13:40:43,891 - INFO - 创建新的XML翻译文件: C:\Users\q8476\Documents\我的工作\Day_汉化\提取的翻译\Languages\ChineseSimplified\DefInjected\RulePackDefDefs\RulePacks_Rape_Reverse.xml, 包含 17 个翻译
2025-06-18 13:40:43,893 - INFO - 保存 XML 文件: C:\Users\q8476\Documents\我的工作\Day_汉化\提取的翻译\Languages\ChineseSimplified\DefInjected\RulePackDefDefs\RulePacks_Oral.xml
2025-06-18 13:40:43,893 - INFO - 创建新的XML翻译文件: C:\Users\q8476\Documents\我的工作\Day_汉化\提取的翻译\Languages\ChineseSimplified\DefInjected\RulePackDefDefs\RulePacks_Oral.xml, 包含 7 个翻译
2025-06-18 13:40:43,895 - INFO - 保存 XML 文件: C:\Users\q8476\Documents\我的工作\Day_汉化\提取的翻译\Languages\ChineseSimplified\DefInjected\RulePackDefDefs\RulePacks_Reverse_Oral.xml
2025-06-18 13:40:43,895 - INFO - 创建新的XML翻译文件: C:\Users\q8476\Documents\我的工作\Day_汉化\提取的翻译\Languages\ChineseSimplified\DefInjected\RulePackDefDefs\RulePacks_Reverse_Oral.xml, 包含 6 个翻译
2025-06-18 13:40:43,898 - INFO - 保存 XML 文件: C:\Users\q8476\Documents\我的工作\Day_汉化\提取的翻译\Languages\ChineseSimplified\DefInjected\RulePackDefDefs\RulePacks_Reverse_Sex.xml
2025-06-18 13:40:43,898 - INFO - 创建新的XML翻译文件: C:\Users\q8476\Documents\我的工作\Day_汉化\提取的翻译\Languages\ChineseSimplified\DefInjected\RulePackDefDefs\RulePacks_Reverse_Sex.xml, 包含 17 个翻译
2025-06-18 13:40:43,900 - INFO - 保存 XML 文件: C:\Users\q8476\Documents\我的工作\Day_汉化\提取的翻译\Languages\ChineseSimplified\DefInjected\RulePackDefDefs\RulePacks_Sex.xml
2025-06-18 13:40:43,900 - INFO - 创建新的XML翻译文件: C:\Users\q8476\Documents\我的工作\Day_汉化\提取的翻译\Languages\ChineseSimplified\DefInjected\RulePackDefDefs\RulePacks_Sex.xml, 包含 14 个翻译
2025-06-18 13:40:43,902 - INFO - 保存 XML 文件: C:\Users\q8476\Documents\我的工作\Day_汉化\提取的翻译\Languages\ChineseSimplified\DefInjected\InteractionDefDefs\Bestiality_Anal.xml
2025-06-18 13:40:43,902 - INFO - 创建新的XML翻译文件: C:\Users\q8476\Documents\我的工作\Day_汉化\提取的翻译\Languages\ChineseSimplified\DefInjected\InteractionDefDefs\Bestiality_Anal.xml, 包含 4 个翻译
2025-06-18 13:40:43,905 - INFO - 保存 XML 文件: C:\Users\q8476\Documents\我的工作\Day_汉化\提取的翻译\Languages\ChineseSimplified\DefInjected\InteractionDefDefs\Bestiality_Double_PenetrationM.xml
2025-06-18 13:40:43,905 - INFO - 创建新的XML翻译文件: C:\Users\q8476\Documents\我的工作\Day_汉化\提取的翻译\Languages\ChineseSimplified\DefInjected\InteractionDefDefs\Bestiality_Double_PenetrationM.xml, 包含 4 个翻译
2025-06-18 13:40:43,907 - INFO - 保存 XML 文件: C:\Users\q8476\Documents\我的工作\Day_汉化\提取的翻译\Languages\ChineseSimplified\DefInjected\InteractionDefDefs\Bestiality_Oral.xml
2025-06-18 13:40:43,907 - INFO - 创建新的XML翻译文件: C:\Users\q8476\Documents\我的工作\Day_汉化\提取的翻译\Languages\ChineseSimplified\DefInjected\InteractionDefDefs\Bestiality_Oral.xml, 包含 4 个翻译
2025-06-18 13:40:43,909 - INFO - 保存 XML 文件: C:\Users\q8476\Documents\我的工作\Day_汉化\提取的翻译\Languages\ChineseSimplified\DefInjected\InteractionDefDefs\Bestiality_Vaginal.xml
2025-06-18 13:40:43,909 - INFO - 创建新的XML翻译文件: C:\Users\q8476\Documents\我的工作\Day_汉化\提取的翻译\Languages\ChineseSimplified\DefInjected\InteractionDefDefs\Bestiality_Vaginal.xml, 包含 4 个翻译
2025-06-18 13:40:43,912 - INFO - 保存 XML 文件: C:\Users\q8476\Documents\我的工作\Day_汉化\提取的翻译\Languages\ChineseSimplified\DefInjected\InteractionDefDefs\Masturbation_AutoBreastjob.xml
2025-06-18 13:40:43,912 - INFO - 创建新的XML翻译文件: C:\Users\q8476\Documents\我的工作\Day_汉化\提取的翻译\Languages\ChineseSimplified\DefInjected\InteractionDefDefs\Masturbation_AutoBreastjob.xml, 包含 4 个翻译
2025-06-18 13:40:43,914 - INFO - 保存 XML 文件: C:\Users\q8476\Documents\我的工作\Day_汉化\提取的翻译\Languages\ChineseSimplified\DefInjected\InteractionDefDefs\Masturbation_AutoFellatio.xml
2025-06-18 13:40:43,914 - INFO - 创建新的XML翻译文件: C:\Users\q8476\Documents\我的工作\Day_汉化\提取的翻译\Languages\ChineseSimplified\DefInjected\InteractionDefDefs\Masturbation_AutoFellatio.xml, 包含 4 个翻译
2025-06-18 13:40:43,916 - INFO - 保存 XML 文件: C:\Users\q8476\Documents\我的工作\Day_汉化\提取的翻译\Languages\ChineseSimplified\DefInjected\InteractionDefDefs\Masturbation_Breastjob.xml
2025-06-18 13:40:43,916 - INFO - 创建新的XML翻译文件: C:\Users\q8476\Documents\我的工作\Day_汉化\提取的翻译\Languages\ChineseSimplified\DefInjected\InteractionDefDefs\Masturbation_Breastjob.xml, 包含 4 个翻译
2025-06-18 13:40:43,919 - INFO - 保存 XML 文件: C:\Users\q8476\Documents\我的工作\Day_汉化\提取的翻译\Languages\ChineseSimplified\DefInjected\InteractionDefDefs\Masturbation_HandjobA.xml
2025-06-18 13:40:43,919 - INFO - 创建新的XML翻译文件: C:\Users\q8476\Documents\我的工作\Day_汉化\提取的翻译\Languages\ChineseSimplified\DefInjected\InteractionDefDefs\Masturbation_HandjobA.xml, 包含 4 个翻译
2025-06-18 13:40:43,921 - INFO - 保存 XML 文件: C:\Users\q8476\Documents\我的工作\Day_汉化\提取的翻译\Languages\ChineseSimplified\DefInjected\InteractionDefDefs\Masturbation_HandjobP.xml
2025-06-18 13:40:43,921 - INFO - 创建新的XML翻译文件: C:\Users\q8476\Documents\我的工作\Day_汉化\提取的翻译\Languages\ChineseSimplified\DefInjected\InteractionDefDefs\Masturbation_HandjobP.xml, 包含 4 个翻译
2025-06-18 13:40:43,923 - INFO - 保存 XML 文件: C:\Users\q8476\Documents\我的工作\Day_汉化\提取的翻译\Languages\ChineseSimplified\DefInjected\InteractionDefDefs\Masturbation_HandjobV.xml
2025-06-18 13:40:43,924 - INFO - 创建新的XML翻译文件: C:\Users\q8476\Documents\我的工作\Day_汉化\提取的翻译\Languages\ChineseSimplified\DefInjected\InteractionDefDefs\Masturbation_HandjobV.xml, 包含 4 个翻译
2025-06-18 13:40:43,926 - INFO - 保存 XML 文件: C:\Users\q8476\Documents\我的工作\Day_汉化\提取的翻译\Languages\ChineseSimplified\DefInjected\InteractionDefDefs\Rape_Anal.xml
2025-06-18 13:40:43,926 - INFO - 创建新的XML翻译文件: C:\Users\q8476\Documents\我的工作\Day_汉化\提取的翻译\Languages\ChineseSimplified\DefInjected\InteractionDefDefs\Rape_Anal.xml, 包含 4 个翻译
2025-06-18 13:40:43,928 - INFO - 保存 XML 文件: C:\Users\q8476\Documents\我的工作\Day_汉化\提取的翻译\Languages\ChineseSimplified\DefInjected\InteractionDefDefs\Rape_Beakjob.xml
2025-06-18 13:40:43,928 - INFO - 创建新的XML翻译文件: C:\Users\q8476\Documents\我的工作\Day_汉化\提取的翻译\Languages\ChineseSimplified\DefInjected\InteractionDefDefs\Rape_Beakjob.xml, 包含 4 个翻译
2025-06-18 13:40:43,931 - INFO - 保存 XML 文件: C:\Users\q8476\Documents\我的工作\Day_汉化\提取的翻译\Languages\ChineseSimplified\DefInjected\InteractionDefDefs\Rape_Breastjob.xml
2025-06-18 13:40:43,931 - INFO - 创建新的XML翻译文件: C:\Users\q8476\Documents\我的工作\Day_汉化\提取的翻译\Languages\ChineseSimplified\DefInjected\InteractionDefDefs\Rape_Breastjob.xml, 包含 4 个翻译
2025-06-18 13:40:43,933 - INFO - 保存 XML 文件: C:\Users\q8476\Documents\我的工作\Day_汉化\提取的翻译\Languages\ChineseSimplified\DefInjected\InteractionDefDefs\Rape_Cunnilingus.xml
2025-06-18 13:40:43,933 - INFO - 创建新的XML翻译文件: C:\Users\q8476\Documents\我的工作\Day_汉化\提取的翻译\Languages\ChineseSimplified\DefInjected\InteractionDefDefs\Rape_Cunnilingus.xml, 包含 4 个翻译
2025-06-18 13:40:43,936 - INFO - 保存 XML 文件: C:\Users\q8476\Documents\我的工作\Day_汉化\提取的翻译\Languages\ChineseSimplified\DefInjected\InteractionDefDefs\Rape_DoublePenetration.xml
2025-06-18 13:40:43,936 - INFO - 创建新的XML翻译文件: C:\Users\q8476\Documents\我的工作\Day_汉化\提取的翻译\Languages\ChineseSimplified\DefInjected\InteractionDefDefs\Rape_DoublePenetration.xml, 包含 4 个翻译
2025-06-18 13:40:43,938 - INFO - 保存 XML 文件: C:\Users\q8476\Documents\我的工作\Day_汉化\提取的翻译\Languages\ChineseSimplified\DefInjected\InteractionDefDefs\Rape_DoublePenetrationM.xml
2025-06-18 13:40:43,938 - INFO - 创建新的XML翻译文件: C:\Users\q8476\Documents\我的工作\Day_汉化\提取的翻译\Languages\ChineseSimplified\DefInjected\InteractionDefDefs\Rape_DoublePenetrationM.xml, 包含 4 个翻译
2025-06-18 13:40:43,941 - INFO - 保存 XML 文件: C:\Users\q8476\Documents\我的工作\Day_汉化\提取的翻译\Languages\ChineseSimplified\DefInjected\InteractionDefDefs\Rape_Fellatio.xml
2025-06-18 13:40:43,941 - INFO - 创建新的XML翻译文件: C:\Users\q8476\Documents\我的工作\Day_汉化\提取的翻译\Languages\ChineseSimplified\DefInjected\InteractionDefDefs\Rape_Fellatio.xml, 包含 4 个翻译
2025-06-18 13:40:43,943 - INFO - 保存 XML 文件: C:\Users\q8476\Documents\我的工作\Day_汉化\提取的翻译\Languages\ChineseSimplified\DefInjected\InteractionDefDefs\Rape_Fingering.xml
2025-06-18 13:40:43,943 - INFO - 创建新的XML翻译文件: C:\Users\q8476\Documents\我的工作\Day_汉化\提取的翻译\Languages\ChineseSimplified\DefInjected\InteractionDefDefs\Rape_Fingering.xml, 包含 4 个翻译
2025-06-18 13:40:43,945 - INFO - 保存 XML 文件: C:\Users\q8476\Documents\我的工作\Day_汉化\提取的翻译\Languages\ChineseSimplified\DefInjected\InteractionDefDefs\Rape_Fisting.xml
2025-06-18 13:40:43,946 - INFO - 创建新的XML翻译文件: C:\Users\q8476\Documents\我的工作\Day_汉化\提取的翻译\Languages\ChineseSimplified\DefInjected\InteractionDefDefs\Rape_Fisting.xml, 包含 4 个翻译
2025-06-18 13:40:43,948 - INFO - 保存 XML 文件: C:\Users\q8476\Documents\我的工作\Day_汉化\提取的翻译\Languages\ChineseSimplified\DefInjected\InteractionDefDefs\Rape_Footjob.xml
2025-06-18 13:40:43,948 - INFO - 创建新的XML翻译文件: C:\Users\q8476\Documents\我的工作\Day_汉化\提取的翻译\Languages\ChineseSimplified\DefInjected\InteractionDefDefs\Rape_Footjob.xml, 包含 4 个翻译
2025-06-18 13:40:43,950 - INFO - 保存 XML 文件: C:\Users\q8476\Documents\我的工作\Day_汉化\提取的翻译\Languages\ChineseSimplified\DefInjected\InteractionDefDefs\Rape_Handjob.xml
2025-06-18 13:40:43,950 - INFO - 创建新的XML翻译文件: C:\Users\q8476\Documents\我的工作\Day_汉化\提取的翻译\Languages\ChineseSimplified\DefInjected\InteractionDefDefs\Rape_Handjob.xml, 包含 4 个翻译
2025-06-18 13:40:43,953 - INFO - 保存 XML 文件: C:\Users\q8476\Documents\我的工作\Day_汉化\提取的翻译\Languages\ChineseSimplified\DefInjected\InteractionDefDefs\Rape_Oral.xml
2025-06-18 13:40:43,953 - INFO - 创建新的XML翻译文件: C:\Users\q8476\Documents\我的工作\Day_汉化\提取的翻译\Languages\ChineseSimplified\DefInjected\InteractionDefDefs\Rape_Oral.xml, 包含 4 个翻译
2025-06-18 13:40:43,956 - INFO - 保存 XML 文件: C:\Users\q8476\Documents\我的工作\Day_汉化\提取的翻译\Languages\ChineseSimplified\DefInjected\InteractionDefDefs\Rape_Rimming.xml
2025-06-18 13:40:43,956 - INFO - 创建新的XML翻译文件: C:\Users\q8476\Documents\我的工作\Day_汉化\提取的翻译\Languages\ChineseSimplified\DefInjected\InteractionDefDefs\Rape_Rimming.xml, 包含 4 个翻译
2025-06-18 13:40:43,958 - INFO - 保存 XML 文件: C:\Users\q8476\Documents\我的工作\Day_汉化\提取的翻译\Languages\ChineseSimplified\DefInjected\InteractionDefDefs\Rape_Scissoring.xml
2025-06-18 13:40:43,958 - INFO - 创建新的XML翻译文件: C:\Users\q8476\Documents\我的工作\Day_汉化\提取的翻译\Languages\ChineseSimplified\DefInjected\InteractionDefDefs\Rape_Scissoring.xml, 包含 4 个翻译
2025-06-18 13:40:43,961 - INFO - 保存 XML 文件: C:\Users\q8476\Documents\我的工作\Day_汉化\提取的翻译\Languages\ChineseSimplified\DefInjected\InteractionDefDefs\Rape_Vaginal.xml
2025-06-18 13:40:43,961 - INFO - 创建新的XML翻译文件: C:\Users\q8476\Documents\我的工作\Day_汉化\提取的翻译\Languages\ChineseSimplified\DefInjected\InteractionDefDefs\Rape_Vaginal.xml, 包含 4 个翻译
2025-06-18 13:40:43,963 - INFO - 保存 XML 文件: C:\Users\q8476\Documents\我的工作\Day_汉化\提取的翻译\Languages\ChineseSimplified\DefInjected\InteractionDefDefs\Sex_Anal.xml
2025-06-18 13:40:43,963 - INFO - 创建新的XML翻译文件: C:\Users\q8476\Documents\我的工作\Day_汉化\提取的翻译\Languages\ChineseSimplified\DefInjected\InteractionDefDefs\Sex_Anal.xml, 包含 4 个翻译
2025-06-18 13:40:43,965 - INFO - 保存 XML 文件: C:\Users\q8476\Documents\我的工作\Day_汉化\提取的翻译\Languages\ChineseSimplified\DefInjected\InteractionDefDefs\Sex_Beakjob.xml
2025-06-18 13:40:43,965 - INFO - 创建新的XML翻译文件: C:\Users\q8476\Documents\我的工作\Day_汉化\提取的翻译\Languages\ChineseSimplified\DefInjected\InteractionDefDefs\Sex_Beakjob.xml, 包含 4 个翻译
2025-06-18 13:40:43,968 - INFO - 保存 XML 文件: C:\Users\q8476\Documents\我的工作\Day_汉化\提取的翻译\Languages\ChineseSimplified\DefInjected\InteractionDefDefs\Sex_Breastjob.xml
2025-06-18 13:40:43,968 - INFO - 创建新的XML翻译文件: C:\Users\q8476\Documents\我的工作\Day_汉化\提取的翻译\Languages\ChineseSimplified\DefInjected\InteractionDefDefs\Sex_Breastjob.xml, 包含 4 个翻译
2025-06-18 13:40:43,970 - INFO - 保存 XML 文件: C:\Users\q8476\Documents\我的工作\Day_汉化\提取的翻译\Languages\ChineseSimplified\DefInjected\InteractionDefDefs\Sex_Cunnilingus.xml
2025-06-18 13:40:43,970 - INFO - 创建新的XML翻译文件: C:\Users\q8476\Documents\我的工作\Day_汉化\提取的翻译\Languages\ChineseSimplified\DefInjected\InteractionDefDefs\Sex_Cunnilingus.xml, 包含 4 个翻译
2025-06-18 13:40:43,973 - INFO - 保存 XML 文件: C:\Users\q8476\Documents\我的工作\Day_汉化\提取的翻译\Languages\ChineseSimplified\DefInjected\InteractionDefDefs\Sex_DoublePenetration.xml
2025-06-18 13:40:43,973 - INFO - 创建新的XML翻译文件: C:\Users\q8476\Documents\我的工作\Day_汉化\提取的翻译\Languages\ChineseSimplified\DefInjected\InteractionDefDefs\Sex_DoublePenetration.xml, 包含 4 个翻译
2025-06-18 13:40:43,975 - INFO - 保存 XML 文件: C:\Users\q8476\Documents\我的工作\Day_汉化\提取的翻译\Languages\ChineseSimplified\DefInjected\InteractionDefDefs\Sex_DoublePenetrationM.xml
2025-06-18 13:40:43,975 - INFO - 创建新的XML翻译文件: C:\Users\q8476\Documents\我的工作\Day_汉化\提取的翻译\Languages\ChineseSimplified\DefInjected\InteractionDefDefs\Sex_DoublePenetrationM.xml, 包含 4 个翻译
2025-06-18 13:40:43,978 - INFO - 保存 XML 文件: C:\Users\q8476\Documents\我的工作\Day_汉化\提取的翻译\Languages\ChineseSimplified\DefInjected\InteractionDefDefs\Sex_Fellatio.xml
2025-06-18 13:40:43,978 - INFO - 创建新的XML翻译文件: C:\Users\q8476\Documents\我的工作\Day_汉化\提取的翻译\Languages\ChineseSimplified\DefInjected\InteractionDefDefs\Sex_Fellatio.xml, 包含 4 个翻译
2025-06-18 13:40:43,980 - INFO - 保存 XML 文件: C:\Users\q8476\Documents\我的工作\Day_汉化\提取的翻译\Languages\ChineseSimplified\DefInjected\InteractionDefDefs\Sex_Fingering.xml
2025-06-18 13:40:43,980 - INFO - 创建新的XML翻译文件: C:\Users\q8476\Documents\我的工作\Day_汉化\提取的翻译\Languages\ChineseSimplified\DefInjected\InteractionDefDefs\Sex_Fingering.xml, 包含 4 个翻译
2025-06-18 13:40:43,983 - INFO - 保存 XML 文件: C:\Users\q8476\Documents\我的工作\Day_汉化\提取的翻译\Languages\ChineseSimplified\DefInjected\InteractionDefDefs\Sex_Fisting.xml
2025-06-18 13:40:43,983 - INFO - 创建新的XML翻译文件: C:\Users\q8476\Documents\我的工作\Day_汉化\提取的翻译\Languages\ChineseSimplified\DefInjected\InteractionDefDefs\Sex_Fisting.xml, 包含 4 个翻译
2025-06-18 13:40:43,985 - INFO - 保存 XML 文件: C:\Users\q8476\Documents\我的工作\Day_汉化\提取的翻译\Languages\ChineseSimplified\DefInjected\InteractionDefDefs\Sex_Footjob.xml
2025-06-18 13:40:43,985 - INFO - 创建新的XML翻译文件: C:\Users\q8476\Documents\我的工作\Day_汉化\提取的翻译\Languages\ChineseSimplified\DefInjected\InteractionDefDefs\Sex_Footjob.xml, 包含 4 个翻译
2025-06-18 13:40:43,987 - INFO - 保存 XML 文件: C:\Users\q8476\Documents\我的工作\Day_汉化\提取的翻译\Languages\ChineseSimplified\DefInjected\InteractionDefDefs\Sex_Handjob.xml
2025-06-18 13:40:43,988 - INFO - 创建新的XML翻译文件: C:\Users\q8476\Documents\我的工作\Day_汉化\提取的翻译\Languages\ChineseSimplified\DefInjected\InteractionDefDefs\Sex_Handjob.xml, 包含 4 个翻译
2025-06-18 13:40:43,990 - INFO - 保存 XML 文件: C:\Users\q8476\Documents\我的工作\Day_汉化\提取的翻译\Languages\ChineseSimplified\DefInjected\InteractionDefDefs\Sex_MutualMasturbation.xml
2025-06-18 13:40:43,990 - INFO - 创建新的XML翻译文件: C:\Users\q8476\Documents\我的工作\Day_汉化\提取的翻译\Languages\ChineseSimplified\DefInjected\InteractionDefDefs\Sex_MutualMasturbation.xml, 包含 4 个翻译
2025-06-18 13:40:43,992 - INFO - 保存 XML 文件: C:\Users\q8476\Documents\我的工作\Day_汉化\提取的翻译\Languages\ChineseSimplified\DefInjected\InteractionDefDefs\Sex_Rimming.xml
2025-06-18 13:40:43,992 - INFO - 创建新的XML翻译文件: C:\Users\q8476\Documents\我的工作\Day_汉化\提取的翻译\Languages\ChineseSimplified\DefInjected\InteractionDefDefs\Sex_Rimming.xml, 包含 4 个翻译
2025-06-18 13:40:43,995 - INFO - 保存 XML 文件: C:\Users\q8476\Documents\我的工作\Day_汉化\提取的翻译\Languages\ChineseSimplified\DefInjected\InteractionDefDefs\Sex_Scissoring.xml
2025-06-18 13:40:43,995 - INFO - 创建新的XML翻译文件: C:\Users\q8476\Documents\我的工作\Day_汉化\提取的翻译\Languages\ChineseSimplified\DefInjected\InteractionDefDefs\Sex_Scissoring.xml, 包含 4 个翻译
2025-06-18 13:40:43,997 - INFO - 保存 XML 文件: C:\Users\q8476\Documents\我的工作\Day_汉化\提取的翻译\Languages\ChineseSimplified\DefInjected\InteractionDefDefs\Sex_Sixtynine.xml
2025-06-18 13:40:43,997 - INFO - 创建新的XML翻译文件: C:\Users\q8476\Documents\我的工作\Day_汉化\提取的翻译\Languages\ChineseSimplified\DefInjected\InteractionDefDefs\Sex_Sixtynine.xml, 包含 4 个翻译
2025-06-18 13:40:44,000 - INFO - 保存 XML 文件: C:\Users\q8476\Documents\我的工作\Day_汉化\提取的翻译\Languages\ChineseSimplified\DefInjected\InteractionDefDefs\Sex_Vaginal.xml
2025-06-18 13:40:44,000 - INFO - 创建新的XML翻译文件: C:\Users\q8476\Documents\我的工作\Day_汉化\提取的翻译\Languages\ChineseSimplified\DefInjected\InteractionDefDefs\Sex_Vaginal.xml, 包含 4 个翻译
2025-06-18 13:40:44,002 - INFO - 保存 XML 文件: C:\Users\q8476\Documents\我的工作\Day_汉化\提取的翻译\Languages\ChineseSimplified\DefInjected\InteractionDefDefs\Sex_Reverse_Anal.xml
2025-06-18 13:40:44,002 - INFO - 创建新的XML翻译文件: C:\Users\q8476\Documents\我的工作\Day_汉化\提取的翻译\Languages\ChineseSimplified\DefInjected\InteractionDefDefs\Sex_Reverse_Anal.xml, 包含 4 个翻译
2025-06-18 13:40:44,005 - INFO - 保存 XML 文件: C:\Users\q8476\Documents\我的工作\Day_汉化\提取的翻译\Languages\ChineseSimplified\DefInjected\InteractionDefDefs\Sex_Reverse_Beakjob.xml
2025-06-18 13:40:44,005 - INFO - 创建新的XML翻译文件: C:\Users\q8476\Documents\我的工作\Day_汉化\提取的翻译\Languages\ChineseSimplified\DefInjected\InteractionDefDefs\Sex_Reverse_Beakjob.xml, 包含 4 个翻译
2025-06-18 13:40:44,007 - INFO - 保存 XML 文件: C:\Users\q8476\Documents\我的工作\Day_汉化\提取的翻译\Languages\ChineseSimplified\DefInjected\InteractionDefDefs\Sex_Reverse_Breastjob.xml
2025-06-18 13:40:44,007 - INFO - 创建新的XML翻译文件: C:\Users\q8476\Documents\我的工作\Day_汉化\提取的翻译\Languages\ChineseSimplified\DefInjected\InteractionDefDefs\Sex_Reverse_Breastjob.xml, 包含 4 个翻译
2025-06-18 13:40:44,010 - INFO - 保存 XML 文件: C:\Users\q8476\Documents\我的工作\Day_汉化\提取的翻译\Languages\ChineseSimplified\DefInjected\InteractionDefDefs\Sex_Reverse_Cunnilingus.xml
2025-06-18 13:40:44,010 - INFO - 创建新的XML翻译文件: C:\Users\q8476\Documents\我的工作\Day_汉化\提取的翻译\Languages\ChineseSimplified\DefInjected\InteractionDefDefs\Sex_Reverse_Cunnilingus.xml, 包含 4 个翻译
2025-06-18 13:40:44,012 - INFO - 保存 XML 文件: C:\Users\q8476\Documents\我的工作\Day_汉化\提取的翻译\Languages\ChineseSimplified\DefInjected\InteractionDefDefs\Sex_Reverse_DoublePenetration.xml
2025-06-18 13:40:44,012 - INFO - 创建新的XML翻译文件: C:\Users\q8476\Documents\我的工作\Day_汉化\提取的翻译\Languages\ChineseSimplified\DefInjected\InteractionDefDefs\Sex_Reverse_DoublePenetration.xml, 包含 4 个翻译
2025-06-18 13:40:44,015 - INFO - 保存 XML 文件: C:\Users\q8476\Documents\我的工作\Day_汉化\提取的翻译\Languages\ChineseSimplified\DefInjected\InteractionDefDefs\Sex_Reverse_DoublePenetrationM.xml
2025-06-18 13:40:44,015 - INFO - 创建新的XML翻译文件: C:\Users\q8476\Documents\我的工作\Day_汉化\提取的翻译\Languages\ChineseSimplified\DefInjected\InteractionDefDefs\Sex_Reverse_DoublePenetrationM.xml, 包含 4 个翻译
2025-06-18 13:40:44,017 - INFO - 保存 XML 文件: C:\Users\q8476\Documents\我的工作\Day_汉化\提取的翻译\Languages\ChineseSimplified\DefInjected\InteractionDefDefs\Sex_Reverse_Fellatio.xml
2025-06-18 13:40:44,017 - INFO - 创建新的XML翻译文件: C:\Users\q8476\Documents\我的工作\Day_汉化\提取的翻译\Languages\ChineseSimplified\DefInjected\InteractionDefDefs\Sex_Reverse_Fellatio.xml, 包含 4 个翻译
2025-06-18 13:40:44,019 - INFO - 保存 XML 文件: C:\Users\q8476\Documents\我的工作\Day_汉化\提取的翻译\Languages\ChineseSimplified\DefInjected\InteractionDefDefs\Sex_Reverse_Fingering.xml
2025-06-18 13:40:44,020 - INFO - 创建新的XML翻译文件: C:\Users\q8476\Documents\我的工作\Day_汉化\提取的翻译\Languages\ChineseSimplified\DefInjected\InteractionDefDefs\Sex_Reverse_Fingering.xml, 包含 4 个翻译
2025-06-18 13:40:44,022 - INFO - 保存 XML 文件: C:\Users\q8476\Documents\我的工作\Day_汉化\提取的翻译\Languages\ChineseSimplified\DefInjected\InteractionDefDefs\Sex_Reverse_Fisting.xml
2025-06-18 13:40:44,022 - INFO - 创建新的XML翻译文件: C:\Users\q8476\Documents\我的工作\Day_汉化\提取的翻译\Languages\ChineseSimplified\DefInjected\InteractionDefDefs\Sex_Reverse_Fisting.xml, 包含 4 个翻译
2025-06-18 13:40:44,025 - INFO - 保存 XML 文件: C:\Users\q8476\Documents\我的工作\Day_汉化\提取的翻译\Languages\ChineseSimplified\DefInjected\InteractionDefDefs\Sex_Reverse_Footjob.xml
2025-06-18 13:40:44,025 - INFO - 创建新的XML翻译文件: C:\Users\q8476\Documents\我的工作\Day_汉化\提取的翻译\Languages\ChineseSimplified\DefInjected\InteractionDefDefs\Sex_Reverse_Footjob.xml, 包含 4 个翻译
2025-06-18 13:40:44,027 - INFO - 保存 XML 文件: C:\Users\q8476\Documents\我的工作\Day_汉化\提取的翻译\Languages\ChineseSimplified\DefInjected\InteractionDefDefs\Sex_Reverse_Handjob.xml
2025-06-18 13:40:44,027 - INFO - 创建新的XML翻译文件: C:\Users\q8476\Documents\我的工作\Day_汉化\提取的翻译\Languages\ChineseSimplified\DefInjected\InteractionDefDefs\Sex_Reverse_Handjob.xml, 包含 4 个翻译
2025-06-18 13:40:44,029 - INFO - 保存 XML 文件: C:\Users\q8476\Documents\我的工作\Day_汉化\提取的翻译\Languages\ChineseSimplified\DefInjected\InteractionDefDefs\Sex_Reverse_Rimming.xml
2025-06-18 13:40:44,030 - INFO - 创建新的XML翻译文件: C:\Users\q8476\Documents\我的工作\Day_汉化\提取的翻译\Languages\ChineseSimplified\DefInjected\InteractionDefDefs\Sex_Reverse_Rimming.xml, 包含 4 个翻译
2025-06-18 13:40:44,032 - INFO - 保存 XML 文件: C:\Users\q8476\Documents\我的工作\Day_汉化\提取的翻译\Languages\ChineseSimplified\DefInjected\InteractionDefDefs\Sex_Reverse_Vaginal.xml
2025-06-18 13:40:44,032 - INFO - 创建新的XML翻译文件: C:\Users\q8476\Documents\我的工作\Day_汉化\提取的翻译\Languages\ChineseSimplified\DefInjected\InteractionDefDefs\Sex_Reverse_Vaginal.xml, 包含 4 个翻译
2025-06-18 13:40:44,034 - INFO - 保存 XML 文件: C:\Users\q8476\Documents\我的工作\Day_汉化\提取的翻译\Languages\ChineseSimplified\DefInjected\InteractionDefDefs\Necro_Anal.xml
2025-06-18 13:40:44,034 - INFO - 创建新的XML翻译文件: C:\Users\q8476\Documents\我的工作\Day_汉化\提取的翻译\Languages\ChineseSimplified\DefInjected\InteractionDefDefs\Necro_Anal.xml, 包含 4 个翻译
2025-06-18 13:40:44,037 - INFO - 保存 XML 文件: C:\Users\q8476\Documents\我的工作\Day_汉化\提取的翻译\Languages\ChineseSimplified\DefInjected\InteractionDefDefs\Necro_DoublePenetration.xml
2025-06-18 13:40:44,037 - INFO - 创建新的XML翻译文件: C:\Users\q8476\Documents\我的工作\Day_汉化\提取的翻译\Languages\ChineseSimplified\DefInjected\InteractionDefDefs\Necro_DoublePenetration.xml, 包含 4 个翻译
2025-06-18 13:40:44,039 - INFO - 保存 XML 文件: C:\Users\q8476\Documents\我的工作\Day_汉化\提取的翻译\Languages\ChineseSimplified\DefInjected\InteractionDefDefs\Necro_DoublePenetrationM.xml
2025-06-18 13:40:44,039 - INFO - 创建新的XML翻译文件: C:\Users\q8476\Documents\我的工作\Day_汉化\提取的翻译\Languages\ChineseSimplified\DefInjected\InteractionDefDefs\Necro_DoublePenetrationM.xml, 包含 4 个翻译
2025-06-18 13:40:44,042 - INFO - 保存 XML 文件: C:\Users\q8476\Documents\我的工作\Day_汉化\提取的翻译\Languages\ChineseSimplified\DefInjected\InteractionDefDefs\Necro_Vaginal.xml
2025-06-18 13:40:44,042 - INFO - 创建新的XML翻译文件: C:\Users\q8476\Documents\我的工作\Day_汉化\提取的翻译\Languages\ChineseSimplified\DefInjected\InteractionDefDefs\Necro_Vaginal.xml, 包含 4 个翻译
2025-06-18 13:40:44,044 - INFO - 保存 XML 文件: C:\Users\q8476\Documents\我的工作\Day_汉化\提取的翻译\Languages\ChineseSimplified\DefInjected\InteractionDefDefs\Rape_MechImplant.xml
2025-06-18 13:40:44,044 - INFO - 创建新的XML翻译文件: C:\Users\q8476\Documents\我的工作\Day_汉化\提取的翻译\Languages\ChineseSimplified\DefInjected\InteractionDefDefs\Rape_MechImplant.xml, 包含 4 个翻译
2025-06-18 13:40:44,046 - INFO - 保存 XML 文件: C:\Users\q8476\Documents\我的工作\Day_汉化\提取的翻译\Languages\ChineseSimplified\DefInjected\InteractionDefDefs\Rape_Reverse_Anal.xml
2025-06-18 13:40:44,046 - INFO - 创建新的XML翻译文件: C:\Users\q8476\Documents\我的工作\Day_汉化\提取的翻译\Languages\ChineseSimplified\DefInjected\InteractionDefDefs\Rape_Reverse_Anal.xml, 包含 4 个翻译
2025-06-18 13:40:44,049 - INFO - 保存 XML 文件: C:\Users\q8476\Documents\我的工作\Day_汉化\提取的翻译\Languages\ChineseSimplified\DefInjected\InteractionDefDefs\Rape_Reverse_Breastjob.xml
2025-06-18 13:40:44,049 - INFO - 创建新的XML翻译文件: C:\Users\q8476\Documents\我的工作\Day_汉化\提取的翻译\Languages\ChineseSimplified\DefInjected\InteractionDefDefs\Rape_Reverse_Breastjob.xml, 包含 4 个翻译
2025-06-18 13:40:44,051 - INFO - 保存 XML 文件: C:\Users\q8476\Documents\我的工作\Day_汉化\提取的翻译\Languages\ChineseSimplified\DefInjected\InteractionDefDefs\Rape_Reverse_Cunnilingus.xml
2025-06-18 13:40:44,051 - INFO - 创建新的XML翻译文件: C:\Users\q8476\Documents\我的工作\Day_汉化\提取的翻译\Languages\ChineseSimplified\DefInjected\InteractionDefDefs\Rape_Reverse_Cunnilingus.xml, 包含 4 个翻译
2025-06-18 13:40:44,054 - INFO - 保存 XML 文件: C:\Users\q8476\Documents\我的工作\Day_汉化\提取的翻译\Languages\ChineseSimplified\DefInjected\InteractionDefDefs\Rape_Reverse_DoublePenetration.xml
2025-06-18 13:40:44,054 - INFO - 创建新的XML翻译文件: C:\Users\q8476\Documents\我的工作\Day_汉化\提取的翻译\Languages\ChineseSimplified\DefInjected\InteractionDefDefs\Rape_Reverse_DoublePenetration.xml, 包含 4 个翻译
2025-06-18 13:40:44,056 - INFO - 保存 XML 文件: C:\Users\q8476\Documents\我的工作\Day_汉化\提取的翻译\Languages\ChineseSimplified\DefInjected\InteractionDefDefs\Rape_Reverse_DoublePenetrationM.xml
2025-06-18 13:40:44,056 - INFO - 创建新的XML翻译文件: C:\Users\q8476\Documents\我的工作\Day_汉化\提取的翻译\Languages\ChineseSimplified\DefInjected\InteractionDefDefs\Rape_Reverse_DoublePenetrationM.xml, 包含 4 个翻译
2025-06-18 13:40:44,059 - INFO - 保存 XML 文件: C:\Users\q8476\Documents\我的工作\Day_汉化\提取的翻译\Languages\ChineseSimplified\DefInjected\InteractionDefDefs\Rape_Reverse_Fellatio.xml
2025-06-18 13:40:44,059 - INFO - 创建新的XML翻译文件: C:\Users\q8476\Documents\我的工作\Day_汉化\提取的翻译\Languages\ChineseSimplified\DefInjected\InteractionDefDefs\Rape_Reverse_Fellatio.xml, 包含 4 个翻译
2025-06-18 13:40:44,061 - INFO - 保存 XML 文件: C:\Users\q8476\Documents\我的工作\Day_汉化\提取的翻译\Languages\ChineseSimplified\DefInjected\InteractionDefDefs\Rape_Reverse_Fingering.xml
2025-06-18 13:40:44,061 - INFO - 创建新的XML翻译文件: C:\Users\q8476\Documents\我的工作\Day_汉化\提取的翻译\Languages\ChineseSimplified\DefInjected\InteractionDefDefs\Rape_Reverse_Fingering.xml, 包含 4 个翻译
2025-06-18 13:40:44,064 - INFO - 保存 XML 文件: C:\Users\q8476\Documents\我的工作\Day_汉化\提取的翻译\Languages\ChineseSimplified\DefInjected\InteractionDefDefs\Rape_Reverse_Fisting.xml
2025-06-18 13:40:44,064 - INFO - 创建新的XML翻译文件: C:\Users\q8476\Documents\我的工作\Day_汉化\提取的翻译\Languages\ChineseSimplified\DefInjected\InteractionDefDefs\Rape_Reverse_Fisting.xml, 包含 4 个翻译
2025-06-18 13:40:44,066 - INFO - 保存 XML 文件: C:\Users\q8476\Documents\我的工作\Day_汉化\提取的翻译\Languages\ChineseSimplified\DefInjected\InteractionDefDefs\Rape_Reverse_Footjob.xml
2025-06-18 13:40:44,066 - INFO - 创建新的XML翻译文件: C:\Users\q8476\Documents\我的工作\Day_汉化\提取的翻译\Languages\ChineseSimplified\DefInjected\InteractionDefDefs\Rape_Reverse_Footjob.xml, 包含 4 个翻译
2025-06-18 13:40:44,069 - INFO - 保存 XML 文件: C:\Users\q8476\Documents\我的工作\Day_汉化\提取的翻译\Languages\ChineseSimplified\DefInjected\InteractionDefDefs\Rape_Reverse_Handjob.xml
2025-06-18 13:40:44,069 - INFO - 创建新的XML翻译文件: C:\Users\q8476\Documents\我的工作\Day_汉化\提取的翻译\Languages\ChineseSimplified\DefInjected\InteractionDefDefs\Rape_Reverse_Handjob.xml, 包含 4 个翻译
2025-06-18 13:40:44,071 - INFO - 保存 XML 文件: C:\Users\q8476\Documents\我的工作\Day_汉化\提取的翻译\Languages\ChineseSimplified\DefInjected\InteractionDefDefs\Rape_Reverse_Rimming.xml
2025-06-18 13:40:44,072 - INFO - 创建新的XML翻译文件: C:\Users\q8476\Documents\我的工作\Day_汉化\提取的翻译\Languages\ChineseSimplified\DefInjected\InteractionDefDefs\Rape_Reverse_Rimming.xml, 包含 4 个翻译
2025-06-18 13:40:44,074 - INFO - 保存 XML 文件: C:\Users\q8476\Documents\我的工作\Day_汉化\提取的翻译\Languages\ChineseSimplified\DefInjected\InteractionDefDefs\Rape_Reverse_Scissoring.xml
2025-06-18 13:40:44,074 - INFO - 创建新的XML翻译文件: C:\Users\q8476\Documents\我的工作\Day_汉化\提取的翻译\Languages\ChineseSimplified\DefInjected\InteractionDefDefs\Rape_Reverse_Scissoring.xml, 包含 4 个翻译
2025-06-18 13:40:44,076 - INFO - 保存 XML 文件: C:\Users\q8476\Documents\我的工作\Day_汉化\提取的翻译\Languages\ChineseSimplified\DefInjected\InteractionDefDefs\Rape_Reverse_Vaginal.xml
2025-06-18 13:40:44,077 - INFO - 创建新的XML翻译文件: C:\Users\q8476\Documents\我的工作\Day_汉化\提取的翻译\Languages\ChineseSimplified\DefInjected\InteractionDefDefs\Rape_Reverse_Vaginal.xml, 包含 4 个翻译
2025-06-18 13:40:44,079 - INFO - 保存 XML 文件: C:\Users\q8476\Documents\我的工作\Day_汉化\提取的翻译\Languages\ChineseSimplified\DefInjected\InteractionDefDefs\Necro_Reverse_Anal.xml
2025-06-18 13:40:44,079 - INFO - 创建新的XML翻译文件: C:\Users\q8476\Documents\我的工作\Day_汉化\提取的翻译\Languages\ChineseSimplified\DefInjected\InteractionDefDefs\Necro_Reverse_Anal.xml, 包含 4 个翻译
2025-06-18 13:40:44,082 - INFO - 保存 XML 文件: C:\Users\q8476\Documents\我的工作\Day_汉化\提取的翻译\Languages\ChineseSimplified\DefInjected\InteractionDefDefs\Necro_Reverse_DoublePenetration.xml
2025-06-18 13:40:44,082 - INFO - 创建新的XML翻译文件: C:\Users\q8476\Documents\我的工作\Day_汉化\提取的翻译\Languages\ChineseSimplified\DefInjected\InteractionDefDefs\Necro_Reverse_DoublePenetration.xml, 包含 4 个翻译
2025-06-18 13:40:44,084 - INFO - 保存 XML 文件: C:\Users\q8476\Documents\我的工作\Day_汉化\提取的翻译\Languages\ChineseSimplified\DefInjected\InteractionDefDefs\Necro_Reverse_DoublePenetrationM.xml
2025-06-18 13:40:44,084 - INFO - 创建新的XML翻译文件: C:\Users\q8476\Documents\我的工作\Day_汉化\提取的翻译\Languages\ChineseSimplified\DefInjected\InteractionDefDefs\Necro_Reverse_DoublePenetrationM.xml, 包含 4 个翻译
2025-06-18 13:40:44,086 - INFO - 保存 XML 文件: C:\Users\q8476\Documents\我的工作\Day_汉化\提取的翻译\Languages\ChineseSimplified\DefInjected\InteractionDefDefs\Necro_Reverse_Vaginal.xml
2025-06-18 13:40:44,087 - INFO - 创建新的XML翻译文件: C:\Users\q8476\Documents\我的工作\Day_汉化\提取的翻译\Languages\ChineseSimplified\DefInjected\InteractionDefDefs\Necro_Reverse_Vaginal.xml, 包含 4 个翻译
2025-06-18 13:40:44,089 - INFO - 保存 XML 文件: C:\Users\q8476\Documents\我的工作\Day_汉化\提取的翻译\Languages\ChineseSimplified\DefInjected\InteractionDefDefs\Bestiality_Reverse_Anal.xml
2025-06-18 13:40:44,089 - INFO - 创建新的XML翻译文件: C:\Users\q8476\Documents\我的工作\Day_汉化\提取的翻译\Languages\ChineseSimplified\DefInjected\InteractionDefDefs\Bestiality_Reverse_Anal.xml, 包含 4 个翻译
2025-06-18 13:40:44,092 - INFO - 保存 XML 文件: C:\Users\q8476\Documents\我的工作\Day_汉化\提取的翻译\Languages\ChineseSimplified\DefInjected\InteractionDefDefs\Bestiality_Reverse_Double_PenetrationM.xml
2025-06-18 13:40:44,092 - INFO - 创建新的XML翻译文件: C:\Users\q8476\Documents\我的工作\Day_汉化\提取的翻译\Languages\ChineseSimplified\DefInjected\InteractionDefDefs\Bestiality_Reverse_Double_PenetrationM.xml, 包含 4 个翻译
2025-06-18 13:40:44,094 - INFO - 保存 XML 文件: C:\Users\q8476\Documents\我的工作\Day_汉化\提取的翻译\Languages\ChineseSimplified\DefInjected\InteractionDefDefs\Bestiality_Reverse_Handjob.xml
2025-06-18 13:40:44,094 - INFO - 创建新的XML翻译文件: C:\Users\q8476\Documents\我的工作\Day_汉化\提取的翻译\Languages\ChineseSimplified\DefInjected\InteractionDefDefs\Bestiality_Reverse_Handjob.xml, 包含 4 个翻译
2025-06-18 13:40:44,097 - INFO - 保存 XML 文件: C:\Users\q8476\Documents\我的工作\Day_汉化\提取的翻译\Languages\ChineseSimplified\DefInjected\InteractionDefDefs\Bestiality_Reverse_Oral.xml
2025-06-18 13:40:44,097 - INFO - 创建新的XML翻译文件: C:\Users\q8476\Documents\我的工作\Day_汉化\提取的翻译\Languages\ChineseSimplified\DefInjected\InteractionDefDefs\Bestiality_Reverse_Oral.xml, 包含 4 个翻译
2025-06-18 13:40:44,099 - INFO - 保存 XML 文件: C:\Users\q8476\Documents\我的工作\Day_汉化\提取的翻译\Languages\ChineseSimplified\DefInjected\InteractionDefDefs\Bestiality_Reverse_Oral_Service.xml
2025-06-18 13:40:44,100 - INFO - 创建新的XML翻译文件: C:\Users\q8476\Documents\我的工作\Day_汉化\提取的翻译\Languages\ChineseSimplified\DefInjected\InteractionDefDefs\Bestiality_Reverse_Oral_Service.xml, 包含 4 个翻译
2025-06-18 13:40:44,103 - INFO - 保存 XML 文件: C:\Users\q8476\Documents\我的工作\Day_汉化\提取的翻译\Languages\ChineseSimplified\DefInjected\InteractionDefDefs\Bestiality_Reverse_Vaginal.xml
2025-06-18 13:40:44,103 - INFO - 创建新的XML翻译文件: C:\Users\q8476\Documents\我的工作\Day_汉化\提取的翻译\Languages\ChineseSimplified\DefInjected\InteractionDefDefs\Bestiality_Reverse_Vaginal.xml, 包含 4 个翻译
2025-06-18 13:40:44,106 - INFO - 保存 XML 文件: C:\Users\q8476\Documents\我的工作\Day_汉化\提取的翻译\Languages\ChineseSimplified\DefInjected\HediffDef_SexPartDefs\Hediffs_PrivateParts.xml
2025-06-18 13:40:44,106 - INFO - 创建新的XML翻译文件: C:\Users\q8476\Documents\我的工作\Day_汉化\提取的翻译\Languages\ChineseSimplified\DefInjected\HediffDef_SexPartDefs\Hediffs_PrivateParts.xml, 包含 12 个翻译
2025-06-18 13:40:44,108 - INFO - 保存 XML 文件: C:\Users\q8476\Documents\我的工作\Day_汉化\提取的翻译\Languages\ChineseSimplified\DefInjected\HediffDef_SexPartDefs\Hediffs_PrivateParts_Animal.xml
2025-06-18 13:40:44,108 - INFO - 创建新的XML翻译文件: C:\Users\q8476\Documents\我的工作\Day_汉化\提取的翻译\Languages\ChineseSimplified\DefInjected\HediffDef_SexPartDefs\Hediffs_PrivateParts_Animal.xml, 包含 57 个翻译
2025-06-18 13:40:44,111 - INFO - 保存 XML 文件: C:\Users\q8476\Documents\我的工作\Day_汉化\提取的翻译\Languages\ChineseSimplified\DefInjected\HediffDef_SexPartDefs\Hediffs_PrivateParts_Demon.xml
2025-06-18 13:40:44,111 - INFO - 创建新的XML翻译文件: C:\Users\q8476\Documents\我的工作\Day_汉化\提取的翻译\Languages\ChineseSimplified\DefInjected\HediffDef_SexPartDefs\Hediffs_PrivateParts_Demon.xml, 包含 12 个翻译
2025-06-18 13:40:44,113 - INFO - 保存 XML 文件: C:\Users\q8476\Documents\我的工作\Day_汉化\提取的翻译\Languages\ChineseSimplified\DefInjected\HediffDef_SexPartDefs\Hediffs_PrivateParts_Human.xml
2025-06-18 13:40:44,113 - INFO - 创建新的XML翻译文件: C:\Users\q8476\Documents\我的工作\Day_汉化\提取的翻译\Languages\ChineseSimplified\DefInjected\HediffDef_SexPartDefs\Hediffs_PrivateParts_Human.xml, 包含 15 个翻译
2025-06-18 13:40:44,116 - INFO - 保存 XML 文件: C:\Users\q8476\Documents\我的工作\Day_汉化\提取的翻译\Languages\ChineseSimplified\DefInjected\HediffDef_SexPartDefs\Hediffs_PrivateParts_Implants.xml
2025-06-18 13:40:44,116 - INFO - 创建新的XML翻译文件: C:\Users\q8476\Documents\我的工作\Day_汉化\提取的翻译\Languages\ChineseSimplified\DefInjected\HediffDef_SexPartDefs\Hediffs_PrivateParts_Implants.xml, 包含 131 个翻译
2025-06-18 13:40:44,119 - INFO - 保存 XML 文件: C:\Users\q8476\Documents\我的工作\Day_汉化\提取的翻译\Languages\ChineseSimplified\DefInjected\HediffDef_SexPartDefs\Hediffs_PrivateParts_Insect.xml
2025-06-18 13:40:44,119 - INFO - 创建新的XML翻译文件: C:\Users\q8476\Documents\我的工作\Day_汉化\提取的翻译\Languages\ChineseSimplified\DefInjected\HediffDef_SexPartDefs\Hediffs_PrivateParts_Insect.xml, 包含 9 个翻译
2025-06-18 13:40:44,121 - INFO - 保存 XML 文件: C:\Users\q8476\Documents\我的工作\Day_汉化\提取的翻译\Languages\ChineseSimplified\DefInjected\HediffDef_SexPartDefs\Hediffs_PrivateParts_Resin.xml
2025-06-18 13:40:44,121 - INFO - 创建新的XML翻译文件: C:\Users\q8476\Documents\我的工作\Day_汉化\提取的翻译\Languages\ChineseSimplified\DefInjected\HediffDef_SexPartDefs\Hediffs_PrivateParts_Resin.xml, 包含 12 个翻译
2025-06-18 13:40:44,124 - INFO - 保存 XML 文件: C:\Users\q8476\Documents\我的工作\Day_汉化\提取的翻译\Languages\ChineseSimplified\DefInjected\HediffDef_SexPartDefs\Hediffs_PrivateParts_Slime.xml
2025-06-18 13:40:44,124 - INFO - 创建新的XML翻译文件: C:\Users\q8476\Documents\我的工作\Day_汉化\提取的翻译\Languages\ChineseSimplified\DefInjected\HediffDef_SexPartDefs\Hediffs_PrivateParts_Slime.xml, 包含 12 个翻译
2025-06-18 13:40:44,124 - INFO - 生成 1590 条 DefInjected 模板（按Defs结构）
2025-06-18 13:40:44,124 - INFO - [32m正在生成 DefInjected 翻译模板...[0m
2025-06-18 13:40:44,124 - ERROR - 提取模板失败: unsupported operand type(s) for /: 'str' and 'str'
2025-06-18 13:40:44,125 - ERROR - 程序发生严重错误
Traceback (most recent call last):
  File "c:\Users\q8476\Documents\我的工作\Day_汉化\day_translation\core\main.py", line 91, in extract_templates_and_generate_csv
    translations = self.template_manager.extract_and_generate_templates(
        output_dir, en_keyed_dir, auto_choose_definjected, structure_choice, merge_mode
    )
  File "c:\Users\q8476\Documents\我的工作\Day_汉化\day_translation\core\template_manager.py", line 67, in extract_and_generate_templates
    self._generate_templates_to_output_dir(translations, output_dir, en_keyed_dir, structure_choice, merge_mode)
    ~~~~~~~~~~~~~~~~~~~~~~~~~~~~~~~~~~~~~~^^^^^^^^^^^^^^^^^^^^^^^^^^^^^^^^^^^^^^^^^^^^^^^^^^^^^^^^^^^^^^^^^^^^^^
  File "c:\Users\q8476\Documents\我的工作\Day_汉化\day_translation\core\template_manager.py", line 264, in _generate_templates_to_output_dir
    self._handle_definjected_structure_choice(
    ~~~~~~~~~~~~~~~~~~~~~~~~~~~~~~~~~~~~~~~~~^
        def_translations=def_translations,
        ^^^^^^^^^^^^^^^^^^^^^^^^^^^^^^^^^^
    ...<3 lines>...
        merge_mode=merge_mode
        ^^^^^^^^^^^^^^^^^^^^^
    )
    ^
  File "c:\Users\q8476\Documents\我的工作\Day_汉化\day_translation\core\template_manager.py", line 476, in _handle_definjected_structure_choice
    self.generator.generate_definjected_template(def_translations)
    ~~~~~~~~~~~~~~~~~~~~~~~~~~~~~~~~~~~~~~~~~~~~^^^^^^^^^^^^^^^^^^
  File "c:\Users\q8476\Documents\我的工作\Day_汉化\day_translation\core\generators.py", line 53, in generate_definjected_template
    zh_definjected_dir = base_dir / "Languages" / self.language / CONFIG.def_injected_dir
                         ~~~~~~~~~^~~~~~~~~~~~~
TypeError: unsupported operand type(s) for /: 'str' and 'str'

During handling of the above exception, another exception occurred:

Traceback (most recent call last):
  File "c:\Users\q8476\Documents\我的工作\Day_汉化\day_translation\core\main.py", line 242, in main
    handle_extraction_mode(facade, interaction_manager, mod_dir)
    ~~~~~~~~~~~~~~~~~~~~~~^^^^^^^^^^^^^^^^^^^^^^^^^^^^^^^^^^^^^^
  File "c:\Users\q8476\Documents\我的工作\Day_汉化\day_translation\core\main.py", line 278, in handle_extraction_mode
    facade.extract_templates_and_generate_csv(
    ~~~~~~~~~~~~~~~~~~~~~~~~~~~~~~~~~~~~~~~~~^
        output_dir=config["output_dir"],
        ^^^^^^^^^^^^^^^^^^^^^^^^^^^^^^^^
    ...<3 lines>...
        merge_mode=config["merge_mode"]
        ^^^^^^^^^^^^^^^^^^^^^^^^^^^^^^^
    )
    ^
  File "c:\Users\q8476\Documents\我的工作\Day_汉化\day_translation\core\main.py", line 101, in extract_templates_and_generate_csv
    raise ExportError(error_msg)                    # 抛出自定义异常，便于上层处理
    ^^^^^^^^^^^^^^^^^^^^^^^^^^^^
day_translation.core.main.ExportError: 提取模板失败: unsupported operand type(s) for /: 'str' and 'str'

During handling of the above exception, another exception occurred:

Traceback (most recent call last):
  File "c:\Users\q8476\Documents\我的工作\Day_汉化\day_translation\core\main.py", line 255, in main
    interaction_manager.show_operation_result(False, str(e))
    ^^^^^^^^^^^^^^^^^^^^^^^^^^^^^^^^^^^^^^^^^
AttributeError: 'InteractionManager' object has no attribute 'show_operation_result'. Did you mean: 'show_operation_error'?
2025-06-18 13:40:44,130 - INFO - 程序结束
