2025-06-18 12:23:47,173 - INFO - 日志系统初始化完成: C:\Users\q8476\Documents\我的工作\Day_汉化\logs\day_translation_20250618_122347.log
2025-06-18 12:23:47,184 - INFO - 已加载用户配置
2025-06-18 12:23:50,271 - INFO - 启动主工作流
2025-06-18 12:27:10,519 - INFO - 开始提取模板: output_dir=None, en_keyed_dir=None, auto_choose_definjected=False
2025-06-18 12:27:10,519 - INFO - 开始提取翻译数据并生成模板
2025-06-18 12:27:10,519 - INFO - 未指定输出目录，使用 defs 提取模式
2025-06-18 12:27:14,039 - INFO - 正在生成中文 Keyed 翻译模板...
2025-06-18 12:27:14,089 - INFO - 保存 XML 文件: C:\Program Files (x86)\Steam\steamapps\common\RimWorld\Mods\rjw\1.5\Languages\ChineseSimplified\Keyed\Hediff_InsectEgg.xml
2025-06-18 12:27:14,089 - INFO - 生成 Keyed 模板: Hediff_InsectEgg.xml[0m
2025-06-18 12:27:14,095 - INFO - 保存 XML 文件: C:\Program Files (x86)\Steam\steamapps\common\RimWorld\Mods\rjw\1.5\Languages\ChineseSimplified\Keyed\RimJobWorldKeys.xml
2025-06-18 12:27:14,095 - INFO - 生成 Keyed 模板: RimJobWorldKeys.xml[0m
2025-06-18 12:27:14,098 - INFO - 保存 XML 文件: C:\Program Files (x86)\Steam\steamapps\common\RimWorld\Mods\rjw\1.5\Languages\ChineseSimplified\Keyed\RJWMainTab.xml
2025-06-18 12:27:14,098 - INFO - 生成 Keyed 模板: RJWMainTab.xml[0m
2025-06-18 12:27:14,102 - INFO - 保存 XML 文件: C:\Program Files (x86)\Steam\steamapps\common\RimWorld\Mods\rjw\1.5\Languages\ChineseSimplified\Keyed\RMB.xml
2025-06-18 12:27:14,102 - INFO - 生成 Keyed 模板: RMB.xml[0m
2025-06-18 12:27:14,109 - INFO - 保存 XML 文件: C:\Program Files (x86)\Steam\steamapps\common\RimWorld\Mods\rjw\1.5\Languages\ChineseSimplified\Keyed\SettingsKeys.xml
2025-06-18 12:27:14,109 - INFO - 生成 Keyed 模板: SettingsKeys.xml[0m
2025-06-18 12:27:14,111 - INFO - 保存 XML 文件: C:\Program Files (x86)\Steam\steamapps\common\RimWorld\Mods\rjw\1.5\Languages\ChineseSimplified\Keyed\SexGizmo.xml
2025-06-18 12:27:14,111 - INFO - 生成 Keyed 模板: SexGizmo.xml[0m
2025-06-18 12:27:14,114 - INFO - 保存 XML 文件: C:\Program Files (x86)\Steam\steamapps\common\RimWorld\Mods\rjw\1.5\Languages\ChineseSimplified\Keyed\SexualityCardKeys.xml
2025-06-18 12:27:14,114 - INFO - 生成 Keyed 模板: SexualityCardKeys.xml[0m
2025-06-18 12:27:14,114 - INFO - 生成 541 条 Keyed 模板
2025-06-18 12:28:27,646 - INFO - 按Defs结构导出 DefInjected: mod_dir=C:\Program Files (x86)\Steam\steamapps\common\RimWorld\Mods\rjw\1.5, translations_count=1590
2025-06-18 12:28:27,648 - INFO - 创建文件夹：C:\Program Files (x86)\Steam\steamapps\common\RimWorld\Mods\rjw\1.5\Languages\ChineseSimplified\DefInjected
2025-06-18 12:28:27,650 - INFO - 按文件分组完成: 190 个文件
2025-06-18 12:28:27,651 - ERROR - 提取模板失败: cannot access local variable 'choice' where it is not associated with a value
2025-06-18 12:28:27,651 - ERROR - 操作失败: 提取模板失败: cannot access local variable 'choice' where it is not associated with a value
2025-06-18 12:29:08,317 - INFO - 程序结束
