2025-06-18 13:38:59,314 - INFO - 日志系统初始化完成: c:\Users\q8476\Documents\我的工作\Day_汉化\logs\day_translation_20250618_133859.log
2025-06-18 13:38:59,315 - INFO - 已加载用户配置
2025-06-18 13:38:59,795 - INFO - 启动主工作流
2025-06-18 13:39:47,662 - INFO - 开始提取模板: output_dir=提取的翻译, en_keyed_dir=None, auto_choose_definjected=False
2025-06-18 13:39:47,662 - INFO - 开始提取翻译数据并生成模板
2025-06-18 13:39:47,662 - INFO - 处理翻译提取: mod_dir=C:\Program Files (x86)\Steam\steamapps\common\RimWorld\Mods\rjw\1.5, export_dir=提取的翻译
2025-06-18 13:39:47,663 - INFO - 未找到英文 DefInjected C:\Program Files (x86)\Steam\steamapps\common\RimWorld\Mods\rjw\1.5\Languages\English\DefInjected，从 Defs 提取
2025-06-18 13:39:48,244 - INFO - 正在生成中文 Keyed 翻译模板...
2025-06-18 13:39:48,271 - INFO - 保存 XML 文件: C:\Users\q8476\Documents\我的工作\Day_汉化\提取的翻译\Languages\ChineseSimplified\Keyed\Hediff_InsectEgg.xml
2025-06-18 13:39:48,271 - INFO - 生成 Keyed 模板: Hediff_InsectEgg.xml[0m
2025-06-18 13:39:48,276 - INFO - 保存 XML 文件: C:\Users\q8476\Documents\我的工作\Day_汉化\提取的翻译\Languages\ChineseSimplified\Keyed\RimJobWorldKeys.xml
2025-06-18 13:39:48,276 - INFO - 生成 Keyed 模板: RimJobWorldKeys.xml[0m
2025-06-18 13:39:48,279 - INFO - 保存 XML 文件: C:\Users\q8476\Documents\我的工作\Day_汉化\提取的翻译\Languages\ChineseSimplified\Keyed\RJWMainTab.xml
2025-06-18 13:39:48,279 - INFO - 生成 Keyed 模板: RJWMainTab.xml[0m
2025-06-18 13:39:48,281 - INFO - 保存 XML 文件: C:\Users\q8476\Documents\我的工作\Day_汉化\提取的翻译\Languages\ChineseSimplified\Keyed\RMB.xml
2025-06-18 13:39:48,281 - INFO - 生成 Keyed 模板: RMB.xml[0m
2025-06-18 13:39:48,288 - INFO - 保存 XML 文件: C:\Users\q8476\Documents\我的工作\Day_汉化\提取的翻译\Languages\ChineseSimplified\Keyed\SettingsKeys.xml
2025-06-18 13:39:48,289 - INFO - 生成 Keyed 模板: SettingsKeys.xml[0m
2025-06-18 13:39:48,291 - INFO - 保存 XML 文件: C:\Users\q8476\Documents\我的工作\Day_汉化\提取的翻译\Languages\ChineseSimplified\Keyed\SexGizmo.xml
2025-06-18 13:39:48,291 - INFO - 生成 Keyed 模板: SexGizmo.xml[0m
2025-06-18 13:39:48,293 - INFO - 保存 XML 文件: C:\Users\q8476\Documents\我的工作\Day_汉化\提取的翻译\Languages\ChineseSimplified\Keyed\SexualityCardKeys.xml
2025-06-18 13:39:48,293 - INFO - 生成 Keyed 模板: SexualityCardKeys.xml[0m
2025-06-18 13:39:48,293 - INFO - 生成 541 条 Keyed 模板到 提取的翻译\Languages\ChineseSimplified\Keyed
2025-06-18 13:39:48,294 - INFO - 按Defs结构导出 DefInjected: mod_dir=C:\Program Files (x86)\Steam\steamapps\common\RimWorld\Mods\rjw\1.5, translations_count=1590
2025-06-18 13:40:18,982 - INFO - 选择跳过模式，保持现状
2025-06-18 13:40:18,983 - INFO - 用户选择跳过，停止生成 DefInjected 文件
2025-06-18 13:40:18,983 - INFO - 生成 1590 条 DefInjected 模板（按Defs结构）
2025-06-18 13:40:18,983 - INFO - [32m正在生成 DefInjected 翻译模板...[0m
2025-06-18 13:40:18,983 - ERROR - 提取模板失败: unsupported operand type(s) for /: 'str' and 'str'
2025-06-18 13:40:18,984 - ERROR - 程序发生严重错误
Traceback (most recent call last):
  File "c:\Users\q8476\Documents\我的工作\Day_汉化\day_translation\core\main.py", line 91, in extract_templates_and_generate_csv
    translations = self.template_manager.extract_and_generate_templates(
        output_dir, en_keyed_dir, auto_choose_definjected, structure_choice, merge_mode
    )
  File "c:\Users\q8476\Documents\我的工作\Day_汉化\day_translation\core\template_manager.py", line 67, in extract_and_generate_templates
    self._generate_templates_to_output_dir(translations, output_dir, en_keyed_dir, structure_choice, merge_mode)
    ~~~~~~~~~~~~~~~~~~~~~~~~~~~~~~~~~~~~~~^^^^^^^^^^^^^^^^^^^^^^^^^^^^^^^^^^^^^^^^^^^^^^^^^^^^^^^^^^^^^^^^^^^^^^
  File "c:\Users\q8476\Documents\我的工作\Day_汉化\day_translation\core\template_manager.py", line 264, in _generate_templates_to_output_dir
    self._handle_definjected_structure_choice(
    ~~~~~~~~~~~~~~~~~~~~~~~~~~~~~~~~~~~~~~~~~^
        def_translations=def_translations,
        ^^^^^^^^^^^^^^^^^^^^^^^^^^^^^^^^^^
    ...<3 lines>...
        merge_mode=merge_mode
        ^^^^^^^^^^^^^^^^^^^^^
    )
    ^
  File "c:\Users\q8476\Documents\我的工作\Day_汉化\day_translation\core\template_manager.py", line 476, in _handle_definjected_structure_choice
    self.generator.generate_definjected_template(def_translations)
    ~~~~~~~~~~~~~~~~~~~~~~~~~~~~~~~~~~~~~~~~~~~~^^^^^^^^^^^^^^^^^^
  File "c:\Users\q8476\Documents\我的工作\Day_汉化\day_translation\core\generators.py", line 53, in generate_definjected_template
    zh_definjected_dir = base_dir / "Languages" / self.language / CONFIG.def_injected_dir
                         ~~~~~~~~~^~~~~~~~~~~~~
TypeError: unsupported operand type(s) for /: 'str' and 'str'

During handling of the above exception, another exception occurred:

Traceback (most recent call last):
  File "c:\Users\q8476\Documents\我的工作\Day_汉化\day_translation\core\main.py", line 242, in main
    handle_extraction_mode(facade, interaction_manager, mod_dir)
    ~~~~~~~~~~~~~~~~~~~~~~^^^^^^^^^^^^^^^^^^^^^^^^^^^^^^^^^^^^^^
  File "c:\Users\q8476\Documents\我的工作\Day_汉化\day_translation\core\main.py", line 278, in handle_extraction_mode
    facade.extract_templates_and_generate_csv(
    ~~~~~~~~~~~~~~~~~~~~~~~~~~~~~~~~~~~~~~~~~^
        output_dir=config["output_dir"],
        ^^^^^^^^^^^^^^^^^^^^^^^^^^^^^^^^
    ...<3 lines>...
        merge_mode=config["merge_mode"]
        ^^^^^^^^^^^^^^^^^^^^^^^^^^^^^^^
    )
    ^
  File "c:\Users\q8476\Documents\我的工作\Day_汉化\day_translation\core\main.py", line 101, in extract_templates_and_generate_csv
    raise ExportError(error_msg)                    # 抛出自定义异常，便于上层处理
    ^^^^^^^^^^^^^^^^^^^^^^^^^^^^
day_translation.core.main.ExportError: 提取模板失败: unsupported operand type(s) for /: 'str' and 'str'

During handling of the above exception, another exception occurred:

Traceback (most recent call last):
  File "c:\Users\q8476\Documents\我的工作\Day_汉化\day_translation\core\main.py", line 255, in main
    interaction_manager.show_operation_result(False, str(e))
    ^^^^^^^^^^^^^^^^^^^^^^^^^^^^^^^^^^^^^^^^^
AttributeError: 'InteractionManager' object has no attribute 'show_operation_result'. Did you mean: 'show_operation_error'?
2025-06-18 13:40:18,991 - INFO - 程序结束
