2025-06-18 13:04:30,946 - INFO - 日志系统初始化完成: C:\Users\q8476\Documents\我的工作\Day_汉化\logs\day_translation_20250618_130430.log
2025-06-18 13:04:30,948 - INFO - 已加载用户配置
2025-06-18 13:04:31,474 - INFO - 启动主工作流
2025-06-18 13:05:05,642 - INFO - 开始提取模板: output_dir=提取的翻译, en_keyed_dir=None, auto_choose_definjected=False
2025-06-18 13:05:05,642 - INFO - 开始提取翻译数据并生成模板
2025-06-18 13:05:05,642 - INFO - 处理翻译提取: mod_dir=C:\Program Files (x86)\Steam\steamapps\common\RimWorld\Mods\rjw\1.5, export_dir=提取的翻译
2025-06-18 13:05:05,644 - INFO - 未找到英文 DefInjected C:\Program Files (x86)\Steam\steamapps\common\RimWorld\Mods\rjw\1.5\Languages\English\DefInjected，从 Defs 提取
2025-06-18 13:05:07,015 - INFO - 正在生成中文 Keyed 翻译模板...
2025-06-18 13:05:07,049 - INFO - 保存 XML 文件: C:\Users\q8476\Documents\我的工作\Day_汉化\提取的翻译\Languages\ChineseSimplified\Keyed\Hediff_InsectEgg.xml
2025-06-18 13:05:07,049 - INFO - 生成 Keyed 模板: Hediff_InsectEgg.xml[0m
2025-06-18 13:05:07,052 - INFO - 保存 XML 文件: C:\Users\q8476\Documents\我的工作\Day_汉化\提取的翻译\Languages\ChineseSimplified\Keyed\RimJobWorldKeys.xml
2025-06-18 13:05:07,052 - INFO - 生成 Keyed 模板: RimJobWorldKeys.xml[0m
2025-06-18 13:05:07,054 - INFO - 保存 XML 文件: C:\Users\q8476\Documents\我的工作\Day_汉化\提取的翻译\Languages\ChineseSimplified\Keyed\RJWMainTab.xml
2025-06-18 13:05:07,054 - INFO - 生成 Keyed 模板: RJWMainTab.xml[0m
2025-06-18 13:05:07,056 - INFO - 保存 XML 文件: C:\Users\q8476\Documents\我的工作\Day_汉化\提取的翻译\Languages\ChineseSimplified\Keyed\RMB.xml
2025-06-18 13:05:07,056 - INFO - 生成 Keyed 模板: RMB.xml[0m
2025-06-18 13:05:07,064 - INFO - 保存 XML 文件: C:\Users\q8476\Documents\我的工作\Day_汉化\提取的翻译\Languages\ChineseSimplified\Keyed\SettingsKeys.xml
2025-06-18 13:05:07,064 - INFO - 生成 Keyed 模板: SettingsKeys.xml[0m
2025-06-18 13:05:07,066 - INFO - 保存 XML 文件: C:\Users\q8476\Documents\我的工作\Day_汉化\提取的翻译\Languages\ChineseSimplified\Keyed\SexGizmo.xml
2025-06-18 13:05:07,066 - INFO - 生成 Keyed 模板: SexGizmo.xml[0m
2025-06-18 13:05:07,068 - INFO - 保存 XML 文件: C:\Users\q8476\Documents\我的工作\Day_汉化\提取的翻译\Languages\ChineseSimplified\Keyed\SexualityCardKeys.xml
2025-06-18 13:05:07,068 - INFO - 生成 Keyed 模板: SexualityCardKeys.xml[0m
2025-06-18 13:05:07,068 - INFO - 生成 541 条 Keyed 模板到 提取的翻译\Languages\ChineseSimplified\Keyed
2025-06-18 13:05:07,069 - ERROR - 提取模板失败: export_definjected_with_defs_structure() got an unexpected keyword argument 'merge_mode'
2025-06-18 13:05:07,069 - ERROR - 操作失败: 提取模板失败: export_definjected_with_defs_structure() got an unexpected keyword argument 'merge_mode'
2025-06-18 13:05:19,457 - INFO - 程序结束
