2025-06-18 03:50:56,778 - INFO - 日志系统初始化完成: c:\Users\q8476\Documents\我的工作\Day_汉化\logs\day_translation_20250618_035056.log
2025-06-18 03:50:56,779 - INFO - 已加载用户配置
2025-06-18 03:50:57,332 - INFO - 启动主工作流
2025-06-18 03:51:06,970 - INFO - 开始提取模板: output_dir=C:\Users\q8476\Documents\我的工作\Day_汉化\mod, en_keyed_dir=C:\Program Files (x86)\Steam\steamapps\common\RimWorld\Mods\rjw\1.5\Languages\English\Keyed, auto_choose_definjected=False
2025-06-18 03:51:06,971 - INFO - 开始提取翻译数据并生成模板
2025-06-18 03:51:06,971 - INFO - 处理翻译提取: mod_dir=C:\Program Files (x86)\Steam\steamapps\common\RimWorld\Mods\rjw\1.5, export_dir=C:\Users\q8476\Documents\我的工作\Day_汉化\mod
2025-06-18 03:51:06,972 - INFO - 未找到英文 DefInjected C:\Program Files (x86)\Steam\steamapps\common\RimWorld\Mods\rjw\1.5\Languages\English\DefInjected，从 Defs 提取
2025-06-18 03:51:07,649 - INFO - 保存 XML 文件: C:\Users\q8476\Documents\我的工作\Day_汉化\mod\Languages\ChineseSimplified\Keyed\Hediff_InsectEgg.xml
2025-06-18 03:51:07,654 - INFO - 保存 XML 文件: C:\Users\q8476\Documents\我的工作\Day_汉化\mod\Languages\ChineseSimplified\Keyed\RimJobWorldKeys.xml
2025-06-18 03:51:07,657 - INFO - 保存 XML 文件: C:\Users\q8476\Documents\我的工作\Day_汉化\mod\Languages\ChineseSimplified\Keyed\RJWMainTab.xml
2025-06-18 03:51:07,662 - INFO - 保存 XML 文件: C:\Users\q8476\Documents\我的工作\Day_汉化\mod\Languages\ChineseSimplified\Keyed\RMB.xml
2025-06-18 03:51:07,672 - INFO - 保存 XML 文件: C:\Users\q8476\Documents\我的工作\Day_汉化\mod\Languages\ChineseSimplified\Keyed\SettingsKeys.xml
2025-06-18 03:51:07,676 - INFO - 保存 XML 文件: C:\Users\q8476\Documents\我的工作\Day_汉化\mod\Languages\ChineseSimplified\Keyed\SexGizmo.xml
2025-06-18 03:51:07,680 - INFO - 保存 XML 文件: C:\Users\q8476\Documents\我的工作\Day_汉化\mod\Languages\ChineseSimplified\Keyed\SexualityCardKeys.xml
2025-06-18 03:51:07,681 - INFO - 正在生成中文 Keyed 翻译模板...
2025-06-18 03:51:07,683 - INFO - 保存 XML 文件: C:\Users\q8476\Documents\我的工作\Day_汉化\mod\Languages\ChineseSimplified\Keyed\Hediff_InsectEgg.xml
2025-06-18 03:51:07,683 - INFO - 生成 Keyed 模板: Hediff_InsectEgg.xml
2025-06-18 03:51:07,686 - INFO - 保存 XML 文件: C:\Users\q8476\Documents\我的工作\Day_汉化\mod\Languages\ChineseSimplified\Keyed\RimJobWorldKeys.xml
2025-06-18 03:51:07,686 - INFO - 生成 Keyed 模板: RimJobWorldKeys.xml
2025-06-18 03:51:07,688 - INFO - 保存 XML 文件: C:\Users\q8476\Documents\我的工作\Day_汉化\mod\Languages\ChineseSimplified\Keyed\RJWMainTab.xml
2025-06-18 03:51:07,688 - INFO - 生成 Keyed 模板: RJWMainTab.xml
2025-06-18 03:51:07,690 - INFO - 保存 XML 文件: C:\Users\q8476\Documents\我的工作\Day_汉化\mod\Languages\ChineseSimplified\Keyed\RMB.xml
2025-06-18 03:51:07,691 - INFO - 生成 Keyed 模板: RMB.xml
2025-06-18 03:51:07,698 - INFO - 保存 XML 文件: C:\Users\q8476\Documents\我的工作\Day_汉化\mod\Languages\ChineseSimplified\Keyed\SettingsKeys.xml
2025-06-18 03:51:07,698 - INFO - 生成 Keyed 模板: SettingsKeys.xml
2025-06-18 03:51:07,700 - INFO - 保存 XML 文件: C:\Users\q8476\Documents\我的工作\Day_汉化\mod\Languages\ChineseSimplified\Keyed\SexGizmo.xml
2025-06-18 03:51:07,701 - INFO - 生成 Keyed 模板: SexGizmo.xml
2025-06-18 03:51:07,703 - INFO - 保存 XML 文件: C:\Users\q8476\Documents\我的工作\Day_汉化\mod\Languages\ChineseSimplified\Keyed\SexualityCardKeys.xml
2025-06-18 03:51:07,703 - INFO - 生成 Keyed 模板: SexualityCardKeys.xml
2025-06-18 03:51:07,703 - INFO - 生成 541 条 Keyed 模板到 C:\Users\q8476\Documents\我的工作\Day_汉化\mod\Languages\ChineseSimplified\Keyed
2025-06-18 03:52:57,512 - INFO - 按Defs结构导出 DefInjected: mod_dir=C:\Program Files (x86)\Steam\steamapps\common\RimWorld\Mods\rjw\1.5, translations_count=1590
2025-06-18 03:52:57,516 - INFO - 按文件分组完成: 190 个文件
2025-06-18 03:52:57,520 - INFO - 保存 XML 文件: C:\Users\q8476\Documents\我的工作\Day_汉化\mod\Languages\ChineseSimplified\DefInjected\ApparelLayerDefDefs\ApparelLayerDefs.xml
2025-06-18 03:52:57,521 - INFO - 生成 DefInjected 文件: C:\Users\q8476\Documents\我的工作\Day_汉化\mod\Languages\ChineseSimplified\DefInjected\ApparelLayerDefDefs\ApparelLayerDefs.xml (6 条翻译)
2025-06-18 03:52:57,525 - INFO - 保存 XML 文件: C:\Users\q8476\Documents\我的工作\Day_汉化\mod\Languages\ChineseSimplified\DefInjected\BackstoryDefDefs\rjw_child.xml
2025-06-18 03:52:57,525 - INFO - 生成 DefInjected 文件: C:\Users\q8476\Documents\我的工作\Day_汉化\mod\Languages\ChineseSimplified\DefInjected\BackstoryDefDefs\rjw_child.xml (6 条翻译)
2025-06-18 03:52:57,531 - INFO - 保存 XML 文件: C:\Users\q8476\Documents\我的工作\Day_汉化\mod\Languages\ChineseSimplified\DefInjected\BackstoryDefDefs\rjw_nymphs.xml
2025-06-18 03:52:57,531 - INFO - 生成 DefInjected 文件: C:\Users\q8476\Documents\我的工作\Day_汉化\mod\Languages\ChineseSimplified\DefInjected\BackstoryDefDefs\rjw_nymphs.xml (21 条翻译)
2025-06-18 03:52:57,535 - INFO - 保存 XML 文件: C:\Users\q8476\Documents\我的工作\Day_汉化\mod\Languages\ChineseSimplified\DefInjected\BodyPartGroupDefDefs\BodyPartGroups.xml
2025-06-18 03:52:57,535 - INFO - 生成 DefInjected 文件: C:\Users\q8476\Documents\我的工作\Day_汉化\mod\Languages\ChineseSimplified\DefInjected\BodyPartGroupDefDefs\BodyPartGroups.xml (3 条翻译)
2025-06-18 03:52:57,539 - INFO - 保存 XML 文件: C:\Users\q8476\Documents\我的工作\Day_汉化\mod\Languages\ChineseSimplified\DefInjected\BodyPartDefDefs\BodyParts_Humanlike.xml
2025-06-18 03:52:57,539 - INFO - 生成 DefInjected 文件: C:\Users\q8476\Documents\我的工作\Day_汉化\mod\Languages\ChineseSimplified\DefInjected\BodyPartDefDefs\BodyParts_Humanlike.xml (3 条翻译)
2025-06-18 03:52:57,542 - INFO - 保存 XML 文件: C:\Users\q8476\Documents\我的工作\Day_汉化\mod\Languages\ChineseSimplified\DefInjected\BodyPartDefDefs\BodyParts_Mech.xml
2025-06-18 03:52:57,542 - INFO - 生成 DefInjected 文件: C:\Users\q8476\Documents\我的工作\Day_汉化\mod\Languages\ChineseSimplified\DefInjected\BodyPartDefDefs\BodyParts_Mech.xml (1 条翻译)
2025-06-18 03:52:57,545 - INFO - 保存 XML 文件: C:\Users\q8476\Documents\我的工作\Day_汉化\mod\Languages\ChineseSimplified\DefInjected\BodyPartTagDefDefs\BodyPartTags_FertilitySource.xml
2025-06-18 03:52:57,545 - INFO - 生成 DefInjected 文件: C:\Users\q8476\Documents\我的工作\Day_汉化\mod\Languages\ChineseSimplified\DefInjected\BodyPartTagDefDefs\BodyPartTags_FertilitySource.xml (2 条翻译)
2025-06-18 03:52:57,548 - INFO - 保存 XML 文件: C:\Users\q8476\Documents\我的工作\Day_汉化\mod\Languages\ChineseSimplified\DefInjected\PartSizeConfigDefDefs\PartSizeConfigs.xml
2025-06-18 03:52:57,548 - INFO - 生成 DefInjected 文件: C:\Users\q8476\Documents\我的工作\Day_汉化\mod\Languages\ChineseSimplified\DefInjected\PartSizeConfigDefDefs\PartSizeConfigs.xml (4 条翻译)
2025-06-18 03:52:57,551 - INFO - 保存 XML 文件: C:\Users\q8476\Documents\我的工作\Day_汉化\mod\Languages\ChineseSimplified\DefInjected\ThingDefDefs\Aphrodisiac.xml
2025-06-18 03:52:57,551 - INFO - 生成 DefInjected 文件: C:\Users\q8476\Documents\我的工作\Day_汉化\mod\Languages\ChineseSimplified\DefInjected\ThingDefDefs\Aphrodisiac.xml (2 条翻译)
2025-06-18 03:52:57,554 - INFO - 保存 XML 文件: C:\Users\q8476\Documents\我的工作\Day_汉化\mod\Languages\ChineseSimplified\DefInjected\ThingDefDefs\Contraceptive.xml
2025-06-18 03:52:57,554 - INFO - 生成 DefInjected 文件: C:\Users\q8476\Documents\我的工作\Day_汉化\mod\Languages\ChineseSimplified\DefInjected\ThingDefDefs\Contraceptive.xml (5 条翻译)
2025-06-18 03:52:57,557 - INFO - 保存 XML 文件: C:\Users\q8476\Documents\我的工作\Day_汉化\mod\Languages\ChineseSimplified\DefInjected\ThingDefDefs\FertPill.xml
2025-06-18 03:52:57,557 - INFO - 生成 DefInjected 文件: C:\Users\q8476\Documents\我的工作\Day_汉化\mod\Languages\ChineseSimplified\DefInjected\ThingDefDefs\FertPill.xml (5 条翻译)
2025-06-18 03:52:57,561 - INFO - 保存 XML 文件: C:\Users\q8476\Documents\我的工作\Day_汉化\mod\Languages\ChineseSimplified\DefInjected\ThingDefDefs\Humpshroom.xml
2025-06-18 03:52:57,562 - INFO - 生成 DefInjected 文件: C:\Users\q8476\Documents\我的工作\Day_汉化\mod\Languages\ChineseSimplified\DefInjected\ThingDefDefs\Humpshroom.xml (18 条翻译)
2025-06-18 03:52:57,565 - INFO - 保存 XML 文件: C:\Users\q8476\Documents\我的工作\Day_汉化\mod\Languages\ChineseSimplified\DefInjected\HediffDefDefs\Hediffs_Bondage.xml
2025-06-18 03:52:57,565 - INFO - 生成 DefInjected 文件: C:\Users\q8476\Documents\我的工作\Day_汉化\mod\Languages\ChineseSimplified\DefInjected\HediffDefDefs\Hediffs_Bondage.xml (15 条翻译)
2025-06-18 03:52:57,568 - INFO - 保存 XML 文件: C:\Users\q8476\Documents\我的工作\Day_汉化\mod\Languages\ChineseSimplified\DefInjected\HediffDef_InsectEggDefs\Hediffs_EnemyImplants.xml
2025-06-18 03:52:57,569 - INFO - 生成 DefInjected 文件: C:\Users\q8476\Documents\我的工作\Day_汉化\mod\Languages\ChineseSimplified\DefInjected\HediffDef_InsectEggDefs\Hediffs_EnemyImplants.xml (3 条翻译)
2025-06-18 03:52:57,572 - INFO - 保存 XML 文件: C:\Users\q8476\Documents\我的工作\Day_汉化\mod\Languages\ChineseSimplified\DefInjected\HediffDefDefs\Hediffs_FeelingBroken.xml
2025-06-18 03:52:57,572 - INFO - 生成 DefInjected 文件: C:\Users\q8476\Documents\我的工作\Day_汉化\mod\Languages\ChineseSimplified\DefInjected\HediffDefDefs\Hediffs_FeelingBroken.xml (6 条翻译)
2025-06-18 03:52:57,575 - INFO - 保存 XML 文件: C:\Users\q8476\Documents\我的工作\Day_汉化\mod\Languages\ChineseSimplified\DefInjected\HediffDefDefs\Hediffs_Fertility.xml
2025-06-18 03:52:57,575 - INFO - 生成 DefInjected 文件: C:\Users\q8476\Documents\我的工作\Day_汉化\mod\Languages\ChineseSimplified\DefInjected\HediffDefDefs\Hediffs_Fertility.xml (10 条翻译)
2025-06-18 03:52:57,578 - INFO - 保存 XML 文件: C:\Users\q8476\Documents\我的工作\Day_汉化\mod\Languages\ChineseSimplified\DefInjected\HediffDefDefs\Hediffs_MCEvents.xml
2025-06-18 03:52:57,578 - INFO - 生成 DefInjected 文件: C:\Users\q8476\Documents\我的工作\Day_汉化\mod\Languages\ChineseSimplified\DefInjected\HediffDefDefs\Hediffs_MCEvents.xml (7 条翻译)
2025-06-18 03:52:57,581 - INFO - 保存 XML 文件: C:\Users\q8476\Documents\我的工作\Day_汉化\mod\Languages\ChineseSimplified\DefInjected\HediffDefDefs\Hediffs_Other.xml
2025-06-18 03:52:57,581 - INFO - 生成 DefInjected 文件: C:\Users\q8476\Documents\我的工作\Day_汉化\mod\Languages\ChineseSimplified\DefInjected\HediffDefDefs\Hediffs_Other.xml (3 条翻译)
2025-06-18 03:52:57,584 - INFO - 保存 XML 文件: C:\Users\q8476\Documents\我的工作\Day_汉化\mod\Languages\ChineseSimplified\DefInjected\HediffDefDefs\Hediffs_Paraphilia.xml
2025-06-18 03:52:57,584 - INFO - 生成 DefInjected 文件: C:\Users\q8476\Documents\我的工作\Day_汉化\mod\Languages\ChineseSimplified\DefInjected\HediffDefDefs\Hediffs_Paraphilia.xml (8 条翻译)
2025-06-18 03:52:57,588 - INFO - 保存 XML 文件: C:\Users\q8476\Documents\我的工作\Day_汉化\mod\Languages\ChineseSimplified\DefInjected\HediffDefDefs\Hediffs_SimpleBaby.xml
2025-06-18 03:52:57,588 - INFO - 生成 DefInjected 文件: C:\Users\q8476\Documents\我的工作\Day_汉化\mod\Languages\ChineseSimplified\DefInjected\HediffDefDefs\Hediffs_SimpleBaby.xml (7 条翻译)
2025-06-18 03:52:57,591 - INFO - 保存 XML 文件: C:\Users\q8476\Documents\我的工作\Day_汉化\mod\Languages\ChineseSimplified\DefInjected\HediffDefDefs\Hediffs_Sterilized.xml
2025-06-18 03:52:57,591 - INFO - 生成 DefInjected 文件: C:\Users\q8476\Documents\我的工作\Day_汉化\mod\Languages\ChineseSimplified\DefInjected\HediffDefDefs\Hediffs_Sterilized.xml (2 条翻译)
2025-06-18 03:52:57,594 - INFO - 保存 XML 文件: C:\Users\q8476\Documents\我的工作\Day_汉化\mod\Languages\ChineseSimplified\DefInjected\HediffDefDefs\Hediffs_Submitting.xml
2025-06-18 03:52:57,594 - INFO - 生成 DefInjected 文件: C:\Users\q8476\Documents\我的工作\Day_汉化\mod\Languages\ChineseSimplified\DefInjected\HediffDefDefs\Hediffs_Submitting.xml (4 条翻译)
2025-06-18 03:52:57,597 - INFO - 保存 XML 文件: C:\Users\q8476\Documents\我的工作\Day_汉化\mod\Languages\ChineseSimplified\DefInjected\HediffDefDefs\Hediffs_Transgender.xml
2025-06-18 03:52:57,597 - INFO - 生成 DefInjected 文件: C:\Users\q8476\Documents\我的工作\Day_汉化\mod\Languages\ChineseSimplified\DefInjected\HediffDefDefs\Hediffs_Transgender.xml (16 条翻译)
2025-06-18 03:52:57,600 - INFO - 保存 XML 文件: C:\Users\q8476\Documents\我的工作\Day_汉化\mod\Languages\ChineseSimplified\DefInjected\HistoryEventDefDefs\HistoryEventDefs.xml
2025-06-18 03:52:57,600 - INFO - 生成 DefInjected 文件: C:\Users\q8476\Documents\我的工作\Day_汉化\mod\Languages\ChineseSimplified\DefInjected\HistoryEventDefDefs\HistoryEventDefs.xml (1 条翻译)
2025-06-18 03:52:57,604 - INFO - 保存 XML 文件: C:\Users\q8476\Documents\我的工作\Day_汉化\mod\Languages\ChineseSimplified\DefInjected\IncidentDefDefs\Incidents_Nymph.xml
2025-06-18 03:52:57,604 - INFO - 生成 DefInjected 文件: C:\Users\q8476\Documents\我的工作\Day_汉化\mod\Languages\ChineseSimplified\DefInjected\IncidentDefDefs\Incidents_Nymph.xml (4 条翻译)
2025-06-18 03:52:57,608 - INFO - 保存 XML 文件: C:\Users\q8476\Documents\我的工作\Day_汉化\mod\Languages\ChineseSimplified\DefInjected\InteractionDefDefs\Interactions_Dialogue.xml
2025-06-18 03:52:57,608 - INFO - 生成 DefInjected 文件: C:\Users\q8476\Documents\我的工作\Day_汉化\mod\Languages\ChineseSimplified\DefInjected\InteractionDefDefs\Interactions_Dialogue.xml (33 条翻译)
2025-06-18 03:52:57,611 - INFO - 保存 XML 文件: C:\Users\q8476\Documents\我的工作\Day_汉化\mod\Languages\ChineseSimplified\DefInjected\InteractionDefDefs\RJW_Interaction template.xml
2025-06-18 03:52:57,611 - INFO - 生成 DefInjected 文件: C:\Users\q8476\Documents\我的工作\Day_汉化\mod\Languages\ChineseSimplified\DefInjected\InteractionDefDefs\RJW_Interaction template.xml (3 条翻译)
2025-06-18 03:52:57,614 - INFO - 保存 XML 文件: C:\Users\q8476\Documents\我的工作\Day_汉化\mod\Languages\ChineseSimplified\DefInjected\JobDefDefs\Jobs_Bestiality.xml
2025-06-18 03:52:57,614 - INFO - 生成 DefInjected 文件: C:\Users\q8476\Documents\我的工作\Day_汉化\mod\Languages\ChineseSimplified\DefInjected\JobDefDefs\Jobs_Bestiality.xml (5 条翻译)
2025-06-18 03:52:57,617 - INFO - 保存 XML 文件: C:\Users\q8476\Documents\我的工作\Day_汉化\mod\Languages\ChineseSimplified\DefInjected\JobDefDefs\Jobs_Biotech.xml
2025-06-18 03:52:57,617 - INFO - 生成 DefInjected 文件: C:\Users\q8476\Documents\我的工作\Day_汉化\mod\Languages\ChineseSimplified\DefInjected\JobDefDefs\Jobs_Biotech.xml (1 条翻译)
2025-06-18 03:52:57,621 - INFO - 保存 XML 文件: C:\Users\q8476\Documents\我的工作\Day_汉化\mod\Languages\ChineseSimplified\DefInjected\JobDefDefs\Jobs_Bondage.xml
2025-06-18 03:52:57,621 - INFO - 生成 DefInjected 文件: C:\Users\q8476\Documents\我的工作\Day_汉化\mod\Languages\ChineseSimplified\DefInjected\JobDefDefs\Jobs_Bondage.xml (3 条翻译)
2025-06-18 03:52:57,623 - INFO - 保存 XML 文件: C:\Users\q8476\Documents\我的工作\Day_汉化\mod\Languages\ChineseSimplified\DefInjected\JobDefDefs\Jobs_Knotted.xml
2025-06-18 03:52:57,624 - INFO - 生成 DefInjected 文件: C:\Users\q8476\Documents\我的工作\Day_汉化\mod\Languages\ChineseSimplified\DefInjected\JobDefDefs\Jobs_Knotted.xml (1 条翻译)
2025-06-18 03:52:57,626 - INFO - 保存 XML 文件: C:\Users\q8476\Documents\我的工作\Day_汉化\mod\Languages\ChineseSimplified\DefInjected\JobDefDefs\Jobs_Masturbate.xml
2025-06-18 03:52:57,626 - INFO - 生成 DefInjected 文件: C:\Users\q8476\Documents\我的工作\Day_汉化\mod\Languages\ChineseSimplified\DefInjected\JobDefDefs\Jobs_Masturbate.xml (1 条翻译)
2025-06-18 03:52:57,629 - INFO - 保存 XML 文件: C:\Users\q8476\Documents\我的工作\Day_汉化\mod\Languages\ChineseSimplified\DefInjected\JobDefDefs\Jobs_Necro.xml
2025-06-18 03:52:57,629 - INFO - 生成 DefInjected 文件: C:\Users\q8476\Documents\我的工作\Day_汉化\mod\Languages\ChineseSimplified\DefInjected\JobDefDefs\Jobs_Necro.xml (1 条翻译)
2025-06-18 03:52:57,632 - INFO - 保存 XML 文件: C:\Users\q8476\Documents\我的工作\Day_汉化\mod\Languages\ChineseSimplified\DefInjected\JobDefDefs\Jobs_Quickie.xml
2025-06-18 03:52:57,632 - INFO - 生成 DefInjected 文件: C:\Users\q8476\Documents\我的工作\Day_汉化\mod\Languages\ChineseSimplified\DefInjected\JobDefDefs\Jobs_Quickie.xml (2 条翻译)
2025-06-18 03:52:57,636 - INFO - 保存 XML 文件: C:\Users\q8476\Documents\我的工作\Day_汉化\mod\Languages\ChineseSimplified\DefInjected\JobDefDefs\Jobs_Rape.xml
2025-06-18 03:52:57,636 - INFO - 生成 DefInjected 文件: C:\Users\q8476\Documents\我的工作\Day_汉化\mod\Languages\ChineseSimplified\DefInjected\JobDefDefs\Jobs_Rape.xml (8 条翻译)
2025-06-18 03:52:57,639 - INFO - 保存 XML 文件: C:\Users\q8476\Documents\我的工作\Day_汉化\mod\Languages\ChineseSimplified\DefInjected\JobDefDefs\Jobs_Sex.xml
2025-06-18 03:52:57,639 - INFO - 生成 DefInjected 文件: C:\Users\q8476\Documents\我的工作\Day_汉化\mod\Languages\ChineseSimplified\DefInjected\JobDefDefs\Jobs_Sex.xml (4 条翻译)
2025-06-18 03:52:57,642 - INFO - 保存 XML 文件: C:\Users\q8476\Documents\我的工作\Day_汉化\mod\Languages\ChineseSimplified\DefInjected\MeditationFocusDefDefs\MeditationFocuses.xml
2025-06-18 03:52:57,642 - INFO - 生成 DefInjected 文件: C:\Users\q8476\Documents\我的工作\Day_汉化\mod\Languages\ChineseSimplified\DefInjected\MeditationFocusDefDefs\MeditationFocuses.xml (1 条翻译)
2025-06-18 03:52:57,645 - INFO - 保存 XML 文件: C:\Users\q8476\Documents\我的工作\Day_汉化\mod\Languages\ChineseSimplified\DefInjected\SexualMentalStateDefDefs\MentalState_Rape.xml
2025-06-18 03:52:57,645 - INFO - 生成 DefInjected 文件: C:\Users\q8476\Documents\我的工作\Day_汉化\mod\Languages\ChineseSimplified\DefInjected\SexualMentalStateDefDefs\MentalState_Rape.xml (1 条翻译)
2025-06-18 03:52:57,648 - INFO - 保存 XML 文件: C:\Users\q8476\Documents\我的工作\Day_汉化\mod\Languages\ChineseSimplified\DefInjected\StatCategoryDefDefs\StatCategoryDefs.xml
2025-06-18 03:52:57,648 - INFO - 生成 DefInjected 文件: C:\Users\q8476\Documents\我的工作\Day_汉化\mod\Languages\ChineseSimplified\DefInjected\StatCategoryDefDefs\StatCategoryDefs.xml (1 条翻译)
2025-06-18 03:52:57,652 - INFO - 保存 XML 文件: C:\Users\q8476\Documents\我的工作\Day_汉化\mod\Languages\ChineseSimplified\DefInjected\MiscTranslationDefDefs\MiscTranslationDefs.xml
2025-06-18 03:52:57,652 - INFO - 生成 DefInjected 文件: C:\Users\q8476\Documents\我的工作\Day_汉化\mod\Languages\ChineseSimplified\DefInjected\MiscTranslationDefDefs\MiscTranslationDefs.xml (12 条翻译)
2025-06-18 03:52:57,656 - INFO - 保存 XML 文件: C:\Users\q8476\Documents\我的工作\Day_汉化\mod\Languages\ChineseSimplified\DefInjected\NeedDefDefs\Needs_Sex.xml
2025-06-18 03:52:57,656 - INFO - 生成 DefInjected 文件: C:\Users\q8476\Documents\我的工作\Day_汉化\mod\Languages\ChineseSimplified\DefInjected\NeedDefDefs\Needs_Sex.xml (2 条翻译)
2025-06-18 03:52:57,659 - INFO - 保存 XML 文件: C:\Users\q8476\Documents\我的工作\Day_汉化\mod\Languages\ChineseSimplified\DefInjected\PawnCapacityDefDefs\PawnCapacity_Fertility.xml
2025-06-18 03:52:57,659 - INFO - 生成 DefInjected 文件: C:\Users\q8476\Documents\我的工作\Day_汉化\mod\Languages\ChineseSimplified\DefInjected\PawnCapacityDefDefs\PawnCapacity_Fertility.xml (1 条翻译)
2025-06-18 03:52:57,662 - INFO - 保存 XML 文件: C:\Users\q8476\Documents\我的工作\Day_汉化\mod\Languages\ChineseSimplified\DefInjected\PawnKindDefDefs\PawnKind_Nymph.xml
2025-06-18 03:52:57,662 - INFO - 生成 DefInjected 文件: C:\Users\q8476\Documents\我的工作\Day_汉化\mod\Languages\ChineseSimplified\DefInjected\PawnKindDefDefs\PawnKind_Nymph.xml (1 条翻译)
2025-06-18 03:52:57,665 - INFO - 保存 XML 文件: C:\Users\q8476\Documents\我的工作\Day_汉化\mod\Languages\ChineseSimplified\DefInjected\PawnRelationDefDefs\PawnRelations_Beast.xml
2025-06-18 03:52:57,665 - INFO - 生成 DefInjected 文件: C:\Users\q8476\Documents\我的工作\Day_汉化\mod\Languages\ChineseSimplified\DefInjected\PawnRelationDefDefs\PawnRelations_Beast.xml (16 条翻译)
2025-06-18 03:52:57,668 - INFO - 保存 XML 文件: C:\Users\q8476\Documents\我的工作\Day_汉化\mod\Languages\ChineseSimplified\DefInjected\SexFluidDefDefs\CustomRaceParts.xml
2025-06-18 03:52:57,668 - INFO - 生成 DefInjected 文件: C:\Users\q8476\Documents\我的工作\Day_汉化\mod\Languages\ChineseSimplified\DefInjected\SexFluidDefDefs\CustomRaceParts.xml (1 条翻译)
2025-06-18 03:52:57,673 - INFO - 保存 XML 文件: C:\Users\q8476\Documents\我的工作\Day_汉化\mod\Languages\ChineseSimplified\DefInjected\RecipeDefDefs\Recipes_Abortion.xml
2025-06-18 03:52:57,673 - INFO - 生成 DefInjected 文件: C:\Users\q8476\Documents\我的工作\Day_汉化\mod\Languages\ChineseSimplified\DefInjected\RecipeDefDefs\Recipes_Abortion.xml (5 条翻译)
2025-06-18 03:52:57,676 - INFO - 保存 XML 文件: C:\Users\q8476\Documents\我的工作\Day_汉化\mod\Languages\ChineseSimplified\DefInjected\RecipeDefDefs\Recipes_ClaimChild.xml
2025-06-18 03:52:57,676 - INFO - 生成 DefInjected 文件: C:\Users\q8476\Documents\我的工作\Day_汉化\mod\Languages\ChineseSimplified\DefInjected\RecipeDefDefs\Recipes_ClaimChild.xml (3 条翻译)
2025-06-18 03:52:57,679 - INFO - 保存 XML 文件: C:\Users\q8476\Documents\我的工作\Day_汉化\mod\Languages\ChineseSimplified\DefInjected\RecipeDefDefs\Recipes_DeterminePaternity.xml
2025-06-18 03:52:57,679 - INFO - 生成 DefInjected 文件: C:\Users\q8476\Documents\我的工作\Day_汉化\mod\Languages\ChineseSimplified\DefInjected\RecipeDefDefs\Recipes_DeterminePaternity.xml (3 条翻译)
2025-06-18 03:52:57,681 - INFO - 保存 XML 文件: C:\Users\q8476\Documents\我的工作\Day_汉化\mod\Languages\ChineseSimplified\DefInjected\RecipeDefDefs\Recipes_DeterminePregnancy.xml
2025-06-18 03:52:57,682 - INFO - 生成 DefInjected 文件: C:\Users\q8476\Documents\我的工作\Day_汉化\mod\Languages\ChineseSimplified\DefInjected\RecipeDefDefs\Recipes_DeterminePregnancy.xml (3 条翻译)
2025-06-18 03:52:57,685 - INFO - 保存 XML 文件: C:\Users\q8476\Documents\我的工作\Day_汉化\mod\Languages\ChineseSimplified\DefInjected\RecipeDefDefs\Recipes_MakeBondageGear.xml
2025-06-18 03:52:57,685 - INFO - 生成 DefInjected 文件: C:\Users\q8476\Documents\我的工作\Day_汉化\mod\Languages\ChineseSimplified\DefInjected\RecipeDefDefs\Recipes_MakeBondageGear.xml (6 条翻译)
2025-06-18 03:52:57,689 - INFO - 保存 XML 文件: C:\Users\q8476\Documents\我的工作\Day_汉化\mod\Languages\ChineseSimplified\DefInjected\RecipeDefDefs\Recipes_MakeProsthetics.xml
2025-06-18 03:52:57,689 - INFO - 生成 DefInjected 文件: C:\Users\q8476\Documents\我的工作\Day_汉化\mod\Languages\ChineseSimplified\DefInjected\RecipeDefDefs\Recipes_MakeProsthetics.xml (27 条翻译)
2025-06-18 03:52:57,692 - INFO - 保存 XML 文件: C:\Users\q8476\Documents\我的工作\Day_汉化\mod\Languages\ChineseSimplified\DefInjected\RecipeDefDefs\Recipes_RemoveEnemyImplants.xml
2025-06-18 03:52:57,692 - INFO - 生成 DefInjected 文件: C:\Users\q8476\Documents\我的工作\Day_汉化\mod\Languages\ChineseSimplified\DefInjected\RecipeDefDefs\Recipes_RemoveEnemyImplants.xml (6 条翻译)
2025-06-18 03:52:57,696 - INFO - 保存 XML 文件: C:\Users\q8476\Documents\我的工作\Day_汉化\mod\Languages\ChineseSimplified\DefInjected\RecipeDefDefs\Recipes_Surgery_Artificial parts.xml
2025-06-18 03:52:57,696 - INFO - 生成 DefInjected 文件: C:\Users\q8476\Documents\我的工作\Day_汉化\mod\Languages\ChineseSimplified\DefInjected\RecipeDefDefs\Recipes_Surgery_Artificial parts.xml (36 条翻译)
2025-06-18 03:52:57,699 - INFO - 保存 XML 文件: C:\Users\q8476\Documents\我的工作\Day_汉化\mod\Languages\ChineseSimplified\DefInjected\RecipeDefDefs\Recipes_Surgery_Artificial_Multiparts.xml
2025-06-18 03:52:57,699 - INFO - 生成 DefInjected 文件: C:\Users\q8476\Documents\我的工作\Day_汉化\mod\Languages\ChineseSimplified\DefInjected\RecipeDefDefs\Recipes_Surgery_Artificial_Multiparts.xml (11 条翻译)
2025-06-18 03:52:57,702 - INFO - 保存 XML 文件: C:\Users\q8476\Documents\我的工作\Day_汉化\mod\Languages\ChineseSimplified\DefInjected\RecipeDefDefs\Recipes_Surgery_Fertility.xml
2025-06-18 03:52:57,703 - INFO - 生成 DefInjected 文件: C:\Users\q8476\Documents\我的工作\Day_汉化\mod\Languages\ChineseSimplified\DefInjected\RecipeDefDefs\Recipes_Surgery_Fertility.xml (9 条翻译)
2025-06-18 03:52:57,706 - INFO - 保存 XML 文件: C:\Users\q8476\Documents\我的工作\Day_汉化\mod\Languages\ChineseSimplified\DefInjected\RecipeDefDefs\Recipes_Surgery_Misc.xml
2025-06-18 03:52:57,706 - INFO - 生成 DefInjected 文件: C:\Users\q8476\Documents\我的工作\Day_汉化\mod\Languages\ChineseSimplified\DefInjected\RecipeDefDefs\Recipes_Surgery_Misc.xml (3 条翻译)
2025-06-18 03:52:57,709 - INFO - 保存 XML 文件: C:\Users\q8476\Documents\我的工作\Day_汉化\mod\Languages\ChineseSimplified\DefInjected\RecipeDefDefs\Recipes_Surgery_Natural parts.xml
2025-06-18 03:52:57,709 - INFO - 生成 DefInjected 文件: C:\Users\q8476\Documents\我的工作\Day_汉化\mod\Languages\ChineseSimplified\DefInjected\RecipeDefDefs\Recipes_Surgery_Natural parts.xml (36 条翻译)
2025-06-18 03:52:57,712 - INFO - 保存 XML 文件: C:\Users\q8476\Documents\我的工作\Day_汉化\mod\Languages\ChineseSimplified\DefInjected\RecipeDefDefs\Recipes_Surgery_Natural_Multiparts.xml
2025-06-18 03:52:57,713 - INFO - 生成 DefInjected 文件: C:\Users\q8476\Documents\我的工作\Day_汉化\mod\Languages\ChineseSimplified\DefInjected\RecipeDefDefs\Recipes_Surgery_Natural_Multiparts.xml (22 条翻译)
2025-06-18 03:52:57,716 - INFO - 保存 XML 文件: C:\Users\q8476\Documents\我的工作\Day_汉化\mod\Languages\ChineseSimplified\DefInjected\RecipeDefDefs\Recipes_Surgery_Remove_Parts.xml
2025-06-18 03:52:57,716 - INFO - 生成 DefInjected 文件: C:\Users\q8476\Documents\我的工作\Day_汉化\mod\Languages\ChineseSimplified\DefInjected\RecipeDefDefs\Recipes_Surgery_Remove_Parts.xml (9 条翻译)
2025-06-18 03:52:57,721 - INFO - 保存 XML 文件: C:\Users\q8476\Documents\我的工作\Day_汉化\mod\Languages\ChineseSimplified\DefInjected\RecordDefDefs\Records.xml
2025-06-18 03:52:57,721 - INFO - 生成 DefInjected 文件: C:\Users\q8476\Documents\我的工作\Day_汉化\mod\Languages\ChineseSimplified\DefInjected\RecordDefDefs\Records.xml (40 条翻译)
2025-06-18 03:52:57,724 - INFO - 保存 XML 文件: C:\Users\q8476\Documents\我的工作\Day_汉化\mod\Languages\ChineseSimplified\DefInjected\MainButtonDefDefs\MainButtons.xml
2025-06-18 03:52:57,724 - INFO - 生成 DefInjected 文件: C:\Users\q8476\Documents\我的工作\Day_汉化\mod\Languages\ChineseSimplified\DefInjected\MainButtonDefDefs\MainButtons.xml (2 条翻译)
2025-06-18 03:52:57,726 - INFO - 保存 XML 文件: C:\Users\q8476\Documents\我的工作\Day_汉化\mod\Languages\ChineseSimplified\DefInjected\PawnTableDefDefs\PawnTableDefs.xml
2025-06-18 03:52:57,727 - INFO - 生成 DefInjected 文件: C:\Users\q8476\Documents\我的工作\Day_汉化\mod\Languages\ChineseSimplified\DefInjected\PawnTableDefDefs\PawnTableDefs.xml (4 条翻译)
2025-06-18 03:52:57,729 - INFO - 保存 XML 文件: C:\Users\q8476\Documents\我的工作\Day_汉化\mod\Languages\ChineseSimplified\DefInjected\RulePackDefDefs\RulePacks_EngravedNames.xml
2025-06-18 03:52:57,730 - INFO - 生成 DefInjected 文件: C:\Users\q8476\Documents\我的工作\Day_汉化\mod\Languages\ChineseSimplified\DefInjected\RulePackDefDefs\RulePacks_EngravedNames.xml (1 条翻译)
2025-06-18 03:52:57,732 - INFO - 保存 XML 文件: C:\Users\q8476\Documents\我的工作\Day_汉化\mod\Languages\ChineseSimplified\DefInjected\RulePackDefDefs\RulePacks_TalkTopics_Sex.xml
2025-06-18 03:52:57,732 - INFO - 生成 DefInjected 文件: C:\Users\q8476\Documents\我的工作\Day_汉化\mod\Languages\ChineseSimplified\DefInjected\RulePackDefDefs\RulePacks_TalkTopics_Sex.xml (8 条翻译)
2025-06-18 03:52:57,736 - INFO - 保存 XML 文件: C:\Users\q8476\Documents\我的工作\Day_汉化\mod\Languages\ChineseSimplified\DefInjected\SexFluidDefDefs\Fluids.xml
2025-06-18 03:52:57,736 - INFO - 生成 DefInjected 文件: C:\Users\q8476\Documents\我的工作\Day_汉化\mod\Languages\ChineseSimplified\DefInjected\SexFluidDefDefs\Fluids.xml (5 条翻译)
2025-06-18 03:52:57,739 - INFO - 保存 XML 文件: C:\Users\q8476\Documents\我的工作\Day_汉化\mod\Languages\ChineseSimplified\DefInjected\StatDefDefs\Stats.xml
2025-06-18 03:52:57,739 - INFO - 生成 DefInjected 文件: C:\Users\q8476\Documents\我的工作\Day_汉化\mod\Languages\ChineseSimplified\DefInjected\StatDefDefs\Stats.xml (6 条翻译)
2025-06-18 03:52:57,742 - INFO - 保存 XML 文件: C:\Users\q8476\Documents\我的工作\Day_汉化\mod\Languages\ChineseSimplified\DefInjected\ThingCategoryDefDefs\ThingCategories.xml
2025-06-18 03:52:57,742 - INFO - 生成 DefInjected 文件: C:\Users\q8476\Documents\我的工作\Day_汉化\mod\Languages\ChineseSimplified\DefInjected\ThingCategoryDefDefs\ThingCategories.xml (1 条翻译)
2025-06-18 03:52:57,745 - INFO - 保存 XML 文件: C:\Users\q8476\Documents\我的工作\Day_汉化\mod\Languages\ChineseSimplified\DefInjected\ThingDefDefs\Birth_Control.xml
2025-06-18 03:52:57,745 - INFO - 生成 DefInjected 文件: C:\Users\q8476\Documents\我的工作\Day_汉化\mod\Languages\ChineseSimplified\DefInjected\ThingDefDefs\Birth_Control.xml (9 条翻译)
2025-06-18 03:52:57,747 - INFO - 保存 XML 文件: C:\Users\q8476\Documents\我的工作\Day_汉化\mod\Languages\ChineseSimplified\DefInjected\ThingDefDefs\Filth_Cum.xml
2025-06-18 03:52:57,747 - INFO - 生成 DefInjected 文件: C:\Users\q8476\Documents\我的工作\Day_汉化\mod\Languages\ChineseSimplified\DefInjected\ThingDefDefs\Filth_Cum.xml (2 条翻译)
2025-06-18 03:52:57,751 - INFO - 保存 XML 文件: C:\Users\q8476\Documents\我的工作\Day_汉化\mod\Languages\ChineseSimplified\DefInjected\ThingDefDefs\Items_Bondage.xml
2025-06-18 03:52:57,752 - INFO - 生成 DefInjected 文件: C:\Users\q8476\Documents\我的工作\Day_汉化\mod\Languages\ChineseSimplified\DefInjected\ThingDefDefs\Items_Bondage.xml (6 条翻译)
2025-06-18 03:52:57,755 - INFO - 保存 XML 文件: C:\Users\q8476\Documents\我的工作\Day_汉化\mod\Languages\ChineseSimplified\DefInjected\ThingDefDefs\Items_Resource_AnimalProduct_Eggs.xml
2025-06-18 03:52:57,755 - INFO - 生成 DefInjected 文件: C:\Users\q8476\Documents\我的工作\Day_汉化\mod\Languages\ChineseSimplified\DefInjected\ThingDefDefs\Items_Resource_AnimalProduct_Eggs.xml (8 条翻译)
2025-06-18 03:52:57,759 - INFO - 保存 XML 文件: C:\Users\q8476\Documents\我的工作\Day_汉化\mod\Languages\ChineseSimplified\DefInjected\ThoughtDefDefs\Thoughts_Bestiality.xml
2025-06-18 03:52:57,759 - INFO - 生成 DefInjected 文件: C:\Users\q8476\Documents\我的工作\Day_汉化\mod\Languages\ChineseSimplified\DefInjected\ThoughtDefDefs\Thoughts_Bestiality.xml (30 条翻译)
2025-06-18 03:52:57,762 - INFO - 保存 XML 文件: C:\Users\q8476\Documents\我的工作\Day_汉化\mod\Languages\ChineseSimplified\DefInjected\ThoughtDefDefs\Thoughts_Bondage.xml
2025-06-18 03:52:57,762 - INFO - 生成 DefInjected 文件: C:\Users\q8476\Documents\我的工作\Day_汉化\mod\Languages\ChineseSimplified\DefInjected\ThoughtDefDefs\Thoughts_Bondage.xml (12 条翻译)
2025-06-18 03:52:57,765 - INFO - 保存 XML 文件: C:\Users\q8476\Documents\我的工作\Day_汉化\mod\Languages\ChineseSimplified\DefInjected\ThoughtDefDefs\Thoughts_Family.xml
2025-06-18 03:52:57,765 - INFO - 生成 DefInjected 文件: C:\Users\q8476\Documents\我的工作\Day_汉化\mod\Languages\ChineseSimplified\DefInjected\ThoughtDefDefs\Thoughts_Family.xml (8 条翻译)
2025-06-18 03:52:57,768 - INFO - 保存 XML 文件: C:\Users\q8476\Documents\我的工作\Day_汉化\mod\Languages\ChineseSimplified\DefInjected\ThoughtDefDefs\Thoughts_Necro.xml
2025-06-18 03:52:57,768 - INFO - 生成 DefInjected 文件: C:\Users\q8476\Documents\我的工作\Day_汉化\mod\Languages\ChineseSimplified\DefInjected\ThoughtDefDefs\Thoughts_Necro.xml (2 条翻译)
2025-06-18 03:52:57,771 - INFO - 保存 XML 文件: C:\Users\q8476\Documents\我的工作\Day_汉化\mod\Languages\ChineseSimplified\DefInjected\ThoughtDefDefs\Thoughts_Quirk.xml
2025-06-18 03:52:57,771 - INFO - 生成 DefInjected 文件: C:\Users\q8476\Documents\我的工作\Day_汉化\mod\Languages\ChineseSimplified\DefInjected\ThoughtDefDefs\Thoughts_Quirk.xml (2 条翻译)
2025-06-18 03:52:57,775 - INFO - 保存 XML 文件: C:\Users\q8476\Documents\我的工作\Day_汉化\mod\Languages\ChineseSimplified\DefInjected\ThoughtDefDefs\Thoughts_Rape.xml
2025-06-18 03:52:57,775 - INFO - 生成 DefInjected 文件: C:\Users\q8476\Documents\我的工作\Day_汉化\mod\Languages\ChineseSimplified\DefInjected\ThoughtDefDefs\Thoughts_Rape.xml (34 条翻译)
2025-06-18 03:52:57,778 - INFO - 保存 XML 文件: C:\Users\q8476\Documents\我的工作\Day_汉化\mod\Languages\ChineseSimplified\DefInjected\ThoughtDefDefs\Thoughts_Sex.xml
2025-06-18 03:52:57,778 - INFO - 生成 DefInjected 文件: C:\Users\q8476\Documents\我的工作\Day_汉化\mod\Languages\ChineseSimplified\DefInjected\ThoughtDefDefs\Thoughts_Sex.xml (10 条翻译)
2025-06-18 03:52:57,783 - INFO - 保存 XML 文件: C:\Users\q8476\Documents\我的工作\Day_汉化\mod\Languages\ChineseSimplified\DefInjected\ThoughtDefDefs\Thoughts_SexChange.xml
2025-06-18 03:52:57,783 - INFO - 生成 DefInjected 文件: C:\Users\q8476\Documents\我的工作\Day_汉化\mod\Languages\ChineseSimplified\DefInjected\ThoughtDefDefs\Thoughts_SexChange.xml (96 条翻译)
2025-06-18 03:52:57,786 - INFO - 保存 XML 文件: C:\Users\q8476\Documents\我的工作\Day_汉化\mod\Languages\ChineseSimplified\DefInjected\ThoughtDefDefs\Thoughts_Virgin.xml
2025-06-18 03:52:57,787 - INFO - 生成 DefInjected 文件: C:\Users\q8476\Documents\我的工作\Day_汉化\mod\Languages\ChineseSimplified\DefInjected\ThoughtDefDefs\Thoughts_Virgin.xml (6 条翻译)
2025-06-18 03:52:57,790 - INFO - 保存 XML 文件: C:\Users\q8476\Documents\我的工作\Day_汉化\mod\Languages\ChineseSimplified\DefInjected\ThoughtDefDefs\Thought_Family_Beast.xml
2025-06-18 03:52:57,790 - INFO - 生成 DefInjected 文件: C:\Users\q8476\Documents\我的工作\Day_汉化\mod\Languages\ChineseSimplified\DefInjected\ThoughtDefDefs\Thought_Family_Beast.xml (60 条翻译)
2025-06-18 03:52:57,793 - INFO - 保存 XML 文件: C:\Users\q8476\Documents\我的工作\Day_汉化\mod\Languages\ChineseSimplified\DefInjected\TraitDefDefs\Traits.xml
2025-06-18 03:52:57,793 - INFO - 生成 DefInjected 文件: C:\Users\q8476\Documents\我的工作\Day_汉化\mod\Languages\ChineseSimplified\DefInjected\TraitDefDefs\Traits.xml (6 条翻译)
2025-06-18 03:52:57,796 - INFO - 保存 XML 文件: C:\Users\q8476\Documents\我的工作\Day_汉化\mod\Languages\ChineseSimplified\DefInjected\TraitDefDefs\Traits_Nymphomaniac.xml
2025-06-18 03:52:57,796 - INFO - 生成 DefInjected 文件: C:\Users\q8476\Documents\我的工作\Day_汉化\mod\Languages\ChineseSimplified\DefInjected\TraitDefDefs\Traits_Nymphomaniac.xml (2 条翻译)
2025-06-18 03:52:57,799 - INFO - 保存 XML 文件: C:\Users\q8476\Documents\我的工作\Day_汉化\mod\Languages\ChineseSimplified\DefInjected\TraitDefDefs\Traits_xSlut.xml
2025-06-18 03:52:57,799 - INFO - 生成 DefInjected 文件: C:\Users\q8476\Documents\我的工作\Day_汉化\mod\Languages\ChineseSimplified\DefInjected\TraitDefDefs\Traits_xSlut.xml (6 条翻译)
2025-06-18 03:52:57,803 - INFO - 保存 XML 文件: C:\Users\q8476\Documents\我的工作\Day_汉化\mod\Languages\ChineseSimplified\DefInjected\ThingDefDefs\Items_BodyParts_Animal.xml
2025-06-18 03:52:57,803 - INFO - 生成 DefInjected 文件: C:\Users\q8476\Documents\我的工作\Day_汉化\mod\Languages\ChineseSimplified\DefInjected\ThingDefDefs\Items_BodyParts_Animal.xml (38 条翻译)
2025-06-18 03:52:57,806 - INFO - 保存 XML 文件: C:\Users\q8476\Documents\我的工作\Day_汉化\mod\Languages\ChineseSimplified\DefInjected\ThingDefDefs\Items_BodyParts_Demon.xml
2025-06-18 03:52:57,806 - INFO - 生成 DefInjected 文件: C:\Users\q8476\Documents\我的工作\Day_汉化\mod\Languages\ChineseSimplified\DefInjected\ThingDefDefs\Items_BodyParts_Demon.xml (8 条翻译)
2025-06-18 03:52:57,809 - INFO - 保存 XML 文件: C:\Users\q8476\Documents\我的工作\Day_汉化\mod\Languages\ChineseSimplified\DefInjected\ThingDefDefs\Items_BodyParts_Human.xml
2025-06-18 03:52:57,809 - INFO - 生成 DefInjected 文件: C:\Users\q8476\Documents\我的工作\Day_汉化\mod\Languages\ChineseSimplified\DefInjected\ThingDefDefs\Items_BodyParts_Human.xml (10 条翻译)
2025-06-18 03:52:57,812 - INFO - 保存 XML 文件: C:\Users\q8476\Documents\我的工作\Day_汉化\mod\Languages\ChineseSimplified\DefInjected\ThingDefDefs\Items_BodyParts_Implants.xml
2025-06-18 03:52:57,812 - INFO - 生成 DefInjected 文件: C:\Users\q8476\Documents\我的工作\Day_汉化\mod\Languages\ChineseSimplified\DefInjected\ThingDefDefs\Items_BodyParts_Implants.xml (26 条翻译)
2025-06-18 03:52:57,815 - INFO - 保存 XML 文件: C:\Users\q8476\Documents\我的工作\Day_汉化\mod\Languages\ChineseSimplified\DefInjected\ThingDefDefs\Items_BodyParts_Insect.xml
2025-06-18 03:52:57,816 - INFO - 生成 DefInjected 文件: C:\Users\q8476\Documents\我的工作\Day_汉化\mod\Languages\ChineseSimplified\DefInjected\ThingDefDefs\Items_BodyParts_Insect.xml (6 条翻译)
2025-06-18 03:52:57,819 - INFO - 保存 XML 文件: C:\Users\q8476\Documents\我的工作\Day_汉化\mod\Languages\ChineseSimplified\DefInjected\ThingDefDefs\Items_BodyParts_Resin.xml
2025-06-18 03:52:57,820 - INFO - 生成 DefInjected 文件: C:\Users\q8476\Documents\我的工作\Day_汉化\mod\Languages\ChineseSimplified\DefInjected\ThingDefDefs\Items_BodyParts_Resin.xml (2 条翻译)
2025-06-18 03:52:57,823 - INFO - 保存 XML 文件: C:\Users\q8476\Documents\我的工作\Day_汉化\mod\Languages\ChineseSimplified\DefInjected\ThingDefDefs\Items_BodyParts_Slime.xml
2025-06-18 03:52:57,823 - INFO - 生成 DefInjected 文件: C:\Users\q8476\Documents\我的工作\Day_汉化\mod\Languages\ChineseSimplified\DefInjected\ThingDefDefs\Items_BodyParts_Slime.xml (2 条翻译)
2025-06-18 03:52:57,826 - INFO - 保存 XML 文件: C:\Users\q8476\Documents\我的工作\Day_汉化\mod\Languages\ChineseSimplified\DefInjected\RulePackDefDefs\RulePacks_Bestiality.xml
2025-06-18 03:52:57,826 - INFO - 生成 DefInjected 文件: C:\Users\q8476\Documents\我的工作\Day_汉化\mod\Languages\ChineseSimplified\DefInjected\RulePackDefDefs\RulePacks_Bestiality.xml (4 条翻译)
2025-06-18 03:52:57,829 - INFO - 保存 XML 文件: C:\Users\q8476\Documents\我的工作\Day_汉化\mod\Languages\ChineseSimplified\DefInjected\RulePackDefDefs\RulePacks_Bestiality_Reverse.xml
2025-06-18 03:52:57,829 - INFO - 生成 DefInjected 文件: C:\Users\q8476\Documents\我的工作\Day_汉化\mod\Languages\ChineseSimplified\DefInjected\RulePackDefDefs\RulePacks_Bestiality_Reverse.xml (8 条翻译)
2025-06-18 03:52:57,832 - INFO - 保存 XML 文件: C:\Users\q8476\Documents\我的工作\Day_汉化\mod\Languages\ChineseSimplified\DefInjected\RulePackDefDefs\RulePacks_Masturbation.xml
2025-06-18 03:52:57,832 - INFO - 生成 DefInjected 文件: C:\Users\q8476\Documents\我的工作\Day_汉化\mod\Languages\ChineseSimplified\DefInjected\RulePackDefDefs\RulePacks_Masturbation.xml (6 条翻译)
2025-06-18 03:52:57,836 - INFO - 保存 XML 文件: C:\Users\q8476\Documents\我的工作\Day_汉化\mod\Languages\ChineseSimplified\DefInjected\RulePackDefDefs\RulePacks_Rape.xml
2025-06-18 03:52:57,836 - INFO - 生成 DefInjected 文件: C:\Users\q8476\Documents\我的工作\Day_汉化\mod\Languages\ChineseSimplified\DefInjected\RulePackDefDefs\RulePacks_Rape.xml (26 条翻译)
2025-06-18 03:52:57,839 - INFO - 保存 XML 文件: C:\Users\q8476\Documents\我的工作\Day_汉化\mod\Languages\ChineseSimplified\DefInjected\RulePackDefDefs\RulePacks_Rape_Reverse.xml
2025-06-18 03:52:57,839 - INFO - 生成 DefInjected 文件: C:\Users\q8476\Documents\我的工作\Day_汉化\mod\Languages\ChineseSimplified\DefInjected\RulePackDefDefs\RulePacks_Rape_Reverse.xml (17 条翻译)
2025-06-18 03:52:57,843 - INFO - 保存 XML 文件: C:\Users\q8476\Documents\我的工作\Day_汉化\mod\Languages\ChineseSimplified\DefInjected\RulePackDefDefs\RulePacks_Oral.xml
2025-06-18 03:52:57,843 - INFO - 生成 DefInjected 文件: C:\Users\q8476\Documents\我的工作\Day_汉化\mod\Languages\ChineseSimplified\DefInjected\RulePackDefDefs\RulePacks_Oral.xml (7 条翻译)
2025-06-18 03:52:57,846 - INFO - 保存 XML 文件: C:\Users\q8476\Documents\我的工作\Day_汉化\mod\Languages\ChineseSimplified\DefInjected\RulePackDefDefs\RulePacks_Reverse_Oral.xml
2025-06-18 03:52:57,846 - INFO - 生成 DefInjected 文件: C:\Users\q8476\Documents\我的工作\Day_汉化\mod\Languages\ChineseSimplified\DefInjected\RulePackDefDefs\RulePacks_Reverse_Oral.xml (6 条翻译)
2025-06-18 03:52:57,849 - INFO - 保存 XML 文件: C:\Users\q8476\Documents\我的工作\Day_汉化\mod\Languages\ChineseSimplified\DefInjected\RulePackDefDefs\RulePacks_Reverse_Sex.xml
2025-06-18 03:52:57,849 - INFO - 生成 DefInjected 文件: C:\Users\q8476\Documents\我的工作\Day_汉化\mod\Languages\ChineseSimplified\DefInjected\RulePackDefDefs\RulePacks_Reverse_Sex.xml (17 条翻译)
2025-06-18 03:52:57,854 - INFO - 保存 XML 文件: C:\Users\q8476\Documents\我的工作\Day_汉化\mod\Languages\ChineseSimplified\DefInjected\RulePackDefDefs\RulePacks_Sex.xml
2025-06-18 03:52:57,854 - INFO - 生成 DefInjected 文件: C:\Users\q8476\Documents\我的工作\Day_汉化\mod\Languages\ChineseSimplified\DefInjected\RulePackDefDefs\RulePacks_Sex.xml (14 条翻译)
2025-06-18 03:52:57,857 - INFO - 保存 XML 文件: C:\Users\q8476\Documents\我的工作\Day_汉化\mod\Languages\ChineseSimplified\DefInjected\InteractionDefDefs\Bestiality_Anal.xml
2025-06-18 03:52:57,857 - INFO - 生成 DefInjected 文件: C:\Users\q8476\Documents\我的工作\Day_汉化\mod\Languages\ChineseSimplified\DefInjected\InteractionDefDefs\Bestiality_Anal.xml (4 条翻译)
2025-06-18 03:52:57,860 - INFO - 保存 XML 文件: C:\Users\q8476\Documents\我的工作\Day_汉化\mod\Languages\ChineseSimplified\DefInjected\InteractionDefDefs\Bestiality_Double_PenetrationM.xml
2025-06-18 03:52:57,860 - INFO - 生成 DefInjected 文件: C:\Users\q8476\Documents\我的工作\Day_汉化\mod\Languages\ChineseSimplified\DefInjected\InteractionDefDefs\Bestiality_Double_PenetrationM.xml (4 条翻译)
2025-06-18 03:52:57,862 - INFO - 保存 XML 文件: C:\Users\q8476\Documents\我的工作\Day_汉化\mod\Languages\ChineseSimplified\DefInjected\InteractionDefDefs\Bestiality_Oral.xml
2025-06-18 03:52:57,862 - INFO - 生成 DefInjected 文件: C:\Users\q8476\Documents\我的工作\Day_汉化\mod\Languages\ChineseSimplified\DefInjected\InteractionDefDefs\Bestiality_Oral.xml (4 条翻译)
2025-06-18 03:52:57,866 - INFO - 保存 XML 文件: C:\Users\q8476\Documents\我的工作\Day_汉化\mod\Languages\ChineseSimplified\DefInjected\InteractionDefDefs\Bestiality_Vaginal.xml
2025-06-18 03:52:57,866 - INFO - 生成 DefInjected 文件: C:\Users\q8476\Documents\我的工作\Day_汉化\mod\Languages\ChineseSimplified\DefInjected\InteractionDefDefs\Bestiality_Vaginal.xml (4 条翻译)
2025-06-18 03:52:57,869 - INFO - 保存 XML 文件: C:\Users\q8476\Documents\我的工作\Day_汉化\mod\Languages\ChineseSimplified\DefInjected\InteractionDefDefs\Masturbation_AutoBreastjob.xml
2025-06-18 03:52:57,870 - INFO - 生成 DefInjected 文件: C:\Users\q8476\Documents\我的工作\Day_汉化\mod\Languages\ChineseSimplified\DefInjected\InteractionDefDefs\Masturbation_AutoBreastjob.xml (4 条翻译)
2025-06-18 03:52:57,872 - INFO - 保存 XML 文件: C:\Users\q8476\Documents\我的工作\Day_汉化\mod\Languages\ChineseSimplified\DefInjected\InteractionDefDefs\Masturbation_AutoFellatio.xml
2025-06-18 03:52:57,872 - INFO - 生成 DefInjected 文件: C:\Users\q8476\Documents\我的工作\Day_汉化\mod\Languages\ChineseSimplified\DefInjected\InteractionDefDefs\Masturbation_AutoFellatio.xml (4 条翻译)
2025-06-18 03:52:57,875 - INFO - 保存 XML 文件: C:\Users\q8476\Documents\我的工作\Day_汉化\mod\Languages\ChineseSimplified\DefInjected\InteractionDefDefs\Masturbation_Breastjob.xml
2025-06-18 03:52:57,875 - INFO - 生成 DefInjected 文件: C:\Users\q8476\Documents\我的工作\Day_汉化\mod\Languages\ChineseSimplified\DefInjected\InteractionDefDefs\Masturbation_Breastjob.xml (4 条翻译)
2025-06-18 03:52:57,878 - INFO - 保存 XML 文件: C:\Users\q8476\Documents\我的工作\Day_汉化\mod\Languages\ChineseSimplified\DefInjected\InteractionDefDefs\Masturbation_HandjobA.xml
2025-06-18 03:52:57,878 - INFO - 生成 DefInjected 文件: C:\Users\q8476\Documents\我的工作\Day_汉化\mod\Languages\ChineseSimplified\DefInjected\InteractionDefDefs\Masturbation_HandjobA.xml (4 条翻译)
2025-06-18 03:52:57,881 - INFO - 保存 XML 文件: C:\Users\q8476\Documents\我的工作\Day_汉化\mod\Languages\ChineseSimplified\DefInjected\InteractionDefDefs\Masturbation_HandjobP.xml
2025-06-18 03:52:57,881 - INFO - 生成 DefInjected 文件: C:\Users\q8476\Documents\我的工作\Day_汉化\mod\Languages\ChineseSimplified\DefInjected\InteractionDefDefs\Masturbation_HandjobP.xml (4 条翻译)
2025-06-18 03:52:57,884 - INFO - 保存 XML 文件: C:\Users\q8476\Documents\我的工作\Day_汉化\mod\Languages\ChineseSimplified\DefInjected\InteractionDefDefs\Masturbation_HandjobV.xml
2025-06-18 03:52:57,884 - INFO - 生成 DefInjected 文件: C:\Users\q8476\Documents\我的工作\Day_汉化\mod\Languages\ChineseSimplified\DefInjected\InteractionDefDefs\Masturbation_HandjobV.xml (4 条翻译)
2025-06-18 03:52:57,888 - INFO - 保存 XML 文件: C:\Users\q8476\Documents\我的工作\Day_汉化\mod\Languages\ChineseSimplified\DefInjected\InteractionDefDefs\Rape_Anal.xml
2025-06-18 03:52:57,888 - INFO - 生成 DefInjected 文件: C:\Users\q8476\Documents\我的工作\Day_汉化\mod\Languages\ChineseSimplified\DefInjected\InteractionDefDefs\Rape_Anal.xml (4 条翻译)
2025-06-18 03:52:57,891 - INFO - 保存 XML 文件: C:\Users\q8476\Documents\我的工作\Day_汉化\mod\Languages\ChineseSimplified\DefInjected\InteractionDefDefs\Rape_Beakjob.xml
2025-06-18 03:52:57,891 - INFO - 生成 DefInjected 文件: C:\Users\q8476\Documents\我的工作\Day_汉化\mod\Languages\ChineseSimplified\DefInjected\InteractionDefDefs\Rape_Beakjob.xml (4 条翻译)
2025-06-18 03:52:57,894 - INFO - 保存 XML 文件: C:\Users\q8476\Documents\我的工作\Day_汉化\mod\Languages\ChineseSimplified\DefInjected\InteractionDefDefs\Rape_Breastjob.xml
2025-06-18 03:52:57,894 - INFO - 生成 DefInjected 文件: C:\Users\q8476\Documents\我的工作\Day_汉化\mod\Languages\ChineseSimplified\DefInjected\InteractionDefDefs\Rape_Breastjob.xml (4 条翻译)
2025-06-18 03:52:57,897 - INFO - 保存 XML 文件: C:\Users\q8476\Documents\我的工作\Day_汉化\mod\Languages\ChineseSimplified\DefInjected\InteractionDefDefs\Rape_Cunnilingus.xml
2025-06-18 03:52:57,897 - INFO - 生成 DefInjected 文件: C:\Users\q8476\Documents\我的工作\Day_汉化\mod\Languages\ChineseSimplified\DefInjected\InteractionDefDefs\Rape_Cunnilingus.xml (4 条翻译)
2025-06-18 03:52:57,900 - INFO - 保存 XML 文件: C:\Users\q8476\Documents\我的工作\Day_汉化\mod\Languages\ChineseSimplified\DefInjected\InteractionDefDefs\Rape_DoublePenetration.xml
2025-06-18 03:52:57,900 - INFO - 生成 DefInjected 文件: C:\Users\q8476\Documents\我的工作\Day_汉化\mod\Languages\ChineseSimplified\DefInjected\InteractionDefDefs\Rape_DoublePenetration.xml (4 条翻译)
2025-06-18 03:52:57,904 - INFO - 保存 XML 文件: C:\Users\q8476\Documents\我的工作\Day_汉化\mod\Languages\ChineseSimplified\DefInjected\InteractionDefDefs\Rape_DoublePenetrationM.xml
2025-06-18 03:52:57,904 - INFO - 生成 DefInjected 文件: C:\Users\q8476\Documents\我的工作\Day_汉化\mod\Languages\ChineseSimplified\DefInjected\InteractionDefDefs\Rape_DoublePenetrationM.xml (4 条翻译)
2025-06-18 03:52:57,907 - INFO - 保存 XML 文件: C:\Users\q8476\Documents\我的工作\Day_汉化\mod\Languages\ChineseSimplified\DefInjected\InteractionDefDefs\Rape_Fellatio.xml
2025-06-18 03:52:57,907 - INFO - 生成 DefInjected 文件: C:\Users\q8476\Documents\我的工作\Day_汉化\mod\Languages\ChineseSimplified\DefInjected\InteractionDefDefs\Rape_Fellatio.xml (4 条翻译)
2025-06-18 03:52:57,910 - INFO - 保存 XML 文件: C:\Users\q8476\Documents\我的工作\Day_汉化\mod\Languages\ChineseSimplified\DefInjected\InteractionDefDefs\Rape_Fingering.xml
2025-06-18 03:52:57,910 - INFO - 生成 DefInjected 文件: C:\Users\q8476\Documents\我的工作\Day_汉化\mod\Languages\ChineseSimplified\DefInjected\InteractionDefDefs\Rape_Fingering.xml (4 条翻译)
2025-06-18 03:52:57,913 - INFO - 保存 XML 文件: C:\Users\q8476\Documents\我的工作\Day_汉化\mod\Languages\ChineseSimplified\DefInjected\InteractionDefDefs\Rape_Fisting.xml
2025-06-18 03:52:57,913 - INFO - 生成 DefInjected 文件: C:\Users\q8476\Documents\我的工作\Day_汉化\mod\Languages\ChineseSimplified\DefInjected\InteractionDefDefs\Rape_Fisting.xml (4 条翻译)
2025-06-18 03:52:57,916 - INFO - 保存 XML 文件: C:\Users\q8476\Documents\我的工作\Day_汉化\mod\Languages\ChineseSimplified\DefInjected\InteractionDefDefs\Rape_Footjob.xml
2025-06-18 03:52:57,916 - INFO - 生成 DefInjected 文件: C:\Users\q8476\Documents\我的工作\Day_汉化\mod\Languages\ChineseSimplified\DefInjected\InteractionDefDefs\Rape_Footjob.xml (4 条翻译)
2025-06-18 03:52:57,920 - INFO - 保存 XML 文件: C:\Users\q8476\Documents\我的工作\Day_汉化\mod\Languages\ChineseSimplified\DefInjected\InteractionDefDefs\Rape_Handjob.xml
2025-06-18 03:52:57,920 - INFO - 生成 DefInjected 文件: C:\Users\q8476\Documents\我的工作\Day_汉化\mod\Languages\ChineseSimplified\DefInjected\InteractionDefDefs\Rape_Handjob.xml (4 条翻译)
2025-06-18 03:52:57,923 - INFO - 保存 XML 文件: C:\Users\q8476\Documents\我的工作\Day_汉化\mod\Languages\ChineseSimplified\DefInjected\InteractionDefDefs\Rape_Oral.xml
2025-06-18 03:52:57,923 - INFO - 生成 DefInjected 文件: C:\Users\q8476\Documents\我的工作\Day_汉化\mod\Languages\ChineseSimplified\DefInjected\InteractionDefDefs\Rape_Oral.xml (4 条翻译)
2025-06-18 03:52:57,927 - INFO - 保存 XML 文件: C:\Users\q8476\Documents\我的工作\Day_汉化\mod\Languages\ChineseSimplified\DefInjected\InteractionDefDefs\Rape_Rimming.xml
2025-06-18 03:52:57,927 - INFO - 生成 DefInjected 文件: C:\Users\q8476\Documents\我的工作\Day_汉化\mod\Languages\ChineseSimplified\DefInjected\InteractionDefDefs\Rape_Rimming.xml (4 条翻译)
2025-06-18 03:52:57,930 - INFO - 保存 XML 文件: C:\Users\q8476\Documents\我的工作\Day_汉化\mod\Languages\ChineseSimplified\DefInjected\InteractionDefDefs\Rape_Scissoring.xml
2025-06-18 03:52:57,930 - INFO - 生成 DefInjected 文件: C:\Users\q8476\Documents\我的工作\Day_汉化\mod\Languages\ChineseSimplified\DefInjected\InteractionDefDefs\Rape_Scissoring.xml (4 条翻译)
2025-06-18 03:52:57,933 - INFO - 保存 XML 文件: C:\Users\q8476\Documents\我的工作\Day_汉化\mod\Languages\ChineseSimplified\DefInjected\InteractionDefDefs\Rape_Vaginal.xml
2025-06-18 03:52:57,933 - INFO - 生成 DefInjected 文件: C:\Users\q8476\Documents\我的工作\Day_汉化\mod\Languages\ChineseSimplified\DefInjected\InteractionDefDefs\Rape_Vaginal.xml (4 条翻译)
2025-06-18 03:52:57,937 - INFO - 保存 XML 文件: C:\Users\q8476\Documents\我的工作\Day_汉化\mod\Languages\ChineseSimplified\DefInjected\InteractionDefDefs\Sex_Anal.xml
2025-06-18 03:52:57,937 - INFO - 生成 DefInjected 文件: C:\Users\q8476\Documents\我的工作\Day_汉化\mod\Languages\ChineseSimplified\DefInjected\InteractionDefDefs\Sex_Anal.xml (4 条翻译)
2025-06-18 03:52:57,940 - INFO - 保存 XML 文件: C:\Users\q8476\Documents\我的工作\Day_汉化\mod\Languages\ChineseSimplified\DefInjected\InteractionDefDefs\Sex_Beakjob.xml
2025-06-18 03:52:57,940 - INFO - 生成 DefInjected 文件: C:\Users\q8476\Documents\我的工作\Day_汉化\mod\Languages\ChineseSimplified\DefInjected\InteractionDefDefs\Sex_Beakjob.xml (4 条翻译)
2025-06-18 03:52:57,942 - INFO - 保存 XML 文件: C:\Users\q8476\Documents\我的工作\Day_汉化\mod\Languages\ChineseSimplified\DefInjected\InteractionDefDefs\Sex_Breastjob.xml
2025-06-18 03:52:57,942 - INFO - 生成 DefInjected 文件: C:\Users\q8476\Documents\我的工作\Day_汉化\mod\Languages\ChineseSimplified\DefInjected\InteractionDefDefs\Sex_Breastjob.xml (4 条翻译)
2025-06-18 03:52:57,945 - INFO - 保存 XML 文件: C:\Users\q8476\Documents\我的工作\Day_汉化\mod\Languages\ChineseSimplified\DefInjected\InteractionDefDefs\Sex_Cunnilingus.xml
2025-06-18 03:52:57,945 - INFO - 生成 DefInjected 文件: C:\Users\q8476\Documents\我的工作\Day_汉化\mod\Languages\ChineseSimplified\DefInjected\InteractionDefDefs\Sex_Cunnilingus.xml (4 条翻译)
2025-06-18 03:52:57,948 - INFO - 保存 XML 文件: C:\Users\q8476\Documents\我的工作\Day_汉化\mod\Languages\ChineseSimplified\DefInjected\InteractionDefDefs\Sex_DoublePenetration.xml
2025-06-18 03:52:57,948 - INFO - 生成 DefInjected 文件: C:\Users\q8476\Documents\我的工作\Day_汉化\mod\Languages\ChineseSimplified\DefInjected\InteractionDefDefs\Sex_DoublePenetration.xml (4 条翻译)
2025-06-18 03:52:57,952 - INFO - 保存 XML 文件: C:\Users\q8476\Documents\我的工作\Day_汉化\mod\Languages\ChineseSimplified\DefInjected\InteractionDefDefs\Sex_DoublePenetrationM.xml
2025-06-18 03:52:57,952 - INFO - 生成 DefInjected 文件: C:\Users\q8476\Documents\我的工作\Day_汉化\mod\Languages\ChineseSimplified\DefInjected\InteractionDefDefs\Sex_DoublePenetrationM.xml (4 条翻译)
2025-06-18 03:52:57,955 - INFO - 保存 XML 文件: C:\Users\q8476\Documents\我的工作\Day_汉化\mod\Languages\ChineseSimplified\DefInjected\InteractionDefDefs\Sex_Fellatio.xml
2025-06-18 03:52:57,955 - INFO - 生成 DefInjected 文件: C:\Users\q8476\Documents\我的工作\Day_汉化\mod\Languages\ChineseSimplified\DefInjected\InteractionDefDefs\Sex_Fellatio.xml (4 条翻译)
2025-06-18 03:52:57,958 - INFO - 保存 XML 文件: C:\Users\q8476\Documents\我的工作\Day_汉化\mod\Languages\ChineseSimplified\DefInjected\InteractionDefDefs\Sex_Fingering.xml
2025-06-18 03:52:57,958 - INFO - 生成 DefInjected 文件: C:\Users\q8476\Documents\我的工作\Day_汉化\mod\Languages\ChineseSimplified\DefInjected\InteractionDefDefs\Sex_Fingering.xml (4 条翻译)
2025-06-18 03:52:57,961 - INFO - 保存 XML 文件: C:\Users\q8476\Documents\我的工作\Day_汉化\mod\Languages\ChineseSimplified\DefInjected\InteractionDefDefs\Sex_Fisting.xml
2025-06-18 03:52:57,961 - INFO - 生成 DefInjected 文件: C:\Users\q8476\Documents\我的工作\Day_汉化\mod\Languages\ChineseSimplified\DefInjected\InteractionDefDefs\Sex_Fisting.xml (4 条翻译)
2025-06-18 03:52:57,964 - INFO - 保存 XML 文件: C:\Users\q8476\Documents\我的工作\Day_汉化\mod\Languages\ChineseSimplified\DefInjected\InteractionDefDefs\Sex_Footjob.xml
2025-06-18 03:52:57,964 - INFO - 生成 DefInjected 文件: C:\Users\q8476\Documents\我的工作\Day_汉化\mod\Languages\ChineseSimplified\DefInjected\InteractionDefDefs\Sex_Footjob.xml (4 条翻译)
2025-06-18 03:52:57,968 - INFO - 保存 XML 文件: C:\Users\q8476\Documents\我的工作\Day_汉化\mod\Languages\ChineseSimplified\DefInjected\InteractionDefDefs\Sex_Handjob.xml
2025-06-18 03:52:57,968 - INFO - 生成 DefInjected 文件: C:\Users\q8476\Documents\我的工作\Day_汉化\mod\Languages\ChineseSimplified\DefInjected\InteractionDefDefs\Sex_Handjob.xml (4 条翻译)
2025-06-18 03:52:57,972 - INFO - 保存 XML 文件: C:\Users\q8476\Documents\我的工作\Day_汉化\mod\Languages\ChineseSimplified\DefInjected\InteractionDefDefs\Sex_MutualMasturbation.xml
2025-06-18 03:52:57,972 - INFO - 生成 DefInjected 文件: C:\Users\q8476\Documents\我的工作\Day_汉化\mod\Languages\ChineseSimplified\DefInjected\InteractionDefDefs\Sex_MutualMasturbation.xml (4 条翻译)
2025-06-18 03:52:57,974 - INFO - 保存 XML 文件: C:\Users\q8476\Documents\我的工作\Day_汉化\mod\Languages\ChineseSimplified\DefInjected\InteractionDefDefs\Sex_Rimming.xml
2025-06-18 03:52:57,975 - INFO - 生成 DefInjected 文件: C:\Users\q8476\Documents\我的工作\Day_汉化\mod\Languages\ChineseSimplified\DefInjected\InteractionDefDefs\Sex_Rimming.xml (4 条翻译)
2025-06-18 03:52:57,978 - INFO - 保存 XML 文件: C:\Users\q8476\Documents\我的工作\Day_汉化\mod\Languages\ChineseSimplified\DefInjected\InteractionDefDefs\Sex_Scissoring.xml
2025-06-18 03:52:57,978 - INFO - 生成 DefInjected 文件: C:\Users\q8476\Documents\我的工作\Day_汉化\mod\Languages\ChineseSimplified\DefInjected\InteractionDefDefs\Sex_Scissoring.xml (4 条翻译)
2025-06-18 03:52:57,981 - INFO - 保存 XML 文件: C:\Users\q8476\Documents\我的工作\Day_汉化\mod\Languages\ChineseSimplified\DefInjected\InteractionDefDefs\Sex_Sixtynine.xml
2025-06-18 03:52:57,981 - INFO - 生成 DefInjected 文件: C:\Users\q8476\Documents\我的工作\Day_汉化\mod\Languages\ChineseSimplified\DefInjected\InteractionDefDefs\Sex_Sixtynine.xml (4 条翻译)
2025-06-18 03:52:57,983 - INFO - 保存 XML 文件: C:\Users\q8476\Documents\我的工作\Day_汉化\mod\Languages\ChineseSimplified\DefInjected\InteractionDefDefs\Sex_Vaginal.xml
2025-06-18 03:52:57,984 - INFO - 生成 DefInjected 文件: C:\Users\q8476\Documents\我的工作\Day_汉化\mod\Languages\ChineseSimplified\DefInjected\InteractionDefDefs\Sex_Vaginal.xml (4 条翻译)
2025-06-18 03:52:57,987 - INFO - 保存 XML 文件: C:\Users\q8476\Documents\我的工作\Day_汉化\mod\Languages\ChineseSimplified\DefInjected\InteractionDefDefs\Sex_Reverse_Anal.xml
2025-06-18 03:52:57,987 - INFO - 生成 DefInjected 文件: C:\Users\q8476\Documents\我的工作\Day_汉化\mod\Languages\ChineseSimplified\DefInjected\InteractionDefDefs\Sex_Reverse_Anal.xml (4 条翻译)
2025-06-18 03:52:57,990 - INFO - 保存 XML 文件: C:\Users\q8476\Documents\我的工作\Day_汉化\mod\Languages\ChineseSimplified\DefInjected\InteractionDefDefs\Sex_Reverse_Beakjob.xml
2025-06-18 03:52:57,991 - INFO - 生成 DefInjected 文件: C:\Users\q8476\Documents\我的工作\Day_汉化\mod\Languages\ChineseSimplified\DefInjected\InteractionDefDefs\Sex_Reverse_Beakjob.xml (4 条翻译)
2025-06-18 03:52:57,994 - INFO - 保存 XML 文件: C:\Users\q8476\Documents\我的工作\Day_汉化\mod\Languages\ChineseSimplified\DefInjected\InteractionDefDefs\Sex_Reverse_Breastjob.xml
2025-06-18 03:52:57,994 - INFO - 生成 DefInjected 文件: C:\Users\q8476\Documents\我的工作\Day_汉化\mod\Languages\ChineseSimplified\DefInjected\InteractionDefDefs\Sex_Reverse_Breastjob.xml (4 条翻译)
2025-06-18 03:52:57,997 - INFO - 保存 XML 文件: C:\Users\q8476\Documents\我的工作\Day_汉化\mod\Languages\ChineseSimplified\DefInjected\InteractionDefDefs\Sex_Reverse_Cunnilingus.xml
2025-06-18 03:52:57,997 - INFO - 生成 DefInjected 文件: C:\Users\q8476\Documents\我的工作\Day_汉化\mod\Languages\ChineseSimplified\DefInjected\InteractionDefDefs\Sex_Reverse_Cunnilingus.xml (4 条翻译)
2025-06-18 03:52:58,001 - INFO - 保存 XML 文件: C:\Users\q8476\Documents\我的工作\Day_汉化\mod\Languages\ChineseSimplified\DefInjected\InteractionDefDefs\Sex_Reverse_DoublePenetration.xml
2025-06-18 03:52:58,001 - INFO - 生成 DefInjected 文件: C:\Users\q8476\Documents\我的工作\Day_汉化\mod\Languages\ChineseSimplified\DefInjected\InteractionDefDefs\Sex_Reverse_DoublePenetration.xml (4 条翻译)
2025-06-18 03:52:58,005 - INFO - 保存 XML 文件: C:\Users\q8476\Documents\我的工作\Day_汉化\mod\Languages\ChineseSimplified\DefInjected\InteractionDefDefs\Sex_Reverse_DoublePenetrationM.xml
2025-06-18 03:52:58,005 - INFO - 生成 DefInjected 文件: C:\Users\q8476\Documents\我的工作\Day_汉化\mod\Languages\ChineseSimplified\DefInjected\InteractionDefDefs\Sex_Reverse_DoublePenetrationM.xml (4 条翻译)
2025-06-18 03:52:58,008 - INFO - 保存 XML 文件: C:\Users\q8476\Documents\我的工作\Day_汉化\mod\Languages\ChineseSimplified\DefInjected\InteractionDefDefs\Sex_Reverse_Fellatio.xml
2025-06-18 03:52:58,008 - INFO - 生成 DefInjected 文件: C:\Users\q8476\Documents\我的工作\Day_汉化\mod\Languages\ChineseSimplified\DefInjected\InteractionDefDefs\Sex_Reverse_Fellatio.xml (4 条翻译)
2025-06-18 03:52:58,011 - INFO - 保存 XML 文件: C:\Users\q8476\Documents\我的工作\Day_汉化\mod\Languages\ChineseSimplified\DefInjected\InteractionDefDefs\Sex_Reverse_Fingering.xml
2025-06-18 03:52:58,011 - INFO - 生成 DefInjected 文件: C:\Users\q8476\Documents\我的工作\Day_汉化\mod\Languages\ChineseSimplified\DefInjected\InteractionDefDefs\Sex_Reverse_Fingering.xml (4 条翻译)
2025-06-18 03:52:58,014 - INFO - 保存 XML 文件: C:\Users\q8476\Documents\我的工作\Day_汉化\mod\Languages\ChineseSimplified\DefInjected\InteractionDefDefs\Sex_Reverse_Fisting.xml
2025-06-18 03:52:58,014 - INFO - 生成 DefInjected 文件: C:\Users\q8476\Documents\我的工作\Day_汉化\mod\Languages\ChineseSimplified\DefInjected\InteractionDefDefs\Sex_Reverse_Fisting.xml (4 条翻译)
2025-06-18 03:52:58,018 - INFO - 保存 XML 文件: C:\Users\q8476\Documents\我的工作\Day_汉化\mod\Languages\ChineseSimplified\DefInjected\InteractionDefDefs\Sex_Reverse_Footjob.xml
2025-06-18 03:52:58,018 - INFO - 生成 DefInjected 文件: C:\Users\q8476\Documents\我的工作\Day_汉化\mod\Languages\ChineseSimplified\DefInjected\InteractionDefDefs\Sex_Reverse_Footjob.xml (4 条翻译)
2025-06-18 03:52:58,022 - INFO - 保存 XML 文件: C:\Users\q8476\Documents\我的工作\Day_汉化\mod\Languages\ChineseSimplified\DefInjected\InteractionDefDefs\Sex_Reverse_Handjob.xml
2025-06-18 03:52:58,022 - INFO - 生成 DefInjected 文件: C:\Users\q8476\Documents\我的工作\Day_汉化\mod\Languages\ChineseSimplified\DefInjected\InteractionDefDefs\Sex_Reverse_Handjob.xml (4 条翻译)
2025-06-18 03:52:58,025 - INFO - 保存 XML 文件: C:\Users\q8476\Documents\我的工作\Day_汉化\mod\Languages\ChineseSimplified\DefInjected\InteractionDefDefs\Sex_Reverse_Rimming.xml
2025-06-18 03:52:58,025 - INFO - 生成 DefInjected 文件: C:\Users\q8476\Documents\我的工作\Day_汉化\mod\Languages\ChineseSimplified\DefInjected\InteractionDefDefs\Sex_Reverse_Rimming.xml (4 条翻译)
2025-06-18 03:52:58,028 - INFO - 保存 XML 文件: C:\Users\q8476\Documents\我的工作\Day_汉化\mod\Languages\ChineseSimplified\DefInjected\InteractionDefDefs\Sex_Reverse_Vaginal.xml
2025-06-18 03:52:58,029 - INFO - 生成 DefInjected 文件: C:\Users\q8476\Documents\我的工作\Day_汉化\mod\Languages\ChineseSimplified\DefInjected\InteractionDefDefs\Sex_Reverse_Vaginal.xml (4 条翻译)
2025-06-18 03:52:58,034 - INFO - 保存 XML 文件: C:\Users\q8476\Documents\我的工作\Day_汉化\mod\Languages\ChineseSimplified\DefInjected\InteractionDefDefs\Necro_Anal.xml
2025-06-18 03:52:58,034 - INFO - 生成 DefInjected 文件: C:\Users\q8476\Documents\我的工作\Day_汉化\mod\Languages\ChineseSimplified\DefInjected\InteractionDefDefs\Necro_Anal.xml (4 条翻译)
2025-06-18 03:52:58,038 - INFO - 保存 XML 文件: C:\Users\q8476\Documents\我的工作\Day_汉化\mod\Languages\ChineseSimplified\DefInjected\InteractionDefDefs\Necro_DoublePenetration.xml
2025-06-18 03:52:58,038 - INFO - 生成 DefInjected 文件: C:\Users\q8476\Documents\我的工作\Day_汉化\mod\Languages\ChineseSimplified\DefInjected\InteractionDefDefs\Necro_DoublePenetration.xml (4 条翻译)
2025-06-18 03:52:58,041 - INFO - 保存 XML 文件: C:\Users\q8476\Documents\我的工作\Day_汉化\mod\Languages\ChineseSimplified\DefInjected\InteractionDefDefs\Necro_DoublePenetrationM.xml
2025-06-18 03:52:58,041 - INFO - 生成 DefInjected 文件: C:\Users\q8476\Documents\我的工作\Day_汉化\mod\Languages\ChineseSimplified\DefInjected\InteractionDefDefs\Necro_DoublePenetrationM.xml (4 条翻译)
2025-06-18 03:52:58,045 - INFO - 保存 XML 文件: C:\Users\q8476\Documents\我的工作\Day_汉化\mod\Languages\ChineseSimplified\DefInjected\InteractionDefDefs\Necro_Vaginal.xml
2025-06-18 03:52:58,045 - INFO - 生成 DefInjected 文件: C:\Users\q8476\Documents\我的工作\Day_汉化\mod\Languages\ChineseSimplified\DefInjected\InteractionDefDefs\Necro_Vaginal.xml (4 条翻译)
2025-06-18 03:52:58,048 - INFO - 保存 XML 文件: C:\Users\q8476\Documents\我的工作\Day_汉化\mod\Languages\ChineseSimplified\DefInjected\InteractionDefDefs\Rape_MechImplant.xml
2025-06-18 03:52:58,049 - INFO - 生成 DefInjected 文件: C:\Users\q8476\Documents\我的工作\Day_汉化\mod\Languages\ChineseSimplified\DefInjected\InteractionDefDefs\Rape_MechImplant.xml (4 条翻译)
2025-06-18 03:52:58,052 - INFO - 保存 XML 文件: C:\Users\q8476\Documents\我的工作\Day_汉化\mod\Languages\ChineseSimplified\DefInjected\InteractionDefDefs\Rape_Reverse_Anal.xml
2025-06-18 03:52:58,052 - INFO - 生成 DefInjected 文件: C:\Users\q8476\Documents\我的工作\Day_汉化\mod\Languages\ChineseSimplified\DefInjected\InteractionDefDefs\Rape_Reverse_Anal.xml (4 条翻译)
2025-06-18 03:52:58,056 - INFO - 保存 XML 文件: C:\Users\q8476\Documents\我的工作\Day_汉化\mod\Languages\ChineseSimplified\DefInjected\InteractionDefDefs\Rape_Reverse_Breastjob.xml
2025-06-18 03:52:58,056 - INFO - 生成 DefInjected 文件: C:\Users\q8476\Documents\我的工作\Day_汉化\mod\Languages\ChineseSimplified\DefInjected\InteractionDefDefs\Rape_Reverse_Breastjob.xml (4 条翻译)
2025-06-18 03:52:58,059 - INFO - 保存 XML 文件: C:\Users\q8476\Documents\我的工作\Day_汉化\mod\Languages\ChineseSimplified\DefInjected\InteractionDefDefs\Rape_Reverse_Cunnilingus.xml
2025-06-18 03:52:58,060 - INFO - 生成 DefInjected 文件: C:\Users\q8476\Documents\我的工作\Day_汉化\mod\Languages\ChineseSimplified\DefInjected\InteractionDefDefs\Rape_Reverse_Cunnilingus.xml (4 条翻译)
2025-06-18 03:52:58,062 - INFO - 保存 XML 文件: C:\Users\q8476\Documents\我的工作\Day_汉化\mod\Languages\ChineseSimplified\DefInjected\InteractionDefDefs\Rape_Reverse_DoublePenetration.xml
2025-06-18 03:52:58,063 - INFO - 生成 DefInjected 文件: C:\Users\q8476\Documents\我的工作\Day_汉化\mod\Languages\ChineseSimplified\DefInjected\InteractionDefDefs\Rape_Reverse_DoublePenetration.xml (4 条翻译)
2025-06-18 03:52:58,066 - INFO - 保存 XML 文件: C:\Users\q8476\Documents\我的工作\Day_汉化\mod\Languages\ChineseSimplified\DefInjected\InteractionDefDefs\Rape_Reverse_DoublePenetrationM.xml
2025-06-18 03:52:58,066 - INFO - 生成 DefInjected 文件: C:\Users\q8476\Documents\我的工作\Day_汉化\mod\Languages\ChineseSimplified\DefInjected\InteractionDefDefs\Rape_Reverse_DoublePenetrationM.xml (4 条翻译)
2025-06-18 03:52:58,070 - INFO - 保存 XML 文件: C:\Users\q8476\Documents\我的工作\Day_汉化\mod\Languages\ChineseSimplified\DefInjected\InteractionDefDefs\Rape_Reverse_Fellatio.xml
2025-06-18 03:52:58,071 - INFO - 生成 DefInjected 文件: C:\Users\q8476\Documents\我的工作\Day_汉化\mod\Languages\ChineseSimplified\DefInjected\InteractionDefDefs\Rape_Reverse_Fellatio.xml (4 条翻译)
2025-06-18 03:52:58,074 - INFO - 保存 XML 文件: C:\Users\q8476\Documents\我的工作\Day_汉化\mod\Languages\ChineseSimplified\DefInjected\InteractionDefDefs\Rape_Reverse_Fingering.xml
2025-06-18 03:52:58,074 - INFO - 生成 DefInjected 文件: C:\Users\q8476\Documents\我的工作\Day_汉化\mod\Languages\ChineseSimplified\DefInjected\InteractionDefDefs\Rape_Reverse_Fingering.xml (4 条翻译)
2025-06-18 03:52:58,077 - INFO - 保存 XML 文件: C:\Users\q8476\Documents\我的工作\Day_汉化\mod\Languages\ChineseSimplified\DefInjected\InteractionDefDefs\Rape_Reverse_Fisting.xml
2025-06-18 03:52:58,077 - INFO - 生成 DefInjected 文件: C:\Users\q8476\Documents\我的工作\Day_汉化\mod\Languages\ChineseSimplified\DefInjected\InteractionDefDefs\Rape_Reverse_Fisting.xml (4 条翻译)
2025-06-18 03:52:58,080 - INFO - 保存 XML 文件: C:\Users\q8476\Documents\我的工作\Day_汉化\mod\Languages\ChineseSimplified\DefInjected\InteractionDefDefs\Rape_Reverse_Footjob.xml
2025-06-18 03:52:58,080 - INFO - 生成 DefInjected 文件: C:\Users\q8476\Documents\我的工作\Day_汉化\mod\Languages\ChineseSimplified\DefInjected\InteractionDefDefs\Rape_Reverse_Footjob.xml (4 条翻译)
2025-06-18 03:52:58,083 - INFO - 保存 XML 文件: C:\Users\q8476\Documents\我的工作\Day_汉化\mod\Languages\ChineseSimplified\DefInjected\InteractionDefDefs\Rape_Reverse_Handjob.xml
2025-06-18 03:52:58,083 - INFO - 生成 DefInjected 文件: C:\Users\q8476\Documents\我的工作\Day_汉化\mod\Languages\ChineseSimplified\DefInjected\InteractionDefDefs\Rape_Reverse_Handjob.xml (4 条翻译)
2025-06-18 03:52:58,087 - INFO - 保存 XML 文件: C:\Users\q8476\Documents\我的工作\Day_汉化\mod\Languages\ChineseSimplified\DefInjected\InteractionDefDefs\Rape_Reverse_Rimming.xml
2025-06-18 03:52:58,088 - INFO - 生成 DefInjected 文件: C:\Users\q8476\Documents\我的工作\Day_汉化\mod\Languages\ChineseSimplified\DefInjected\InteractionDefDefs\Rape_Reverse_Rimming.xml (4 条翻译)
2025-06-18 03:52:58,091 - INFO - 保存 XML 文件: C:\Users\q8476\Documents\我的工作\Day_汉化\mod\Languages\ChineseSimplified\DefInjected\InteractionDefDefs\Rape_Reverse_Scissoring.xml
2025-06-18 03:52:58,091 - INFO - 生成 DefInjected 文件: C:\Users\q8476\Documents\我的工作\Day_汉化\mod\Languages\ChineseSimplified\DefInjected\InteractionDefDefs\Rape_Reverse_Scissoring.xml (4 条翻译)
2025-06-18 03:52:58,095 - INFO - 保存 XML 文件: C:\Users\q8476\Documents\我的工作\Day_汉化\mod\Languages\ChineseSimplified\DefInjected\InteractionDefDefs\Rape_Reverse_Vaginal.xml
2025-06-18 03:52:58,095 - INFO - 生成 DefInjected 文件: C:\Users\q8476\Documents\我的工作\Day_汉化\mod\Languages\ChineseSimplified\DefInjected\InteractionDefDefs\Rape_Reverse_Vaginal.xml (4 条翻译)
2025-06-18 03:52:58,099 - INFO - 保存 XML 文件: C:\Users\q8476\Documents\我的工作\Day_汉化\mod\Languages\ChineseSimplified\DefInjected\InteractionDefDefs\Necro_Reverse_Anal.xml
2025-06-18 03:52:58,099 - INFO - 生成 DefInjected 文件: C:\Users\q8476\Documents\我的工作\Day_汉化\mod\Languages\ChineseSimplified\DefInjected\InteractionDefDefs\Necro_Reverse_Anal.xml (4 条翻译)
2025-06-18 03:52:58,103 - INFO - 保存 XML 文件: C:\Users\q8476\Documents\我的工作\Day_汉化\mod\Languages\ChineseSimplified\DefInjected\InteractionDefDefs\Necro_Reverse_DoublePenetration.xml
2025-06-18 03:52:58,103 - INFO - 生成 DefInjected 文件: C:\Users\q8476\Documents\我的工作\Day_汉化\mod\Languages\ChineseSimplified\DefInjected\InteractionDefDefs\Necro_Reverse_DoublePenetration.xml (4 条翻译)
2025-06-18 03:52:58,107 - INFO - 保存 XML 文件: C:\Users\q8476\Documents\我的工作\Day_汉化\mod\Languages\ChineseSimplified\DefInjected\InteractionDefDefs\Necro_Reverse_DoublePenetrationM.xml
2025-06-18 03:52:58,107 - INFO - 生成 DefInjected 文件: C:\Users\q8476\Documents\我的工作\Day_汉化\mod\Languages\ChineseSimplified\DefInjected\InteractionDefDefs\Necro_Reverse_DoublePenetrationM.xml (4 条翻译)
2025-06-18 03:52:58,111 - INFO - 保存 XML 文件: C:\Users\q8476\Documents\我的工作\Day_汉化\mod\Languages\ChineseSimplified\DefInjected\InteractionDefDefs\Necro_Reverse_Vaginal.xml
2025-06-18 03:52:58,111 - INFO - 生成 DefInjected 文件: C:\Users\q8476\Documents\我的工作\Day_汉化\mod\Languages\ChineseSimplified\DefInjected\InteractionDefDefs\Necro_Reverse_Vaginal.xml (4 条翻译)
2025-06-18 03:52:58,117 - INFO - 保存 XML 文件: C:\Users\q8476\Documents\我的工作\Day_汉化\mod\Languages\ChineseSimplified\DefInjected\InteractionDefDefs\Bestiality_Reverse_Anal.xml
2025-06-18 03:52:58,117 - INFO - 生成 DefInjected 文件: C:\Users\q8476\Documents\我的工作\Day_汉化\mod\Languages\ChineseSimplified\DefInjected\InteractionDefDefs\Bestiality_Reverse_Anal.xml (4 条翻译)
2025-06-18 03:52:58,123 - INFO - 保存 XML 文件: C:\Users\q8476\Documents\我的工作\Day_汉化\mod\Languages\ChineseSimplified\DefInjected\InteractionDefDefs\Bestiality_Reverse_Double_PenetrationM.xml
2025-06-18 03:52:58,123 - INFO - 生成 DefInjected 文件: C:\Users\q8476\Documents\我的工作\Day_汉化\mod\Languages\ChineseSimplified\DefInjected\InteractionDefDefs\Bestiality_Reverse_Double_PenetrationM.xml (4 条翻译)
2025-06-18 03:52:58,127 - INFO - 保存 XML 文件: C:\Users\q8476\Documents\我的工作\Day_汉化\mod\Languages\ChineseSimplified\DefInjected\InteractionDefDefs\Bestiality_Reverse_Handjob.xml
2025-06-18 03:52:58,127 - INFO - 生成 DefInjected 文件: C:\Users\q8476\Documents\我的工作\Day_汉化\mod\Languages\ChineseSimplified\DefInjected\InteractionDefDefs\Bestiality_Reverse_Handjob.xml (4 条翻译)
2025-06-18 03:52:58,131 - INFO - 保存 XML 文件: C:\Users\q8476\Documents\我的工作\Day_汉化\mod\Languages\ChineseSimplified\DefInjected\InteractionDefDefs\Bestiality_Reverse_Oral.xml
2025-06-18 03:52:58,131 - INFO - 生成 DefInjected 文件: C:\Users\q8476\Documents\我的工作\Day_汉化\mod\Languages\ChineseSimplified\DefInjected\InteractionDefDefs\Bestiality_Reverse_Oral.xml (4 条翻译)
2025-06-18 03:52:58,136 - INFO - 保存 XML 文件: C:\Users\q8476\Documents\我的工作\Day_汉化\mod\Languages\ChineseSimplified\DefInjected\InteractionDefDefs\Bestiality_Reverse_Oral_Service.xml
2025-06-18 03:52:58,136 - INFO - 生成 DefInjected 文件: C:\Users\q8476\Documents\我的工作\Day_汉化\mod\Languages\ChineseSimplified\DefInjected\InteractionDefDefs\Bestiality_Reverse_Oral_Service.xml (4 条翻译)
2025-06-18 03:52:58,140 - INFO - 保存 XML 文件: C:\Users\q8476\Documents\我的工作\Day_汉化\mod\Languages\ChineseSimplified\DefInjected\InteractionDefDefs\Bestiality_Reverse_Vaginal.xml
2025-06-18 03:52:58,140 - INFO - 生成 DefInjected 文件: C:\Users\q8476\Documents\我的工作\Day_汉化\mod\Languages\ChineseSimplified\DefInjected\InteractionDefDefs\Bestiality_Reverse_Vaginal.xml (4 条翻译)
2025-06-18 03:52:58,144 - INFO - 保存 XML 文件: C:\Users\q8476\Documents\我的工作\Day_汉化\mod\Languages\ChineseSimplified\DefInjected\HediffDef_SexPartDefs\Hediffs_PrivateParts.xml
2025-06-18 03:52:58,145 - INFO - 生成 DefInjected 文件: C:\Users\q8476\Documents\我的工作\Day_汉化\mod\Languages\ChineseSimplified\DefInjected\HediffDef_SexPartDefs\Hediffs_PrivateParts.xml (12 条翻译)
2025-06-18 03:52:58,150 - INFO - 保存 XML 文件: C:\Users\q8476\Documents\我的工作\Day_汉化\mod\Languages\ChineseSimplified\DefInjected\HediffDef_SexPartDefs\Hediffs_PrivateParts_Animal.xml
2025-06-18 03:52:58,151 - INFO - 生成 DefInjected 文件: C:\Users\q8476\Documents\我的工作\Day_汉化\mod\Languages\ChineseSimplified\DefInjected\HediffDef_SexPartDefs\Hediffs_PrivateParts_Animal.xml (57 条翻译)
2025-06-18 03:52:58,155 - INFO - 保存 XML 文件: C:\Users\q8476\Documents\我的工作\Day_汉化\mod\Languages\ChineseSimplified\DefInjected\HediffDef_SexPartDefs\Hediffs_PrivateParts_Demon.xml
2025-06-18 03:52:58,155 - INFO - 生成 DefInjected 文件: C:\Users\q8476\Documents\我的工作\Day_汉化\mod\Languages\ChineseSimplified\DefInjected\HediffDef_SexPartDefs\Hediffs_PrivateParts_Demon.xml (12 条翻译)
2025-06-18 03:52:58,159 - INFO - 保存 XML 文件: C:\Users\q8476\Documents\我的工作\Day_汉化\mod\Languages\ChineseSimplified\DefInjected\HediffDef_SexPartDefs\Hediffs_PrivateParts_Human.xml
2025-06-18 03:52:58,160 - INFO - 生成 DefInjected 文件: C:\Users\q8476\Documents\我的工作\Day_汉化\mod\Languages\ChineseSimplified\DefInjected\HediffDef_SexPartDefs\Hediffs_PrivateParts_Human.xml (15 条翻译)
2025-06-18 03:52:58,170 - INFO - 保存 XML 文件: C:\Users\q8476\Documents\我的工作\Day_汉化\mod\Languages\ChineseSimplified\DefInjected\HediffDef_SexPartDefs\Hediffs_PrivateParts_Implants.xml
2025-06-18 03:52:58,170 - INFO - 生成 DefInjected 文件: C:\Users\q8476\Documents\我的工作\Day_汉化\mod\Languages\ChineseSimplified\DefInjected\HediffDef_SexPartDefs\Hediffs_PrivateParts_Implants.xml (131 条翻译)
2025-06-18 03:52:58,174 - INFO - 保存 XML 文件: C:\Users\q8476\Documents\我的工作\Day_汉化\mod\Languages\ChineseSimplified\DefInjected\HediffDef_SexPartDefs\Hediffs_PrivateParts_Insect.xml
2025-06-18 03:52:58,174 - INFO - 生成 DefInjected 文件: C:\Users\q8476\Documents\我的工作\Day_汉化\mod\Languages\ChineseSimplified\DefInjected\HediffDef_SexPartDefs\Hediffs_PrivateParts_Insect.xml (9 条翻译)
2025-06-18 03:52:58,178 - INFO - 保存 XML 文件: C:\Users\q8476\Documents\我的工作\Day_汉化\mod\Languages\ChineseSimplified\DefInjected\HediffDef_SexPartDefs\Hediffs_PrivateParts_Resin.xml
2025-06-18 03:52:58,178 - INFO - 生成 DefInjected 文件: C:\Users\q8476\Documents\我的工作\Day_汉化\mod\Languages\ChineseSimplified\DefInjected\HediffDef_SexPartDefs\Hediffs_PrivateParts_Resin.xml (12 条翻译)
2025-06-18 03:52:58,182 - INFO - 保存 XML 文件: C:\Users\q8476\Documents\我的工作\Day_汉化\mod\Languages\ChineseSimplified\DefInjected\HediffDef_SexPartDefs\Hediffs_PrivateParts_Slime.xml
2025-06-18 03:52:58,183 - INFO - 生成 DefInjected 文件: C:\Users\q8476\Documents\我的工作\Day_汉化\mod\Languages\ChineseSimplified\DefInjected\HediffDef_SexPartDefs\Hediffs_PrivateParts_Slime.xml (12 条翻译)
2025-06-18 03:52:58,183 - INFO - 生成 1590 条 DefInjected 模板（按Defs结构）
2025-06-18 03:52:58,200 - INFO - 翻译数据已保存到CSV: C:\Users\q8476\Documents\我的工作\Day_汉化\mod\translations.csv
2025-06-18 03:52:58,200 - INFO - 模板生成完成，总计 2131 条翻译
